2025-03-12 11:23:37,381 [INFO] USER:sanne_sanjana handlers.py:106:syndicate LOG: Configuration used: C:\Users\sanne_sanjana\Desktop\AWS\.syndicate-config-dev
2025-03-12 11:23:39,631 [WARNING] USER:sanne_sanjana __init__.py:190:initialize_project_state LOG: [93mConfig is set and generated but project state does not exist, seems that you've come from the previous version.[0m
2025-03-12 11:23:39,631 [WARNING] USER:sanne_sanjana __init__.py:193:initialize_project_state LOG: [93mGenerating project state file (.syndicate) from the existing structure...[0m
2025-03-12 11:23:39,635 [INFO] USER:sanne_sanjana processor.py:143:_prepare_bucket_view LOG: Viewing complement, URIBucketView, has been found, setting up the raw data.
2025-03-12 11:23:41,429 [INFO] USER:sanne_sanjana sync_processor.py:53:sync_project_state LOG: Project state file has been successfully synced
2025-03-12 11:23:53,927 [INFO] USER:sanne_sanjana handlers.py:106:syndicate LOG: Configuration used: C:\Users\sanne_sanjana\Desktop\AWS\.syndicate-config-dev
2025-03-12 11:23:56,150 [INFO] USER:sanne_sanjana processor.py:143:_prepare_bucket_view LOG: Viewing complement, URIBucketView, has been found, setting up the raw data.
2025-03-12 11:23:57,546 [INFO] USER:sanne_sanjana project_state.py:122:get_remote LOG: Unsafely loaded project state file from S3 bucket. The retrieved object has type: dict
2025-03-12 11:23:57,547 [INFO] USER:sanne_sanjana project_state.py:127:get_remote LOG: Made ProjectState object from the dict loaded from S3 bucket
2025-03-12 11:23:57,877 [INFO] USER:sanne_sanjana sync_processor.py:53:sync_project_state LOG: Project state file has been successfully synced
2025-03-12 11:23:57,878 [INFO] USER:sanne_sanjana helper.py:658:check_lambda_name LOG: Validating lambda name: 'sqs_handler'
2025-03-12 11:23:57,878 [INFO] USER:sanne_sanjana helper.py:673:check_lambda_name LOG: Lambda name: 'sqs_handler' passed the validation
2025-03-12 11:23:57,878 [INFO] USER:sanne_sanjana helper.py:647:resolve_project_path LOG: Parameter: 'project_path' wasn't specified. Getting automatically
2025-03-12 11:23:57,880 [INFO] USER:sanne_sanjana helper.py:651:resolve_project_path LOG: Path: 'C:/Users/sanne_sanjana/Desktop/AWS' was assigned to the parameter: 'project_path'
2025-03-12 11:23:57,881 [INFO] USER:sanne_sanjana generate.py:116:lambda_function LOG: Lambda names: ('sqs_handler',)
2025-03-12 11:23:57,881 [INFO] USER:sanne_sanjana generate.py:117:lambda_function LOG: Runtime: java
2025-03-12 11:23:57,882 [INFO] USER:sanne_sanjana generate.py:118:lambda_function LOG: Project path: C:/Users/sanne_sanjana/Desktop/AWS
2025-03-12 11:23:57,884 [INFO] USER:sanne_sanjana project.py:90:_generate_java_project_hierarchy LOG: Generating pom inside C:/Users/sanne_sanjana/Desktop/AWS
2025-03-12 11:23:57,886 [INFO] USER:sanne_sanjana project.py:95:_generate_java_project_hierarchy LOG: Pom file was generated by path: C:/Users/sanne_sanjana/Desktop/AWS\pom.xml
2025-03-12 11:23:57,910 [WARNING] USER:sanne_sanjana lambda_function.py:358:_generate_java_lambdas LOG: The project root 'deployment_resources.json' file is absent. Creating...
2025-03-12 11:23:57,912 [INFO] USER:sanne_sanjana lambda_function.py:374:_generate_java_lambdas LOG: Lambda sqs_handler created
2025-03-12 11:23:57,914 [INFO] USER:sanne_sanjana lambda_function.py:169:generate_lambda_function LOG: Lambda sqs_handler has been successfully added to the project.
2025-03-12 11:23:57,914 [INFO] USER:sanne_sanjana helper.py:330:timed LOG: Stage lambda_function, elapsed time: 0:00:00.034252
2025-03-12 11:24:58,749 [INFO] USER:sanne_sanjana handlers.py:106:syndicate LOG: Configuration used: C:\Users\sanne_sanjana\Desktop\AWS\.syndicate-config-dev
2025-03-12 11:25:00,985 [INFO] USER:sanne_sanjana processor.py:143:_prepare_bucket_view LOG: Viewing complement, URIBucketView, has been found, setting up the raw data.
2025-03-12 11:25:02,324 [INFO] USER:sanne_sanjana project_state.py:122:get_remote LOG: Unsafely loaded project state file from S3 bucket. The retrieved object has type: dict
2025-03-12 11:25:02,324 [INFO] USER:sanne_sanjana project_state.py:127:get_remote LOG: Made ProjectState object from the dict loaded from S3 bucket
2025-03-12 11:25:02,826 [INFO] USER:sanne_sanjana sync_processor.py:53:sync_project_state LOG: Project state file has been successfully synced
2025-03-12 11:25:02,827 [INFO] USER:sanne_sanjana helper.py:647:resolve_project_path LOG: Parameter: 'project_path' wasn't specified. Getting automatically
2025-03-12 11:25:02,827 [INFO] USER:sanne_sanjana helper.py:651:resolve_project_path LOG: Path: 'C:/Users/sanne_sanjana/Desktop/AWS' was assigned to the parameter: 'project_path'
2025-03-12 11:25:02,829 [INFO] USER:sanne_sanjana base_generator.py:223:_validate_resource_name LOG: Validating resource name: 'async_queue'
2025-03-12 11:25:02,829 [INFO] USER:sanne_sanjana base_generator.py:239:_validate_resource_name LOG: Resource name: 'async_queue' passed the validation
2025-03-12 11:25:02,830 [INFO] USER:sanne_sanjana base_generator.py:67:_get_deployment_resources_files LOG: Recursively getting all the deployment_resources.json with root 'C:/Users/sanne_sanjana/Desktop/AWS'
2025-03-12 11:25:03,037 [INFO] USER:sanne_sanjana base_generator.py:87:_find_resources_by_type LOG: Looking for resource 'sqs_queue' in meta
2025-03-12 11:25:03,039 [INFO] USER:sanne_sanjana base_generator.py:93:_find_resources_by_type LOG: Found '{'C:\\Users\\sanne_sanjana\\Desktop\\AWS\\deployment_resources.json': set(), 'C:\\Users\\sanne_sanjana\\Desktop\\AWS\\task05\\deployment_resources.json': set(), 'C:\\Users\\sanne_sanjana\\Desktop\\AWS\\task05\\app\\lambdas\\api_handler\\deployment_resources.json': set(), 'C:\\Users\\sanne_sanjana\\Desktop\\AWS\\task06\\deployment_resources.json': set(), 'C:\\Users\\sanne_sanjana\\Desktop\\AWS\\task06\\app\\lambdas\\audit_producer\\deployment_resources.json': set(), 'C:\\Users\\sanne_sanjana\\Desktop\\AWS\\task07\\deployment_resources.json': set()}' inside with type 'sqs_queue'
2025-03-12 11:25:03,039 [INFO] USER:sanne_sanjana base_generator.py:103:_get_resource_meta_paths LOG: Looking for sqs_queue 'async_queue' in meta...
2025-03-12 11:25:03,039 [INFO] USER:sanne_sanjana base_generator.py:108:_get_resource_meta_paths LOG: Found sqs_queue 'async_queue' in these files: '[]'
2025-03-12 11:25:03,039 [INFO] USER:sanne_sanjana base_generator.py:217:_find_file_with_duplicate LOG: No duplicated sqs_queue with name 'async_queue' was found
2025-03-12 11:25:03,040 [INFO] USER:sanne_sanjana base_generator.py:152:generate_deployment_resource LOG: Generating deployment resources for sqs_queue 'async_queue'
2025-03-12 11:25:03,040 [INFO] USER:sanne_sanjana base_generator.py:160:_generate_resource_configuration LOG: Generating configuration for sqs_queue 'async_queue'
2025-03-12 11:25:03,040 [INFO] USER:sanne_sanjana base_generator.py:37:_resolve_configuration LOG: Resolving not required params...
2025-03-12 11:25:03,040 [INFO] USER:sanne_sanjana base_generator.py:44:_resolve_configuration LOG: Setting default value - the object 'False' of the class '<class 'bool'>' for param 'fifo_queue'
2025-03-12 11:25:03,040 [INFO] USER:sanne_sanjana base_generator.py:53:_resolve_configuration LOG: Setting default value '30' for param 'visibility_timeout'
2025-03-12 11:25:03,040 [INFO] USER:sanne_sanjana base_generator.py:53:_resolve_configuration LOG: Setting default value '0' for param 'delay_seconds'
2025-03-12 11:25:03,040 [INFO] USER:sanne_sanjana base_generator.py:53:_resolve_configuration LOG: Setting default value '1024' for param 'maximum_message_size'
2025-03-12 11:25:03,040 [INFO] USER:sanne_sanjana base_generator.py:53:_resolve_configuration LOG: Setting default value '60' for param 'message_retention_period'
2025-03-12 11:25:03,040 [INFO] USER:sanne_sanjana base_generator.py:53:_resolve_configuration LOG: Setting default value '0' for param 'receive_message_wait_time_seconds'
2025-03-12 11:25:03,040 [INFO] USER:sanne_sanjana base_generator.py:44:_resolve_configuration LOG: Setting default value - the object '{}' of the class '<class 'dict'>' for param 'policy'
2025-03-12 11:25:03,040 [INFO] USER:sanne_sanjana base_generator.py:37:_resolve_configuration LOG: Resolving not required params...
2025-03-12 11:25:03,041 [INFO] USER:sanne_sanjana base_generator.py:53:_resolve_configuration LOG: Setting default value 'False' for param 'content_based_deduplication'
2025-03-12 11:25:03,041 [INFO] USER:sanne_sanjana base_generator.py:44:_resolve_configuration LOG: Setting default value - the object '{}' of the class '<class 'dict'>' for param 'tags'
2025-03-12 11:25:03,041 [INFO] USER:sanne_sanjana base_generator.py:202:write LOG: Writing deployment resources for sqs_queue 'async_queue' to the file 'C:\Users\sanne_sanjana\Desktop\AWS\deployment_resources.json'
2025-03-12 11:25:03,042 [INFO] USER:sanne_sanjana meta.py:687:sqs_queue LOG: SQS queue 'async_queue' was added successfully
2025-03-12 11:25:03,042 [INFO] USER:sanne_sanjana helper.py:330:timed LOG: Stage sqs_queue, elapsed time: 0:00:00.213793
2025-03-12 11:25:32,767 [INFO] USER:sanne_sanjana handlers.py:106:syndicate LOG: Configuration used: C:\Users\sanne_sanjana\Desktop\AWS\.syndicate-config-dev
2025-03-12 11:25:34,961 [INFO] USER:sanne_sanjana processor.py:143:_prepare_bucket_view LOG: Viewing complement, URIBucketView, has been found, setting up the raw data.
2025-03-12 11:25:36,389 [INFO] USER:sanne_sanjana project_state.py:122:get_remote LOG: Unsafely loaded project state file from S3 bucket. The retrieved object has type: dict
2025-03-12 11:25:36,389 [INFO] USER:sanne_sanjana project_state.py:127:get_remote LOG: Made ProjectState object from the dict loaded from S3 bucket
2025-03-12 11:25:36,828 [INFO] USER:sanne_sanjana sync_processor.py:53:sync_project_state LOG: Project state file has been successfully synced
2025-03-12 11:25:36,829 [INFO] USER:sanne_sanjana helper.py:658:check_lambda_name LOG: Validating lambda name: 'sns_handler'
2025-03-12 11:25:36,829 [INFO] USER:sanne_sanjana helper.py:673:check_lambda_name LOG: Lambda name: 'sns_handler' passed the validation
2025-03-12 11:25:36,829 [INFO] USER:sanne_sanjana helper.py:647:resolve_project_path LOG: Parameter: 'project_path' wasn't specified. Getting automatically
2025-03-12 11:25:36,830 [INFO] USER:sanne_sanjana helper.py:651:resolve_project_path LOG: Path: 'C:/Users/sanne_sanjana/Desktop/AWS' was assigned to the parameter: 'project_path'
2025-03-12 11:25:36,831 [INFO] USER:sanne_sanjana generate.py:116:lambda_function LOG: Lambda names: ('sns_handler',)
2025-03-12 11:25:36,832 [INFO] USER:sanne_sanjana generate.py:117:lambda_function LOG: Runtime: java
2025-03-12 11:25:36,832 [INFO] USER:sanne_sanjana generate.py:118:lambda_function LOG: Project path: C:/Users/sanne_sanjana/Desktop/AWS
2025-03-12 11:25:36,835 [INFO] USER:sanne_sanjana project.py:97:_generate_java_project_hierarchy LOG: Pom file inside C:/Users/sanne_sanjana/Desktop/AWS already exists
2025-03-12 11:25:36,840 [INFO] USER:sanne_sanjana lambda_function.py:374:_generate_java_lambdas LOG: Lambda sns_handler created
2025-03-12 11:25:36,842 [INFO] USER:sanne_sanjana lambda_function.py:169:generate_lambda_function LOG: Lambda sns_handler has been successfully added to the project.
2025-03-12 11:25:36,842 [INFO] USER:sanne_sanjana helper.py:330:timed LOG: Stage lambda_function, elapsed time: 0:00:00.011679
2025-03-12 11:27:53,996 [INFO] USER:sanne_sanjana handlers.py:106:syndicate LOG: Configuration used: C:\Users\sanne_sanjana\Desktop\AWS\.syndicate-config-dev
2025-03-12 11:27:56,187 [INFO] USER:sanne_sanjana processor.py:143:_prepare_bucket_view LOG: Viewing complement, URIBucketView, has been found, setting up the raw data.
2025-03-12 11:27:57,470 [INFO] USER:sanne_sanjana project_state.py:122:get_remote LOG: Unsafely loaded project state file from S3 bucket. The retrieved object has type: dict
2025-03-12 11:27:57,470 [INFO] USER:sanne_sanjana project_state.py:127:get_remote LOG: Made ProjectState object from the dict loaded from S3 bucket
2025-03-12 11:27:57,880 [INFO] USER:sanne_sanjana sync_processor.py:53:sync_project_state LOG: Project state file has been successfully synced
2025-03-12 11:27:57,881 [INFO] USER:sanne_sanjana helper.py:647:resolve_project_path LOG: Parameter: 'project_path' wasn't specified. Getting automatically
2025-03-12 11:27:57,881 [INFO] USER:sanne_sanjana helper.py:651:resolve_project_path LOG: Path: 'C:/Users/sanne_sanjana/Desktop/AWS' was assigned to the parameter: 'project_path'
2025-03-12 11:28:09,687 [INFO] USER:sanne_sanjana handlers.py:106:syndicate LOG: Configuration used: C:\Users\sanne_sanjana\Desktop\AWS\.syndicate-config-dev
2025-03-12 11:28:11,892 [INFO] USER:sanne_sanjana processor.py:143:_prepare_bucket_view LOG: Viewing complement, URIBucketView, has been found, setting up the raw data.
2025-03-12 11:28:13,090 [INFO] USER:sanne_sanjana project_state.py:122:get_remote LOG: Unsafely loaded project state file from S3 bucket. The retrieved object has type: dict
2025-03-12 11:28:13,090 [INFO] USER:sanne_sanjana project_state.py:127:get_remote LOG: Made ProjectState object from the dict loaded from S3 bucket
2025-03-12 11:28:13,429 [INFO] USER:sanne_sanjana sync_processor.py:53:sync_project_state LOG: Project state file has been successfully synced
2025-03-12 11:28:13,430 [INFO] USER:sanne_sanjana helper.py:647:resolve_project_path LOG: Parameter: 'project_path' wasn't specified. Getting automatically
2025-03-12 11:28:13,431 [INFO] USER:sanne_sanjana helper.py:651:resolve_project_path LOG: Path: 'C:/Users/sanne_sanjana/Desktop/AWS' was assigned to the parameter: 'project_path'
2025-03-12 11:28:42,692 [INFO] USER:sanne_sanjana handlers.py:106:syndicate LOG: Configuration used: C:\Users\sanne_sanjana\Desktop\AWS\.syndicate-config-dev
2025-03-12 11:28:44,887 [INFO] USER:sanne_sanjana processor.py:143:_prepare_bucket_view LOG: Viewing complement, URIBucketView, has been found, setting up the raw data.
2025-03-12 11:28:46,165 [INFO] USER:sanne_sanjana project_state.py:122:get_remote LOG: Unsafely loaded project state file from S3 bucket. The retrieved object has type: dict
2025-03-12 11:28:46,165 [INFO] USER:sanne_sanjana project_state.py:127:get_remote LOG: Made ProjectState object from the dict loaded from S3 bucket
2025-03-12 11:28:46,573 [INFO] USER:sanne_sanjana sync_processor.py:53:sync_project_state LOG: Project state file has been successfully synced
2025-03-12 11:28:46,574 [INFO] USER:sanne_sanjana helper.py:647:resolve_project_path LOG: Parameter: 'project_path' wasn't specified. Getting automatically
2025-03-12 11:28:46,574 [INFO] USER:sanne_sanjana helper.py:651:resolve_project_path LOG: Path: 'C:/Users/sanne_sanjana/Desktop/AWS' was assigned to the parameter: 'project_path'
2025-03-12 11:28:46,575 [INFO] USER:sanne_sanjana helper.py:503:convert LOG: Checking whether us-east-1 is a valid region...
2025-03-12 11:28:46,575 [INFO] USER:sanne_sanjana helper.py:508:convert LOG: Value 'us-east-1' is a valid region, returning..
2025-03-12 11:28:46,576 [INFO] USER:sanne_sanjana base_generator.py:223:_validate_resource_name LOG: Validating resource name: 'lambda_topic'
2025-03-12 11:28:46,576 [INFO] USER:sanne_sanjana base_generator.py:239:_validate_resource_name LOG: Resource name: 'lambda_topic' passed the validation
2025-03-12 11:28:46,576 [INFO] USER:sanne_sanjana base_generator.py:67:_get_deployment_resources_files LOG: Recursively getting all the deployment_resources.json with root 'C:/Users/sanne_sanjana/Desktop/AWS'
2025-03-12 11:28:46,741 [INFO] USER:sanne_sanjana base_generator.py:87:_find_resources_by_type LOG: Looking for resource 'sns_topic' in meta
2025-03-12 11:28:46,743 [INFO] USER:sanne_sanjana base_generator.py:93:_find_resources_by_type LOG: Found '{'C:\\Users\\sanne_sanjana\\Desktop\\AWS\\deployment_resources.json': set(), 'C:\\Users\\sanne_sanjana\\Desktop\\AWS\\task05\\deployment_resources.json': set(), 'C:\\Users\\sanne_sanjana\\Desktop\\AWS\\task05\\app\\lambdas\\api_handler\\deployment_resources.json': set(), 'C:\\Users\\sanne_sanjana\\Desktop\\AWS\\task06\\deployment_resources.json': set(), 'C:\\Users\\sanne_sanjana\\Desktop\\AWS\\task06\\app\\lambdas\\audit_producer\\deployment_resources.json': set(), 'C:\\Users\\sanne_sanjana\\Desktop\\AWS\\task07\\deployment_resources.json': set()}' inside with type 'sns_topic'
2025-03-12 11:28:46,743 [INFO] USER:sanne_sanjana base_generator.py:103:_get_resource_meta_paths LOG: Looking for sns_topic 'lambda_topic' in meta...
2025-03-12 11:28:46,743 [INFO] USER:sanne_sanjana base_generator.py:108:_get_resource_meta_paths LOG: Found sns_topic 'lambda_topic' in these files: '[]'
2025-03-12 11:28:46,743 [INFO] USER:sanne_sanjana base_generator.py:217:_find_file_with_duplicate LOG: No duplicated sns_topic with name 'lambda_topic' was found
2025-03-12 11:28:46,743 [INFO] USER:sanne_sanjana base_generator.py:152:generate_deployment_resource LOG: Generating deployment resources for sns_topic 'lambda_topic'
2025-03-12 11:28:46,744 [INFO] USER:sanne_sanjana base_generator.py:160:_generate_resource_configuration LOG: Generating configuration for sns_topic 'lambda_topic'
2025-03-12 11:28:46,744 [INFO] USER:sanne_sanjana base_generator.py:37:_resolve_configuration LOG: Resolving not required params...
2025-03-12 11:28:46,744 [INFO] USER:sanne_sanjana base_generator.py:57:_resolve_configuration LOG: Setting given value 'us-east-1' for param 'region'
2025-03-12 11:28:46,744 [INFO] USER:sanne_sanjana base_generator.py:44:_resolve_configuration LOG: Setting default value - the object '[]' of the class '<class 'list'>' for param 'event_sources'
2025-03-12 11:28:46,744 [INFO] USER:sanne_sanjana base_generator.py:44:_resolve_configuration LOG: Setting default value - the object '{}' of the class '<class 'dict'>' for param 'tags'
2025-03-12 11:28:46,744 [INFO] USER:sanne_sanjana base_generator.py:202:write LOG: Writing deployment resources for sns_topic 'lambda_topic' to the file 'C:\Users\sanne_sanjana\Desktop\AWS\deployment_resources.json'
2025-03-12 11:28:46,746 [INFO] USER:sanne_sanjana meta.py:489:sns_topic LOG: SNS topic 'lambda_topic' was added successfully
2025-03-12 11:28:46,746 [INFO] USER:sanne_sanjana helper.py:330:timed LOG: Stage sns_topic, elapsed time: 0:00:00.170400
2025-03-12 11:30:42,532 [INFO] USER:sanne_sanjana handlers.py:106:syndicate LOG: Configuration used: C:\Users\sanne_sanjana\Desktop\AWS\.syndicate-config-dev
2025-03-12 11:30:44,772 [INFO] USER:sanne_sanjana processor.py:143:_prepare_bucket_view LOG: Viewing complement, URIBucketView, has been found, setting up the raw data.
2025-03-12 11:30:46,572 [INFO] USER:sanne_sanjana project_state.py:122:get_remote LOG: Unsafely loaded project state file from S3 bucket. The retrieved object has type: dict
2025-03-12 11:30:46,572 [INFO] USER:sanne_sanjana project_state.py:127:get_remote LOG: Made ProjectState object from the dict loaded from S3 bucket
2025-03-12 11:30:46,924 [INFO] USER:sanne_sanjana sync_processor.py:53:sync_project_state LOG: Project state file has been successfully synced
2025-03-12 11:30:46,925 [INFO] USER:sanne_sanjana helper.py:647:resolve_project_path LOG: Parameter: 'project_path' wasn't specified. Getting automatically
2025-03-12 11:30:46,925 [INFO] USER:sanne_sanjana helper.py:651:resolve_project_path LOG: Path: 'C:/Users/sanne_sanjana/Desktop/AWS' was assigned to the parameter: 'project_path'
2025-03-12 11:30:46,927 [INFO] USER:sanne_sanjana s3_resource.py:40:validate_bucket_name LOG: Starting validating bucket name 'mybucket'
2025-03-12 11:30:46,927 [INFO] USER:sanne_sanjana s3_resource.py:73:validate_bucket_name LOG: Finished validating bucket name 'mybucket'
2025-03-12 11:30:46,928 [INFO] USER:sanne_sanjana base_generator.py:223:_validate_resource_name LOG: Validating resource name: 'mybucket'
2025-03-12 11:30:46,928 [INFO] USER:sanne_sanjana base_generator.py:239:_validate_resource_name LOG: Resource name: 'mybucket' passed the validation
2025-03-12 11:30:46,928 [INFO] USER:sanne_sanjana base_generator.py:67:_get_deployment_resources_files LOG: Recursively getting all the deployment_resources.json with root 'C:/Users/sanne_sanjana/Desktop/AWS'
2025-03-12 11:30:47,088 [INFO] USER:sanne_sanjana base_generator.py:87:_find_resources_by_type LOG: Looking for resource 's3_bucket' in meta
2025-03-12 11:30:47,089 [INFO] USER:sanne_sanjana base_generator.py:93:_find_resources_by_type LOG: Found '{'C:\\Users\\sanne_sanjana\\Desktop\\AWS\\deployment_resources.json': set(), 'C:\\Users\\sanne_sanjana\\Desktop\\AWS\\task05\\deployment_resources.json': set(), 'C:\\Users\\sanne_sanjana\\Desktop\\AWS\\task05\\app\\lambdas\\api_handler\\deployment_resources.json': set(), 'C:\\Users\\sanne_sanjana\\Desktop\\AWS\\task06\\deployment_resources.json': set(), 'C:\\Users\\sanne_sanjana\\Desktop\\AWS\\task06\\app\\lambdas\\audit_producer\\deployment_resources.json': set(), 'C:\\Users\\sanne_sanjana\\Desktop\\AWS\\task07\\deployment_resources.json': set()}' inside with type 's3_bucket'
2025-03-12 11:30:47,089 [INFO] USER:sanne_sanjana base_generator.py:103:_get_resource_meta_paths LOG: Looking for s3_bucket 'mybucket' in meta...
2025-03-12 11:30:47,089 [INFO] USER:sanne_sanjana base_generator.py:108:_get_resource_meta_paths LOG: Found s3_bucket 'mybucket' in these files: '[]'
2025-03-12 11:30:47,089 [INFO] USER:sanne_sanjana base_generator.py:217:_find_file_with_duplicate LOG: No duplicated s3_bucket with name 'mybucket' was found
2025-03-12 11:30:47,089 [INFO] USER:sanne_sanjana base_generator.py:152:generate_deployment_resource LOG: Generating deployment resources for s3_bucket 'mybucket'
2025-03-12 11:30:47,090 [INFO] USER:sanne_sanjana base_generator.py:160:_generate_resource_configuration LOG: Generating configuration for s3_bucket 'mybucket'
2025-03-12 11:30:47,090 [INFO] USER:sanne_sanjana base_generator.py:37:_resolve_configuration LOG: Resolving not required params...
2025-03-12 11:30:47,090 [INFO] USER:sanne_sanjana base_generator.py:53:_resolve_configuration LOG: Setting default value 'private' for param 'acl'
2025-03-12 11:30:47,090 [INFO] USER:sanne_sanjana base_generator.py:44:_resolve_configuration LOG: Setting default value - the object '[]' of the class '<class 'list'>' for param 'cors'
2025-03-12 11:30:47,090 [INFO] USER:sanne_sanjana base_generator.py:44:_resolve_configuration LOG: Setting default value - the object '{}' of the class '<class 'dict'>' for param 'policy'
2025-03-12 11:30:47,090 [INFO] USER:sanne_sanjana base_generator.py:37:_resolve_configuration LOG: Resolving not required params...
2025-03-12 11:30:47,090 [INFO] USER:sanne_sanjana base_generator.py:53:_resolve_configuration LOG: Setting default value 'True' for param 'block_public_acls'
2025-03-12 11:30:47,090 [INFO] USER:sanne_sanjana base_generator.py:53:_resolve_configuration LOG: Setting default value 'True' for param 'ignore_public_acls'
2025-03-12 11:30:47,090 [INFO] USER:sanne_sanjana base_generator.py:53:_resolve_configuration LOG: Setting default value 'True' for param 'block_public_policy'
2025-03-12 11:30:47,090 [INFO] USER:sanne_sanjana base_generator.py:53:_resolve_configuration LOG: Setting default value 'True' for param 'restrict_public_buckets'
2025-03-12 11:30:47,090 [INFO] USER:sanne_sanjana base_generator.py:44:_resolve_configuration LOG: Setting default value - the object '{}' of the class '<class 'dict'>' for param 'tags'
2025-03-12 11:30:47,090 [INFO] USER:sanne_sanjana base_generator.py:202:write LOG: Writing deployment resources for s3_bucket 'mybucket' to the file 'C:\Users\sanne_sanjana\Desktop\AWS\deployment_resources.json'
2025-03-12 11:30:47,091 [INFO] USER:sanne_sanjana meta.py:239:s3_bucket LOG: S3 bucket 'mybucket' was added successfully!
2025-03-12 11:30:47,091 [INFO] USER:sanne_sanjana helper.py:330:timed LOG: Stage s3_bucket, elapsed time: 0:00:00.163918
2025-03-12 11:30:53,265 [INFO] USER:sanne_sanjana handlers.py:106:syndicate LOG: Configuration used: C:\Users\sanne_sanjana\Desktop\AWS\.syndicate-config-dev
2025-03-12 11:30:55,469 [INFO] USER:sanne_sanjana processor.py:143:_prepare_bucket_view LOG: Viewing complement, URIBucketView, has been found, setting up the raw data.
2025-03-12 11:30:56,710 [INFO] USER:sanne_sanjana project_state.py:122:get_remote LOG: Unsafely loaded project state file from S3 bucket. The retrieved object has type: dict
2025-03-12 11:30:56,710 [INFO] USER:sanne_sanjana project_state.py:127:get_remote LOG: Made ProjectState object from the dict loaded from S3 bucket
2025-03-12 11:30:57,101 [INFO] USER:sanne_sanjana sync_processor.py:53:sync_project_state LOG: Project state file has been successfully synced
2025-03-12 11:30:58,832 [INFO] USER:sanne_sanjana handlers.py:142:test LOG: Running tests...
2025-03-12 11:30:58,833 [INFO] USER:sanne_sanjana handlers.py:150:test LOG: Tests not found, 'tests' folder is missing in 'C:/Users/sanne_sanjana/Desktop/AWS'.
2025-03-12 11:30:58,834 [INFO] USER:sanne_sanjana helper.py:330:timed LOG: Stage test, elapsed time: 0:00:00.001423
2025-03-12 11:30:58,870 [INFO] USER:sanne_sanjana handlers.py:993:assemble LOG: Building artifacts, bundle: AWS_250312.113057
2025-03-12 11:30:58,871 [INFO] USER:sanne_sanjana project_state.py:396:_update_lambdas_from_path LOG: Going to resolve any lambda names from a given path: C:\Users\sanne_sanjana\Desktop\AWS\jsrc\main\java\com\AWS.
2025-03-12 11:30:58,872 [INFO] USER:sanne_sanjana project_state.py:400:_update_lambdas_from_path LOG: Going to add the following 'java' lambda:'sns_handler' to the pending ProjectState.
2025-03-12 11:30:58,872 [INFO] USER:sanne_sanjana project_state.py:400:_update_lambdas_from_path LOG: Going to add the following 'java' lambda:'sqs_handler' to the pending ProjectState.
2025-03-12 11:30:58,873 [INFO] USER:sanne_sanjana project_state.py:396:_update_lambdas_from_path LOG: Going to resolve any lambda names from a given path: C:\Users\sanne_sanjana\Desktop\AWS\src\lambdas.
2025-03-12 11:30:58,873 [INFO] USER:sanne_sanjana project_state.py:396:_update_lambdas_from_path LOG: Going to resolve any lambda names from a given path: C:\Users\sanne_sanjana\Desktop\AWS\app\lambdas.
2025-03-12 11:30:58,873 [INFO] USER:sanne_sanjana project_state.py:396:_update_lambdas_from_path LOG: Going to resolve any lambda names from a given path: C:\Users\sanne_sanjana\Desktop\AWS\dnapp\lambdas.
2025-03-12 11:30:58,873 [INFO] USER:sanne_sanjana project_state.py:430:_update_bpm_resources_from_path LOG: Going to resolve any build project mapping dependent resources from a given path: C:\Users\sanne_sanjana\Desktop\AWS\swagger_src.
2025-03-12 11:30:58,873 [INFO] USER:sanne_sanjana project_state.py:430:_update_bpm_resources_from_path LOG: Going to resolve any build project mapping dependent resources from a given path: C:\Users\sanne_sanjana\Desktop\AWS\appsync_src.
2025-03-12 11:30:58,875 [INFO] USER:sanne_sanjana handlers.py:718:assemble_java_mvn LOG: Command compile java project path: jsrc/main/java
2025-03-12 11:30:58,876 [INFO] USER:sanne_sanjana java.py:34:assemble_java_mvn_lambdas LOG: Java sources are located by path: C:/Users/sanne_sanjana/Desktop/AWS/jsrc/main/java
2025-03-12 11:30:58,876 [INFO] USER:sanne_sanjana java.py:35:assemble_java_mvn_lambdas LOG: Going to process java mvn project by path: C:/Users/sanne_sanjana/Desktop/AWS
2025-03-12 11:31:19,179 [INFO] USER:sanne_sanjana helper.py:107:execute_command_by_path LOG: Running the command "['C:\\Program Files\\apache-maven-3.9.9\\bin\\mvn.CMD', 'clean', 'install']"
[INFO] Scanning for projects...
[INFO] 
[INFO] ---------------------------< AWS-group:AWS >----------------------------
[INFO] Building AWS 1.0.0
[INFO]   from pom.xml
[INFO] --------------------------------[ jar ]---------------------------------
Downloading from central: https://repo.maven.apache.org/maven2/net/sf/aws-syndicate/deployment-configuration-maven-plugin/1.15.0/deployment-configuration-maven-plugin-1.15.0.pom
Progress (1): 1.4/5.5 kB
Progress (1): 2.8/5.5 kB
Progress (1): 4.1/5.5 kB
Progress (1): 5.5 kB    
                    
Downloaded from central: https://repo.maven.apache.org/maven2/net/sf/aws-syndicate/deployment-configuration-maven-plugin/1.15.0/deployment-configuration-maven-plugin-1.15.0.pom (5.5 kB at 6.5 kB/s)
Downloading from central: https://repo.maven.apache.org/maven2/net/sf/aws-syndicate/deployment-configuration-processor/1.15.0/deployment-configuration-processor-1.15.0.pom
Progress (1): 1.4/7.0 kB
Progress (1): 2.8/7.0 kB
Progress (1): 4.1/7.0 kB
Progress (1): 5.5/7.0 kB
Progress (1): 6.9/7.0 kB
Progress (1): 7.0 kB    
                    
Downloaded from central: https://repo.maven.apache.org/maven2/net/sf/aws-syndicate/deployment-configuration-processor/1.15.0/deployment-configuration-processor-1.15.0.pom (7.0 kB at 53 kB/s)
Downloading from central: https://repo.maven.apache.org/maven2/net/sf/aws-syndicate/deployment-configuration-maven-plugin/1.15.0/deployment-configuration-maven-plugin-1.15.0.jar
Progress (1): 1.4/60 kB
Progress (1): 2.8/60 kB
Progress (1): 4.1/60 kB
Progress (1): 5.5/60 kB
Progress (1): 6.9/60 kB
Progress (1): 8.3/60 kB
Progress (1): 8.9/60 kB
Progress (1): 25/60 kB 
Progress (1): 42/60 kB
Progress (1): 58/60 kB
Progress (1): 60 kB   
                   
Downloaded from central: https://repo.maven.apache.org/maven2/net/sf/aws-syndicate/deployment-configuration-maven-plugin/1.15.0/deployment-configuration-maven-plugin-1.15.0.jar (60 kB at 417 kB/s)
Downloading from central: https://repo.maven.apache.org/maven2/org/apache/maven/plugins/maven-shade-plugin/3.5.2/maven-shade-plugin-3.5.2.pom
Progress (1): 14 kB
                   
Downloaded from central: https://repo.maven.apache.org/maven2/org/apache/maven/plugins/maven-shade-plugin/3.5.2/maven-shade-plugin-3.5.2.pom (14 kB at 195 kB/s)
Downloading from central: https://repo.maven.apache.org/maven2/org/apache/maven/plugins/maven-shade-plugin/3.5.2/maven-shade-plugin-3.5.2.jar
Progress (1): 16/146 kB
Progress (1): 33/146 kB
Progress (1): 49/146 kB
Progress (1): 66/146 kB
Progress (1): 82/146 kB
Progress (1): 98/146 kB
Progress (1): 115/146 kB
Progress (1): 131/146 kB
Progress (1): 146 kB    
                    
Downloaded from central: https://repo.maven.apache.org/maven2/org/apache/maven/plugins/maven-shade-plugin/3.5.2/maven-shade-plugin-3.5.2.jar (146 kB at 1.1 MB/s)
Downloading from central: https://repo.maven.apache.org/maven2/com/amazonaws/aws-lambda-java-core/1.2.0/aws-lambda-java-core-1.2.0.pom
Progress (1): 3.9 kB
                    
Downloaded from central: https://repo.maven.apache.org/maven2/com/amazonaws/aws-lambda-java-core/1.2.0/aws-lambda-java-core-1.2.0.pom (3.9 kB at 43 kB/s)
Downloading from central: https://repo.maven.apache.org/maven2/net/sf/aws-syndicate/deployment-configuration-annotations/1.15.0/deployment-configuration-annotations-1.15.0.pom
Progress (1): 1.4 kB
                    
Downloaded from central: https://repo.maven.apache.org/maven2/net/sf/aws-syndicate/deployment-configuration-annotations/1.15.0/deployment-configuration-annotations-1.15.0.pom (1.4 kB at 34 kB/s)
Downloading from central: https://repo.maven.apache.org/maven2/com/fasterxml/jackson/core/jackson-core/2.16.1/jackson-core-2.16.1.pom
Progress (1): 9.9 kB
                    
Downloaded from central: https://repo.maven.apache.org/maven2/com/fasterxml/jackson/core/jackson-core/2.16.1/jackson-core-2.16.1.pom (9.9 kB at 184 kB/s)
Downloading from central: https://repo.maven.apache.org/maven2/com/fasterxml/jackson/jackson-base/2.16.1/jackson-base-2.16.1.pom
Progress (1): 11 kB
                   
Downloaded from central: https://repo.maven.apache.org/maven2/com/fasterxml/jackson/jackson-base/2.16.1/jackson-base-2.16.1.pom (11 kB at 98 kB/s)
Downloading from central: https://repo.maven.apache.org/maven2/com/fasterxml/jackson/jackson-bom/2.16.1/jackson-bom-2.16.1.pom
Progress (1): 16/18 kB
Progress (1): 18 kB   
                   
Downloaded from central: https://repo.maven.apache.org/maven2/com/fasterxml/jackson/jackson-bom/2.16.1/jackson-bom-2.16.1.pom (18 kB at 434 kB/s)
Downloading from central: https://repo.maven.apache.org/maven2/com/fasterxml/jackson/jackson-parent/2.16/jackson-parent-2.16.pom
Progress (1): 6.5 kB
                    
Downloaded from central: https://repo.maven.apache.org/maven2/com/fasterxml/jackson/jackson-parent/2.16/jackson-parent-2.16.pom (6.5 kB at 204 kB/s)
Downloading from central: https://repo.maven.apache.org/maven2/com/fasterxml/jackson/core/jackson-databind/2.16.1/jackson-databind-2.16.1.pom
Progress (1): 16/21 kB
Progress (1): 21 kB   
                   
Downloaded from central: https://repo.maven.apache.org/maven2/com/fasterxml/jackson/core/jackson-databind/2.16.1/jackson-databind-2.16.1.pom (21 kB at 668 kB/s)
Downloading from central: https://repo.maven.apache.org/maven2/com/fasterxml/jackson/core/jackson-annotations/2.16.1/jackson-annotations-2.16.1.pom
Progress (1): 7.1 kB
                    
Downloaded from central: https://repo.maven.apache.org/maven2/com/fasterxml/jackson/core/jackson-annotations/2.16.1/jackson-annotations-2.16.1.pom (7.1 kB at 235 kB/s)
Downloading from central: https://repo.maven.apache.org/maven2/com/amazonaws/aws-lambda-java-core/1.2.0/aws-lambda-java-core-1.2.0.jar
Progress (1): 7.4 kB
                    
Downloaded from central: https://repo.maven.apache.org/maven2/com/amazonaws/aws-lambda-java-core/1.2.0/aws-lambda-java-core-1.2.0.jar (7.4 kB at 176 kB/s)
Downloading from central: https://repo.maven.apache.org/maven2/net/sf/aws-syndicate/deployment-configuration-annotations/1.15.0/deployment-configuration-annotations-1.15.0.jar
Downloading from central: https://repo.maven.apache.org/maven2/com/fasterxml/jackson/core/jackson-core/2.16.1/jackson-core-2.16.1.jar
Downloading from central: https://repo.maven.apache.org/maven2/com/fasterxml/jackson/core/jackson-databind/2.16.1/jackson-databind-2.16.1.jar
Downloading from central: https://repo.maven.apache.org/maven2/com/fasterxml/jackson/core/jackson-annotations/2.16.1/jackson-annotations-2.16.1.jar
Progress (1): 0/1.6 MB
Progress (1): 0/1.6 MB
Progress (1): 0/1.6 MB
Progress (1): 0.1/1.6 MB
Progress (1): 0.1/1.6 MB
Progress (1): 0.1/1.6 MB
Progress (1): 0.1/1.6 MB
Progress (1): 0.1/1.6 MB
Progress (1): 0.1/1.6 MB
Progress (1): 0.2/1.6 MB
Progress (1): 0.2/1.6 MB
Progress (1): 0.2/1.6 MB
Progress (1): 0.2/1.6 MB
Progress (1): 0.2/1.6 MB
Progress (1): 0.2/1.6 MB
Progress (1): 0.3/1.6 MB
Progress (1): 0.3/1.6 MB
Progress (1): 0.3/1.6 MB
Progress (2): 0.3/1.6 MB | 1.4/75 kB
Progress (2): 0.3/1.6 MB | 2.8/75 kB
Progress (2): 0.3/1.6 MB | 4.1/75 kB
Progress (2): 0.3/1.6 MB | 5.5/75 kB
Progress (2): 0.3/1.6 MB | 6.9/75 kB
Progress (2): 0.3/1.6 MB | 8.3/75 kB
Progress (2): 0.3/1.6 MB | 8.3/75 kB
Progress (2): 0.3/1.6 MB | 9.7/75 kB
Progress (2): 0.3/1.6 MB | 9.7/75 kB
Progress (2): 0.3/1.6 MB | 11/75 kB 
Progress (3): 0.3/1.6 MB | 11/75 kB | 16/578 kB
Progress (3): 0.3/1.6 MB | 12/75 kB | 16/578 kB
Progress (3): 0.3/1.6 MB | 14/75 kB | 16/578 kB
Progress (3): 0.3/1.6 MB | 15/75 kB | 16/578 kB
Progress (3): 0.3/1.6 MB | 16/75 kB | 16/578 kB
Progress (3): 0.3/1.6 MB | 16/75 kB | 16/578 kB
Progress (3): 0.4/1.6 MB | 16/75 kB | 16/578 kB
Progress (3): 0.4/1.6 MB | 16/75 kB | 16/578 kB
Progress (3): 0.4/1.6 MB | 16/75 kB | 16/578 kB
Progress (3): 0.4/1.6 MB | 16/75 kB | 16/578 kB
Progress (3): 0.4/1.6 MB | 16/75 kB | 33/578 kB
Progress (3): 0.4/1.6 MB | 16/75 kB | 33/578 kB
Progress (3): 0.4/1.6 MB | 16/75 kB | 33/578 kB
Progress (3): 0.5/1.6 MB | 16/75 kB | 33/578 kB
Progress (3): 0.5/1.6 MB | 16/75 kB | 33/578 kB
Progress (3): 0.5/1.6 MB | 16/75 kB | 33/578 kB
Progress (3): 0.5/1.6 MB | 16/75 kB | 49/578 kB
Progress (3): 0.5/1.6 MB | 16/75 kB | 49/578 kB
Progress (3): 0.5/1.6 MB | 33/75 kB | 49/578 kB
Progress (3): 0.5/1.6 MB | 33/75 kB | 49/578 kB
Progress (3): 0.5/1.6 MB | 33/75 kB | 49/578 kB
Progress (3): 0.6/1.6 MB | 33/75 kB | 49/578 kB
Progress (3): 0.6/1.6 MB | 33/75 kB | 49/578 kB
Progress (4): 0.6/1.6 MB | 33/75 kB | 49/578 kB | 1.4/78 kB
Progress (4): 0.6/1.6 MB | 33/75 kB | 49/578 kB | 2.8/78 kB
Progress (4): 0.6/1.6 MB | 33/75 kB | 49/578 kB | 4.1/78 kB
Progress (4): 0.6/1.6 MB | 33/75 kB | 49/578 kB | 5.5/78 kB
Progress (4): 0.6/1.6 MB | 33/75 kB | 49/578 kB | 6.9/78 kB
Progress (4): 0.6/1.6 MB | 33/75 kB | 49/578 kB | 8.3/78 kB
Progress (4): 0.6/1.6 MB | 33/75 kB | 49/578 kB | 9.7/78 kB
Progress (4): 0.6/1.6 MB | 33/75 kB | 49/578 kB | 9.7/78 kB
Progress (4): 0.6/1.6 MB | 33/75 kB | 49/578 kB | 11/78 kB 
Progress (4): 0.6/1.6 MB | 33/75 kB | 49/578 kB | 12/78 kB
Progress (4): 0.6/1.6 MB | 33/75 kB | 49/578 kB | 14/78 kB
Progress (4): 0.6/1.6 MB | 33/75 kB | 49/578 kB | 15/78 kB
Progress (4): 0.6/1.6 MB | 33/75 kB | 49/578 kB | 15/78 kB
Progress (4): 0.6/1.6 MB | 49/75 kB | 49/578 kB | 15/78 kB
Progress (4): 0.6/1.6 MB | 49/75 kB | 49/578 kB | 17/78 kB
Progress (4): 0.6/1.6 MB | 49/75 kB | 66/578 kB | 17/78 kB
Progress (4): 0.6/1.6 MB | 49/75 kB | 66/578 kB | 17/78 kB
Progress (4): 0.6/1.6 MB | 49/75 kB | 66/578 kB | 17/78 kB
Progress (4): 0.7/1.6 MB | 49/75 kB | 66/578 kB | 17/78 kB
Progress (4): 0.7/1.6 MB | 49/75 kB | 66/578 kB | 17/78 kB
Progress (4): 0.7/1.6 MB | 49/75 kB | 66/578 kB | 17/78 kB
Progress (4): 0.7/1.6 MB | 49/75 kB | 66/578 kB | 17/78 kB
Progress (4): 0.7/1.6 MB | 49/75 kB | 66/578 kB | 18/78 kB
Progress (4): 0.7/1.6 MB | 49/75 kB | 66/578 kB | 18/78 kB
Progress (4): 0.7/1.6 MB | 49/75 kB | 66/578 kB | 19/78 kB
Progress (4): 0.7/1.6 MB | 49/75 kB | 66/578 kB | 21/78 kB
Progress (4): 0.7/1.6 MB | 66/75 kB | 66/578 kB | 21/78 kB
Progress (4): 0.7/1.6 MB | 66/75 kB | 82/578 kB | 21/78 kB
Progress (4): 0.7/1.6 MB | 66/75 kB | 82/578 kB | 22/78 kB
Progress (4): 0.7/1.6 MB | 66/75 kB | 82/578 kB | 22/78 kB
Progress (4): 0.7/1.6 MB | 75 kB | 82/578 kB | 22/78 kB   
Progress (4): 0.8/1.6 MB | 75 kB | 82/578 kB | 22/78 kB
Progress (4): 0.8/1.6 MB | 75 kB | 82/578 kB | 23/78 kB
Progress (4): 0.8/1.6 MB | 75 kB | 82/578 kB | 25/78 kB
Progress (4): 0.8/1.6 MB | 75 kB | 82/578 kB | 25/78 kB
Progress (4): 0.8/1.6 MB | 75 kB | 82/578 kB | 26/78 kB
Progress (4): 0.8/1.6 MB | 75 kB | 82/578 kB | 28/78 kB
Progress (4): 0.8/1.6 MB | 75 kB | 82/578 kB | 29/78 kB
Progress (4): 0.8/1.6 MB | 75 kB | 82/578 kB | 30/78 kB
Progress (4): 0.8/1.6 MB | 75 kB | 82/578 kB | 30/78 kB
Progress (4): 0.8/1.6 MB | 75 kB | 82/578 kB | 30/78 kB
Progress (4): 0.8/1.6 MB | 75 kB | 82/578 kB | 30/78 kB
Progress (4): 0.8/1.6 MB | 75 kB | 82/578 kB | 30/78 kB
Progress (4): 0.9/1.6 MB | 75 kB | 82/578 kB | 30/78 kB
Progress (4): 0.9/1.6 MB | 75 kB | 82/578 kB | 30/78 kB
Progress (4): 0.9/1.6 MB | 75 kB | 82/578 kB | 30/78 kB
Progress (4): 0.9/1.6 MB | 75 kB | 82/578 kB | 30/78 kB
Progress (4): 0.9/1.6 MB | 75 kB | 82/578 kB | 30/78 kB
Progress (4): 0.9/1.6 MB | 75 kB | 82/578 kB | 30/78 kB
Progress (4): 1.0/1.6 MB | 75 kB | 82/578 kB | 30/78 kB
Progress (4): 1.0/1.6 MB | 75 kB | 82/578 kB | 30/78 kB
Progress (4): 1.0/1.6 MB | 75 kB | 82/578 kB | 30/78 kB
Progress (4): 1.0/1.6 MB | 75 kB | 82/578 kB | 30/78 kB
Progress (4): 1.0/1.6 MB | 75 kB | 82/578 kB | 30/78 kB
                                                       
Downloaded from central: https://repo.maven.apache.org/maven2/net/sf/aws-syndicate/deployment-configuration-annotations/1.15.0/deployment-configuration-annotations-1.15.0.jar (75 kB at 338 kB/s)
Progress (3): 1.0/1.6 MB | 82/578 kB | 32/78 kB
Progress (3): 1.0/1.6 MB | 82/578 kB | 33/78 kB
Progress (3): 1.0/1.6 MB | 98/578 kB | 33/78 kB
Progress (3): 1.0/1.6 MB | 98/578 kB | 33/78 kB
Progress (3): 1.0/1.6 MB | 98/578 kB | 33/78 kB
Progress (3): 1.1/1.6 MB | 98/578 kB | 33/78 kB
Progress (3): 1.1/1.6 MB | 98/578 kB | 33/78 kB
Progress (3): 1.1/1.6 MB | 98/578 kB | 33/78 kB
Progress (3): 1.1/1.6 MB | 98/578 kB | 33/78 kB
Progress (3): 1.1/1.6 MB | 98/578 kB | 33/78 kB
Progress (3): 1.1/1.6 MB | 98/578 kB | 33/78 kB
Progress (3): 1.2/1.6 MB | 98/578 kB | 33/78 kB
Progress (3): 1.2/1.6 MB | 98/578 kB | 49/78 kB
Progress (3): 1.2/1.6 MB | 115/578 kB | 49/78 kB
Progress (3): 1.2/1.6 MB | 115/578 kB | 49/78 kB
Progress (3): 1.2/1.6 MB | 115/578 kB | 49/78 kB
Progress (3): 1.2/1.6 MB | 115/578 kB | 49/78 kB
Progress (3): 1.2/1.6 MB | 115/578 kB | 49/78 kB
Progress (3): 1.2/1.6 MB | 115/578 kB | 49/78 kB
Progress (3): 1.3/1.6 MB | 115/578 kB | 49/78 kB
Progress (3): 1.3/1.6 MB | 131/578 kB | 49/78 kB
Progress (3): 1.3/1.6 MB | 131/578 kB | 49/78 kB
Progress (3): 1.3/1.6 MB | 131/578 kB | 49/78 kB
Progress (3): 1.3/1.6 MB | 131/578 kB | 49/78 kB
Progress (3): 1.3/1.6 MB | 131/578 kB | 49/78 kB
Progress (3): 1.3/1.6 MB | 147/578 kB | 49/78 kB
Progress (3): 1.3/1.6 MB | 147/578 kB | 49/78 kB
Progress (3): 1.4/1.6 MB | 147/578 kB | 49/78 kB
Progress (3): 1.4/1.6 MB | 147/578 kB | 49/78 kB
Progress (3): 1.4/1.6 MB | 147/578 kB | 49/78 kB
Progress (3): 1.4/1.6 MB | 147/578 kB | 49/78 kB
Progress (3): 1.4/1.6 MB | 147/578 kB | 49/78 kB
Progress (3): 1.4/1.6 MB | 147/578 kB | 66/78 kB
Progress (3): 1.4/1.6 MB | 147/578 kB | 66/78 kB
Progress (3): 1.5/1.6 MB | 147/578 kB | 66/78 kB
Progress (3): 1.5/1.6 MB | 147/578 kB | 66/78 kB
Progress (3): 1.5/1.6 MB | 147/578 kB | 66/78 kB
Progress (3): 1.5/1.6 MB | 147/578 kB | 66/78 kB
Progress (3): 1.5/1.6 MB | 147/578 kB | 66/78 kB
Progress (3): 1.5/1.6 MB | 147/578 kB | 78 kB   
Progress (3): 1.5/1.6 MB | 147/578 kB | 78 kB
Progress (3): 1.6/1.6 MB | 147/578 kB | 78 kB
Progress (3): 1.6/1.6 MB | 147/578 kB | 78 kB
Progress (3): 1.6/1.6 MB | 147/578 kB | 78 kB
Progress (3): 1.6/1.6 MB | 147/578 kB | 78 kB
                                             
Downloaded from central: https://repo.maven.apache.org/maven2/com/fasterxml/jackson/core/jackson-annotations/2.16.1/jackson-annotations-2.16.1.jar (78 kB at 248 kB/s)
Progress (2): 1.6/1.6 MB | 147/578 kB
Progress (2): 1.6/1.6 MB | 164/578 kB
Progress (2): 1.6 MB | 164/578 kB    
Progress (2): 1.6 MB | 180/578 kB
Progress (2): 1.6 MB | 197/578 kB
Progress (2): 1.6 MB | 213/578 kB
Progress (2): 1.6 MB | 229/578 kB
Progress (2): 1.6 MB | 246/578 kB
Progress (2): 1.6 MB | 262/578 kB
Progress (2): 1.6 MB | 279/578 kB
                                 
Downloaded from central: https://repo.maven.apache.org/maven2/com/fasterxml/jackson/core/jackson-databind/2.16.1/jackson-databind-2.16.1.jar (1.6 MB at 4.6 MB/s)
Progress (1): 295/578 kB
Progress (1): 311/578 kB
Progress (1): 328/578 kB
Progress (1): 344/578 kB
Progress (1): 360/578 kB
Progress (1): 377/578 kB
Progress (1): 393/578 kB
Progress (1): 410/578 kB
Progress (1): 426/578 kB
Progress (1): 442/578 kB
Progress (1): 459/578 kB
Progress (1): 475/578 kB
Progress (1): 492/578 kB
Progress (1): 508/578 kB
Progress (1): 524/578 kB
Progress (1): 541/578 kB
Progress (1): 557/578 kB
Progress (1): 573/578 kB
Progress (1): 578 kB    
                    
Downloaded from central: https://repo.maven.apache.org/maven2/com/fasterxml/jackson/core/jackson-core/2.16.1/jackson-core-2.16.1.jar (578 kB at 1.0 MB/s)
[INFO] 
[INFO] --- clean:3.2.0:clean (default-clean) @ AWS ---
[INFO] 
[INFO] --- resources:3.3.1:resources (default-resources) @ AWS ---
[INFO] skip non existing resourceDirectory C:\Users\sanne_sanjana\Desktop\AWS\jsrc\main\resources
[INFO] 
[INFO] --- compiler:3.13.0:compile (default-compile) @ AWS ---
[INFO] Recompiling the module because of changed dependency.
[INFO] Compiling 2 source files with javac [debug target 11] to target\classes
[WARNING] system modules path not set in conjunction with -source 11
[INFO] 
[INFO] --- deployment-configuration:1.15.0:gen-deployment-config (generate-config) @ AWS ---
Downloading from central: https://repo.maven.apache.org/maven2/org/reflections/reflections/0.9.10/reflections-0.9.10.pom
Progress (1): 9.1 kB
                    
Downloaded from central: https://repo.maven.apache.org/maven2/org/reflections/reflections/0.9.10/reflections-0.9.10.pom (9.1 kB at 247 kB/s)
Downloading from central: https://repo.maven.apache.org/maven2/com/google/guava/guava/15.0/guava-15.0.pom
Progress (1): 6.3 kB
                    
Downloaded from central: https://repo.maven.apache.org/maven2/com/google/guava/guava/15.0/guava-15.0.pom (6.3 kB at 174 kB/s)
Downloading from central: https://repo.maven.apache.org/maven2/com/google/guava/guava-parent/15.0/guava-parent-15.0.pom
Progress (1): 7.3 kB
                    
Downloaded from central: https://repo.maven.apache.org/maven2/com/google/guava/guava-parent/15.0/guava-parent-15.0.pom (7.3 kB at 244 kB/s)
Downloading from central: https://repo.maven.apache.org/maven2/org/javassist/javassist/3.19.0-GA/javassist-3.19.0-GA.pom
Progress (1): 9.6 kB
                    
Downloaded from central: https://repo.maven.apache.org/maven2/org/javassist/javassist/3.19.0-GA/javassist-3.19.0-GA.pom (9.6 kB at 184 kB/s)
[WARNING] 1 problem was encountered while building the effective model for org.javassist:javassist:jar:3.19.0-GA during dependency collection step for plugin (use -X to see details)
Downloading from central: https://repo.maven.apache.org/maven2/com/google/code/findbugs/annotations/2.0.1/annotations-2.0.1.pom
Progress (1): 764 B
                   
Downloaded from central: https://repo.maven.apache.org/maven2/com/google/code/findbugs/annotations/2.0.1/annotations-2.0.1.pom (764 B at 12 kB/s)
Downloading from central: https://repo.maven.apache.org/maven2/com/amazonaws/aws-java-sdk-dynamodb/1.11.820/aws-java-sdk-dynamodb-1.11.820.pom
Progress (1): 4.4 kB
                    
Downloaded from central: https://repo.maven.apache.org/maven2/com/amazonaws/aws-java-sdk-dynamodb/1.11.820/aws-java-sdk-dynamodb-1.11.820.pom (4.4 kB at 108 kB/s)
Downloading from central: https://repo.maven.apache.org/maven2/com/amazonaws/aws-java-sdk-pom/1.11.820/aws-java-sdk-pom-1.11.820.pom
Progress (1): 16/20 kB
Progress (1): 20 kB   
                   
Downloaded from central: https://repo.maven.apache.org/maven2/com/amazonaws/aws-java-sdk-pom/1.11.820/aws-java-sdk-pom-1.11.820.pom (20 kB at 400 kB/s)
Downloading from central: https://repo.maven.apache.org/maven2/com/amazonaws/aws-java-sdk-s3/1.11.820/aws-java-sdk-s3-1.11.820.pom
Progress (1): 3.8 kB
                    
Downloaded from central: https://repo.maven.apache.org/maven2/com/amazonaws/aws-java-sdk-s3/1.11.820/aws-java-sdk-s3-1.11.820.pom (3.8 kB at 65 kB/s)
Downloading from central: https://repo.maven.apache.org/maven2/com/amazonaws/aws-java-sdk-kms/1.11.820/aws-java-sdk-kms-1.11.820.pom
Progress (1): 3.5 kB
                    
Downloaded from central: https://repo.maven.apache.org/maven2/com/amazonaws/aws-java-sdk-kms/1.11.820/aws-java-sdk-kms-1.11.820.pom (3.5 kB at 148 kB/s)
Downloading from central: https://repo.maven.apache.org/maven2/com/amazonaws/aws-java-sdk-core/1.11.820/aws-java-sdk-core-1.11.820.pom
Progress (1): 4.3 kB
                    
Downloaded from central: https://repo.maven.apache.org/maven2/com/amazonaws/aws-java-sdk-core/1.11.820/aws-java-sdk-core-1.11.820.pom (4.3 kB at 60 kB/s)
Downloading from central: https://repo.maven.apache.org/maven2/commons-logging/commons-logging/1.1.3/commons-logging-1.1.3.pom
Progress (1): 16/18 kB
Progress (1): 18 kB   
                   
Downloaded from central: https://repo.maven.apache.org/maven2/commons-logging/commons-logging/1.1.3/commons-logging-1.1.3.pom (18 kB at 540 kB/s)
Downloading from central: https://repo.maven.apache.org/maven2/org/apache/commons/commons-parent/28/commons-parent-28.pom
Progress (1): 16/50 kB
Progress (1): 33/50 kB
Progress (1): 49/50 kB
Progress (1): 50 kB   
                   
Downloaded from central: https://repo.maven.apache.org/maven2/org/apache/commons/commons-parent/28/commons-parent-28.pom (50 kB at 229 kB/s)
Downloading from central: https://repo.maven.apache.org/maven2/org/apache/httpcomponents/httpclient/4.5.9/httpclient-4.5.9.pom
Progress (1): 6.6 kB
                    
Downloaded from central: https://repo.maven.apache.org/maven2/org/apache/httpcomponents/httpclient/4.5.9/httpclient-4.5.9.pom (6.6 kB at 32 kB/s)
Downloading from central: https://repo.maven.apache.org/maven2/org/apache/httpcomponents/httpcomponents-client/4.5.9/httpcomponents-client-4.5.9.pom
Progress (1): 16/16 kB
Progress (1): 16 kB   
                   
Downloaded from central: https://repo.maven.apache.org/maven2/org/apache/httpcomponents/httpcomponents-client/4.5.9/httpcomponents-client-4.5.9.pom (16 kB at 207 kB/s)
Downloading from central: https://repo.maven.apache.org/maven2/org/apache/httpcomponents/httpcore/4.4.11/httpcore-4.4.11.pom
Progress (1): 5.2 kB
                    
Downloaded from central: https://repo.maven.apache.org/maven2/org/apache/httpcomponents/httpcore/4.4.11/httpcore-4.4.11.pom (5.2 kB at 72 kB/s)
Downloading from central: https://repo.maven.apache.org/maven2/org/apache/httpcomponents/httpcomponents-core/4.4.11/httpcomponents-core-4.4.11.pom
Progress (1): 13 kB
                   
Downloaded from central: https://repo.maven.apache.org/maven2/org/apache/httpcomponents/httpcomponents-core/4.4.11/httpcomponents-core-4.4.11.pom (13 kB at 68 kB/s)
Downloading from central: https://repo.maven.apache.org/maven2/software/amazon/ion/ion-java/1.0.2/ion-java-1.0.2.pom
Progress (1): 8.8 kB
                    
Downloaded from central: https://repo.maven.apache.org/maven2/software/amazon/ion/ion-java/1.0.2/ion-java-1.0.2.pom (8.8 kB at 59 kB/s)
Downloading from central: https://repo.maven.apache.org/maven2/com/fasterxml/jackson/core/jackson-databind/2.6.7.3/jackson-databind-2.6.7.3.pom
Progress (1): 6.1 kB
                    
Downloaded from central: https://repo.maven.apache.org/maven2/com/fasterxml/jackson/core/jackson-databind/2.6.7.3/jackson-databind-2.6.7.3.pom (6.1 kB at 37 kB/s)
Downloading from central: https://repo.maven.apache.org/maven2/com/fasterxml/jackson/jackson-parent/2.6.2/jackson-parent-2.6.2.pom
Progress (1): 7.8 kB
                    
Downloaded from central: https://repo.maven.apache.org/maven2/com/fasterxml/jackson/jackson-parent/2.6.2/jackson-parent-2.6.2.pom (7.8 kB at 223 kB/s)
Downloading from central: https://repo.maven.apache.org/maven2/com/fasterxml/jackson/core/jackson-annotations/2.6.0/jackson-annotations-2.6.0.pom
Progress (1): 1.2 kB
                    
Downloaded from central: https://repo.maven.apache.org/maven2/com/fasterxml/jackson/core/jackson-annotations/2.6.0/jackson-annotations-2.6.0.pom (1.2 kB at 1.6 kB/s)
Downloading from central: https://repo.maven.apache.org/maven2/com/fasterxml/jackson/jackson-parent/2.6.1/jackson-parent-2.6.1.pom
Progress (1): 7.8 kB
                    
Downloaded from central: https://repo.maven.apache.org/maven2/com/fasterxml/jackson/jackson-parent/2.6.1/jackson-parent-2.6.1.pom (7.8 kB at 39 kB/s)
Downloading from central: https://repo.maven.apache.org/maven2/com/fasterxml/oss-parent/23/oss-parent-23.pom
Progress (1): 16/19 kB
Progress (1): 19 kB   
                   
Downloaded from central: https://repo.maven.apache.org/maven2/com/fasterxml/oss-parent/23/oss-parent-23.pom (19 kB at 87 kB/s)
Downloading from central: https://repo.maven.apache.org/maven2/com/fasterxml/jackson/core/jackson-core/2.6.7/jackson-core-2.6.7.pom
Progress (1): 4.9 kB
                    
Downloaded from central: https://repo.maven.apache.org/maven2/com/fasterxml/jackson/core/jackson-core/2.6.7/jackson-core-2.6.7.pom (4.9 kB at 25 kB/s)
Downloading from central: https://repo.maven.apache.org/maven2/com/fasterxml/jackson/dataformat/jackson-dataformat-cbor/2.6.7/jackson-dataformat-cbor-2.6.7.pom
Progress (1): 2.9 kB
                    
Downloaded from central: https://repo.maven.apache.org/maven2/com/fasterxml/jackson/dataformat/jackson-dataformat-cbor/2.6.7/jackson-dataformat-cbor-2.6.7.pom (2.9 kB at 48 kB/s)
Downloading from central: https://repo.maven.apache.org/maven2/joda-time/joda-time/2.8.1/joda-time-2.8.1.pom
Progress (1): 16/29 kB
Progress (1): 29 kB   
                   
Downloaded from central: https://repo.maven.apache.org/maven2/joda-time/joda-time/2.8.1/joda-time-2.8.1.pom (29 kB at 638 kB/s)
Downloading from central: https://repo.maven.apache.org/maven2/com/amazonaws/jmespath-java/1.11.820/jmespath-java-1.11.820.pom
Progress (1): 3.4 kB
                    
Downloaded from central: https://repo.maven.apache.org/maven2/com/amazonaws/jmespath-java/1.11.820/jmespath-java-1.11.820.pom (3.4 kB at 52 kB/s)
Downloading from central: https://repo.maven.apache.org/maven2/org/apache/maven/maven-plugin-api/3.3.9/maven-plugin-api-3.3.9.pom
Progress (1): 2.7 kB
                    
Downloaded from central: https://repo.maven.apache.org/maven2/org/apache/maven/maven-plugin-api/3.3.9/maven-plugin-api-3.3.9.pom (2.7 kB at 29 kB/s)
Downloading from central: https://repo.maven.apache.org/maven2/org/apache/maven/maven/3.3.9/maven-3.3.9.pom
Progress (1): 16/24 kB
Progress (1): 24 kB   
                   
Downloaded from central: https://repo.maven.apache.org/maven2/org/apache/maven/maven/3.3.9/maven-3.3.9.pom (24 kB at 704 kB/s)
Downloading from central: https://repo.maven.apache.org/maven2/org/apache/maven/maven-model/3.3.9/maven-model-3.3.9.pom
Progress (1): 4.0 kB
                    
Downloaded from central: https://repo.maven.apache.org/maven2/org/apache/maven/maven-model/3.3.9/maven-model-3.3.9.pom (4.0 kB at 71 kB/s)
Downloading from central: https://repo.maven.apache.org/maven2/org/apache/maven/maven-artifact/3.3.9/maven-artifact-3.3.9.pom
Progress (1): 2.1 kB
                    
Downloaded from central: https://repo.maven.apache.org/maven2/org/apache/maven/maven-artifact/3.3.9/maven-artifact-3.3.9.pom (2.1 kB at 44 kB/s)
Downloading from central: https://repo.maven.apache.org/maven2/org/eclipse/sisu/org.eclipse.sisu.plexus/0.3.2/org.eclipse.sisu.plexus-0.3.2.pom
Progress (1): 4.2 kB
                    
Downloaded from central: https://repo.maven.apache.org/maven2/org/eclipse/sisu/org.eclipse.sisu.plexus/0.3.2/org.eclipse.sisu.plexus-0.3.2.pom (4.2 kB at 110 kB/s)
Downloading from central: https://repo.maven.apache.org/maven2/org/eclipse/sisu/sisu-plexus/0.3.2/sisu-plexus-0.3.2.pom
Progress (1): 14 kB
                   
Downloaded from central: https://repo.maven.apache.org/maven2/org/eclipse/sisu/sisu-plexus/0.3.2/sisu-plexus-0.3.2.pom (14 kB at 241 kB/s)
Downloading from central: https://repo.maven.apache.org/maven2/org/eclipse/sisu/org.eclipse.sisu.inject/0.3.2/org.eclipse.sisu.inject-0.3.2.pom
Progress (1): 2.6 kB
                    
Downloaded from central: https://repo.maven.apache.org/maven2/org/eclipse/sisu/org.eclipse.sisu.inject/0.3.2/org.eclipse.sisu.inject-0.3.2.pom (2.6 kB at 64 kB/s)
Downloading from central: https://repo.maven.apache.org/maven2/org/eclipse/sisu/sisu-inject/0.3.2/sisu-inject-0.3.2.pom
Progress (1): 14 kB
                   
Downloaded from central: https://repo.maven.apache.org/maven2/org/eclipse/sisu/sisu-inject/0.3.2/sisu-inject-0.3.2.pom (14 kB at 200 kB/s)
Downloading from central: https://repo.maven.apache.org/maven2/org/apache/maven/maven-core/3.3.9/maven-core-3.3.9.pom
Progress (1): 8.3 kB
                    
Downloaded from central: https://repo.maven.apache.org/maven2/org/apache/maven/maven-core/3.3.9/maven-core-3.3.9.pom (8.3 kB at 130 kB/s)
Downloading from central: https://repo.maven.apache.org/maven2/org/apache/maven/maven-settings/3.3.9/maven-settings-3.3.9.pom
Progress (1): 1.8 kB
                    
Downloaded from central: https://repo.maven.apache.org/maven2/org/apache/maven/maven-settings/3.3.9/maven-settings-3.3.9.pom (1.8 kB at 38 kB/s)
Downloading from central: https://repo.maven.apache.org/maven2/org/apache/maven/maven-settings-builder/3.3.9/maven-settings-builder-3.3.9.pom
Progress (1): 2.6 kB
                    
Downloaded from central: https://repo.maven.apache.org/maven2/org/apache/maven/maven-settings-builder/3.3.9/maven-settings-builder-3.3.9.pom (2.6 kB at 48 kB/s)
Downloading from central: https://repo.maven.apache.org/maven2/org/apache/maven/maven-builder-support/3.3.9/maven-builder-support-3.3.9.pom
Progress (1): 1.7 kB
                    
Downloaded from central: https://repo.maven.apache.org/maven2/org/apache/maven/maven-builder-support/3.3.9/maven-builder-support-3.3.9.pom (1.7 kB at 45 kB/s)
Downloading from central: https://repo.maven.apache.org/maven2/org/codehaus/plexus/plexus-component-annotations/1.6/plexus-component-annotations-1.6.pom
Progress (1): 748 B
                   
Downloaded from central: https://repo.maven.apache.org/maven2/org/codehaus/plexus/plexus-component-annotations/1.6/plexus-component-annotations-1.6.pom (748 B at 16 kB/s)
Downloading from central: https://repo.maven.apache.org/maven2/org/codehaus/plexus/plexus-containers/1.6/plexus-containers-1.6.pom
Progress (1): 3.8 kB
                    
Downloaded from central: https://repo.maven.apache.org/maven2/org/codehaus/plexus/plexus-containers/1.6/plexus-containers-1.6.pom (3.8 kB at 55 kB/s)
Downloading from central: https://repo.maven.apache.org/maven2/org/codehaus/plexus/plexus/3.3.2/plexus-3.3.2.pom
Progress (1): 16/22 kB
Progress (1): 22 kB   
                   
Downloaded from central: https://repo.maven.apache.org/maven2/org/codehaus/plexus/plexus/3.3.2/plexus-3.3.2.pom (22 kB at 384 kB/s)
Downloading from central: https://repo.maven.apache.org/maven2/org/apache/maven/maven-repository-metadata/3.3.9/maven-repository-metadata-3.3.9.pom
Progress (1): 1.9 kB
                    
Downloaded from central: https://repo.maven.apache.org/maven2/org/apache/maven/maven-repository-metadata/3.3.9/maven-repository-metadata-3.3.9.pom (1.9 kB at 22 kB/s)
Downloading from central: https://repo.maven.apache.org/maven2/org/apache/maven/maven-model-builder/3.3.9/maven-model-builder-3.3.9.pom
Progress (1): 3.1 kB
                    
Downloaded from central: https://repo.maven.apache.org/maven2/org/apache/maven/maven-model-builder/3.3.9/maven-model-builder-3.3.9.pom (3.1 kB at 101 kB/s)
Downloading from central: https://repo.maven.apache.org/maven2/org/apache/maven/maven-aether-provider/3.3.9/maven-aether-provider-3.3.9.pom
Progress (1): 4.0 kB
                    
Downloaded from central: https://repo.maven.apache.org/maven2/org/apache/maven/maven-aether-provider/3.3.9/maven-aether-provider-3.3.9.pom (4.0 kB at 126 kB/s)
Downloading from central: https://repo.maven.apache.org/maven2/org/eclipse/aether/aether-api/1.0.2.v20150114/aether-api-1.0.2.v20150114.pom
Progress (1): 1.8 kB
                    
Downloaded from central: https://repo.maven.apache.org/maven2/org/eclipse/aether/aether-api/1.0.2.v20150114/aether-api-1.0.2.v20150114.pom (1.8 kB at 63 kB/s)
Downloading from central: https://repo.maven.apache.org/maven2/org/eclipse/aether/aether/1.0.2.v20150114/aether-1.0.2.v20150114.pom
Progress (1): 16/29 kB
Progress (1): 29 kB   
                   
Downloaded from central: https://repo.maven.apache.org/maven2/org/eclipse/aether/aether/1.0.2.v20150114/aether-1.0.2.v20150114.pom (29 kB at 753 kB/s)
Downloading from central: https://repo.maven.apache.org/maven2/org/eclipse/aether/aether-spi/1.0.2.v20150114/aether-spi-1.0.2.v20150114.pom
Progress (1): 2.0 kB
                    
Downloaded from central: https://repo.maven.apache.org/maven2/org/eclipse/aether/aether-spi/1.0.2.v20150114/aether-spi-1.0.2.v20150114.pom (2.0 kB at 32 kB/s)
Downloading from central: https://repo.maven.apache.org/maven2/org/eclipse/aether/aether-util/1.0.2.v20150114/aether-util-1.0.2.v20150114.pom
Progress (1): 2.1 kB
                    
Downloaded from central: https://repo.maven.apache.org/maven2/org/eclipse/aether/aether-util/1.0.2.v20150114/aether-util-1.0.2.v20150114.pom (2.1 kB at 28 kB/s)
Downloading from central: https://repo.maven.apache.org/maven2/org/eclipse/aether/aether-impl/1.0.2.v20150114/aether-impl-1.0.2.v20150114.pom
Progress (1): 3.4 kB
                    
Downloaded from central: https://repo.maven.apache.org/maven2/org/eclipse/aether/aether-impl/1.0.2.v20150114/aether-impl-1.0.2.v20150114.pom (3.4 kB at 32 kB/s)
Downloading from central: https://repo.maven.apache.org/maven2/io/github/openfeign/feign-okhttp/10.0.1/feign-okhttp-10.0.1.pom
Progress (1): 1.8 kB
                    
Downloaded from central: https://repo.maven.apache.org/maven2/io/github/openfeign/feign-okhttp/10.0.1/feign-okhttp-10.0.1.pom (1.8 kB at 40 kB/s)
Downloading from central: https://repo.maven.apache.org/maven2/io/github/openfeign/parent/10.0.1/parent-10.0.1.pom
Progress (1): 16/17 kB
Progress (1): 17 kB   
                   
Downloaded from central: https://repo.maven.apache.org/maven2/io/github/openfeign/parent/10.0.1/parent-10.0.1.pom (17 kB at 146 kB/s)
Downloading from central: https://repo.maven.apache.org/maven2/io/github/openfeign/feign-core/10.0.1/feign-core-10.0.1.pom
Progress (1): 2.4 kB
                    
Downloaded from central: https://repo.maven.apache.org/maven2/io/github/openfeign/feign-core/10.0.1/feign-core-10.0.1.pom (2.4 kB at 75 kB/s)
Downloading from central: https://repo.maven.apache.org/maven2/com/squareup/okhttp3/okhttp/3.6.0/okhttp-3.6.0.pom
Progress (1): 1.5 kB
                    
Downloaded from central: https://repo.maven.apache.org/maven2/com/squareup/okhttp3/okhttp/3.6.0/okhttp-3.6.0.pom (1.5 kB at 12 kB/s)
Downloading from central: https://repo.maven.apache.org/maven2/com/squareup/okhttp3/parent/3.6.0/parent-3.6.0.pom
Progress (1): 8.9/16 kB
Progress (1): 16 kB    
                   
Downloaded from central: https://repo.maven.apache.org/maven2/com/squareup/okhttp3/parent/3.6.0/parent-3.6.0.pom (16 kB at 323 kB/s)
Downloading from central: https://repo.maven.apache.org/maven2/com/squareup/okio/okio/1.11.0/okio-1.11.0.pom
Progress (1): 1.5 kB
                    
Downloaded from central: https://repo.maven.apache.org/maven2/com/squareup/okio/okio/1.11.0/okio-1.11.0.pom (1.5 kB at 49 kB/s)
Downloading from central: https://repo.maven.apache.org/maven2/com/squareup/okio/okio-parent/1.11.0/okio-parent-1.11.0.pom
Progress (1): 3.2 kB
                    
Downloaded from central: https://repo.maven.apache.org/maven2/com/squareup/okio/okio-parent/1.11.0/okio-parent-1.11.0.pom (3.2 kB at 106 kB/s)
Downloading from central: https://repo.maven.apache.org/maven2/io/github/openfeign/feign-jackson/10.0.1/feign-jackson-10.0.1.pom
Progress (1): 1.7 kB
                    
Downloaded from central: https://repo.maven.apache.org/maven2/io/github/openfeign/feign-jackson/10.0.1/feign-jackson-10.0.1.pom (1.7 kB at 40 kB/s)
Downloading from central: https://repo.maven.apache.org/maven2/com/fasterxml/jackson/core/jackson-databind/2.9.6/jackson-databind-2.9.6.pom
Progress (1): 6.3 kB
                    
Downloaded from central: https://repo.maven.apache.org/maven2/com/fasterxml/jackson/core/jackson-databind/2.9.6/jackson-databind-2.9.6.pom (6.3 kB at 75 kB/s)
Downloading from central: https://repo.maven.apache.org/maven2/com/fasterxml/jackson/jackson-base/2.9.6/jackson-base-2.9.6.pom
Progress (1): 5.4 kB
                    
Downloaded from central: https://repo.maven.apache.org/maven2/com/fasterxml/jackson/jackson-base/2.9.6/jackson-base-2.9.6.pom (5.4 kB at 96 kB/s)
Downloading from central: https://repo.maven.apache.org/maven2/com/fasterxml/jackson/jackson-bom/2.9.6/jackson-bom-2.9.6.pom
Progress (1): 12 kB
                   
Downloaded from central: https://repo.maven.apache.org/maven2/com/fasterxml/jackson/jackson-bom/2.9.6/jackson-bom-2.9.6.pom (12 kB at 332 kB/s)
Downloading from central: https://repo.maven.apache.org/maven2/com/fasterxml/jackson/jackson-parent/2.9.1.1/jackson-parent-2.9.1.1.pom
Progress (1): 8.0 kB
                    
Downloaded from central: https://repo.maven.apache.org/maven2/com/fasterxml/jackson/jackson-parent/2.9.1.1/jackson-parent-2.9.1.1.pom (8.0 kB at 217 kB/s)
Downloading from central: https://repo.maven.apache.org/maven2/com/fasterxml/oss-parent/33/oss-parent-33.pom
Progress (1): 16/22 kB
Progress (1): 22 kB   
                   
Downloaded from central: https://repo.maven.apache.org/maven2/com/fasterxml/oss-parent/33/oss-parent-33.pom (22 kB at 273 kB/s)
Downloading from central: https://repo.maven.apache.org/maven2/com/fasterxml/jackson/core/jackson-annotations/2.9.0/jackson-annotations-2.9.0.pom
Progress (1): 1.9 kB
                    
Downloaded from central: https://repo.maven.apache.org/maven2/com/fasterxml/jackson/core/jackson-annotations/2.9.0/jackson-annotations-2.9.0.pom (1.9 kB at 39 kB/s)
Downloading from central: https://repo.maven.apache.org/maven2/com/fasterxml/jackson/jackson-parent/2.9.0/jackson-parent-2.9.0.pom
Progress (1): 7.8 kB
                    
Downloaded from central: https://repo.maven.apache.org/maven2/com/fasterxml/jackson/jackson-parent/2.9.0/jackson-parent-2.9.0.pom (7.8 kB at 100 kB/s)
Downloading from central: https://repo.maven.apache.org/maven2/com/fasterxml/oss-parent/28/oss-parent-28.pom
Progress (1): 16/20 kB
Progress (1): 20 kB   
                   
Downloaded from central: https://repo.maven.apache.org/maven2/com/fasterxml/oss-parent/28/oss-parent-28.pom (20 kB at 215 kB/s)
Downloading from central: https://repo.maven.apache.org/maven2/com/fasterxml/jackson/core/jackson-core/2.9.6/jackson-core-2.9.6.pom
Progress (1): 4.1 kB
                    
Downloaded from central: https://repo.maven.apache.org/maven2/com/fasterxml/jackson/core/jackson-core/2.9.6/jackson-core-2.9.6.pom (4.1 kB at 28 kB/s)
Downloading from central: https://repo.maven.apache.org/maven2/org/reflections/reflections/0.9.10/reflections-0.9.10.jar
Progress (1): 16/130 kB
Progress (1): 33/130 kB
Progress (1): 49/130 kB
Progress (1): 66/130 kB
Progress (1): 72/130 kB
Progress (1): 88/130 kB
Progress (1): 105/130 kB
Progress (1): 121/130 kB
Progress (1): 130 kB    
                    
Downloaded from central: https://repo.maven.apache.org/maven2/org/reflections/reflections/0.9.10/reflections-0.9.10.jar (130 kB at 754 kB/s)
Downloading from central: https://repo.maven.apache.org/maven2/com/google/guava/guava/15.0/guava-15.0.jar
Downloading from central: https://repo.maven.apache.org/maven2/org/javassist/javassist/3.19.0-GA/javassist-3.19.0-GA.jar
Downloading from central: https://repo.maven.apache.org/maven2/com/google/code/findbugs/annotations/2.0.1/annotations-2.0.1.jar
Downloading from central: https://repo.maven.apache.org/maven2/com/amazonaws/aws-java-sdk-dynamodb/1.11.820/aws-java-sdk-dynamodb-1.11.820.jar
Downloading from central: https://repo.maven.apache.org/maven2/com/amazonaws/aws-java-sdk-s3/1.11.820/aws-java-sdk-s3-1.11.820.jar
Progress (1): 16/75 kB
Progress (2): 16/75 kB | 0/2.2 MB
Progress (2): 33/75 kB | 0/2.2 MB
Progress (2): 33/75 kB | 0/2.2 MB
Progress (2): 49/75 kB | 0/2.2 MB
Progress (2): 49/75 kB | 0/2.2 MB
Progress (2): 55/75 kB | 0/2.2 MB
Progress (2): 71/75 kB | 0/2.2 MB
Progress (2): 75 kB | 0/2.2 MB   
Progress (2): 75 kB | 0.1/2.2 MB
Progress (3): 75 kB | 0.1/2.2 MB | 8.9/749 kB
Progress (3): 75 kB | 0.1/2.2 MB | 8.9/749 kB
Progress (3): 75 kB | 0.1/2.2 MB | 8.9/749 kB
Progress (3): 75 kB | 0.1/2.2 MB | 8.9/749 kB
Progress (3): 75 kB | 0.1/2.2 MB | 8.9/749 kB
Progress (3): 75 kB | 0.1/2.2 MB | 8.9/749 kB
Progress (3): 75 kB | 0.2/2.2 MB | 8.9/749 kB
                                             
Downloaded from central: https://repo.maven.apache.org/maven2/com/google/code/findbugs/annotations/2.0.1/annotations-2.0.1.jar (75 kB at 1.1 MB/s)
Downloading from central: https://repo.maven.apache.org/maven2/com/amazonaws/aws-java-sdk-kms/1.11.820/aws-java-sdk-kms-1.11.820.jar
Progress (2): 0.2/2.2 MB | 8.9/749 kB
Progress (2): 0.2/2.2 MB | 8.9/749 kB
Progress (2): 0.2/2.2 MB | 8.9/749 kB
Progress (2): 0.2/2.2 MB | 8.9/749 kB
Progress (2): 0.2/2.2 MB | 8.9/749 kB
Progress (2): 0.2/2.2 MB | 25/749 kB 
Progress (2): 0.2/2.2 MB | 25/749 kB
Progress (2): 0.3/2.2 MB | 25/749 kB
Progress (2): 0.3/2.2 MB | 25/749 kB
Progress (2): 0.3/2.2 MB | 25/749 kB
Progress (2): 0.3/2.2 MB | 25/749 kB
Progress (2): 0.3/2.2 MB | 25/749 kB
Progress (2): 0.3/2.2 MB | 25/749 kB
Progress (2): 0.4/2.2 MB | 25/749 kB
Progress (2): 0.4/2.2 MB | 25/749 kB
Progress (2): 0.4/2.2 MB | 25/749 kB
Progress (2): 0.4/2.2 MB | 25/749 kB
Progress (2): 0.4/2.2 MB | 25/749 kB
Progress (2): 0.4/2.2 MB | 42/749 kB
Progress (2): 0.4/2.2 MB | 42/749 kB
Progress (2): 0.4/2.2 MB | 42/749 kB
Progress (2): 0.5/2.2 MB | 42/749 kB
Progress (2): 0.5/2.2 MB | 42/749 kB
Progress (2): 0.5/2.2 MB | 42/749 kB
Progress (2): 0.5/2.2 MB | 42/749 kB
Progress (2): 0.5/2.2 MB | 42/749 kB
Progress (2): 0.5/2.2 MB | 42/749 kB
Progress (2): 0.6/2.2 MB | 42/749 kB
Progress (2): 0.6/2.2 MB | 42/749 kB
Progress (2): 0.6/2.2 MB | 42/749 kB
Progress (2): 0.6/2.2 MB | 42/749 kB
Progress (2): 0.6/2.2 MB | 42/749 kB
Progress (2): 0.6/2.2 MB | 42/749 kB
Progress (2): 0.6/2.2 MB | 42/749 kB
Progress (2): 0.7/2.2 MB | 42/749 kB
Progress (2): 0.7/2.2 MB | 42/749 kB
Progress (2): 0.7/2.2 MB | 42/749 kB
Progress (2): 0.7/2.2 MB | 42/749 kB
Progress (2): 0.7/2.2 MB | 42/749 kB
Progress (2): 0.7/2.2 MB | 42/749 kB
Progress (2): 0.7/2.2 MB | 58/749 kB
Progress (2): 0.8/2.2 MB | 58/749 kB
Progress (2): 0.8/2.2 MB | 58/749 kB
Progress (2): 0.8/2.2 MB | 58/749 kB
Progress (2): 0.8/2.2 MB | 58/749 kB
Progress (2): 0.8/2.2 MB | 58/749 kB
Progress (3): 0.8/2.2 MB | 58/749 kB | 16/592 kB
Progress (3): 0.8/2.2 MB | 58/749 kB | 33/592 kB
Progress (3): 0.8/2.2 MB | 58/749 kB | 49/592 kB
Progress (3): 0.8/2.2 MB | 58/749 kB | 49/592 kB
Progress (3): 0.8/2.2 MB | 74/749 kB | 49/592 kB
Progress (3): 0.8/2.2 MB | 74/749 kB | 62/592 kB
Progress (3): 0.9/2.2 MB | 74/749 kB | 62/592 kB
Progress (3): 0.9/2.2 MB | 74/749 kB | 78/592 kB
Progress (3): 0.9/2.2 MB | 74/749 kB | 78/592 kB
Progress (3): 0.9/2.2 MB | 74/749 kB | 78/592 kB
Progress (3): 0.9/2.2 MB | 74/749 kB | 78/592 kB
Progress (3): 0.9/2.2 MB | 74/749 kB | 78/592 kB
Progress (3): 0.9/2.2 MB | 74/749 kB | 95/592 kB
Progress (3): 0.9/2.2 MB | 74/749 kB | 95/592 kB
Progress (3): 0.9/2.2 MB | 74/749 kB | 111/592 kB
Progress (3): 1.0/2.2 MB | 74/749 kB | 111/592 kB
Progress (3): 1.0/2.2 MB | 74/749 kB | 111/592 kB
Progress (3): 1.0/2.2 MB | 74/749 kB | 111/592 kB
Progress (3): 1.0/2.2 MB | 74/749 kB | 111/592 kB
Progress (3): 1.0/2.2 MB | 74/749 kB | 111/592 kB
Progress (3): 1.0/2.2 MB | 74/749 kB | 127/592 kB
Progress (3): 1.0/2.2 MB | 74/749 kB | 127/592 kB
Progress (3): 1.0/2.2 MB | 74/749 kB | 144/592 kB
Progress (3): 1.0/2.2 MB | 74/749 kB | 160/592 kB
Progress (3): 1.0/2.2 MB | 91/749 kB | 160/592 kB
Progress (3): 1.1/2.2 MB | 91/749 kB | 160/592 kB
Progress (3): 1.1/2.2 MB | 91/749 kB | 160/592 kB
Progress (3): 1.1/2.2 MB | 91/749 kB | 160/592 kB
Progress (3): 1.1/2.2 MB | 91/749 kB | 160/592 kB
Progress (3): 1.1/2.2 MB | 91/749 kB | 160/592 kB
Progress (3): 1.1/2.2 MB | 91/749 kB | 177/592 kB
Progress (3): 1.1/2.2 MB | 91/749 kB | 177/592 kB
Progress (3): 1.2/2.2 MB | 91/749 kB | 177/592 kB
Progress (3): 1.2/2.2 MB | 91/749 kB | 193/592 kB
Progress (3): 1.2/2.2 MB | 91/749 kB | 209/592 kB
Progress (3): 1.2/2.2 MB | 91/749 kB | 209/592 kB
Progress (3): 1.2/2.2 MB | 91/749 kB | 209/592 kB
Progress (3): 1.2/2.2 MB | 91/749 kB | 226/592 kB
Progress (3): 1.2/2.2 MB | 91/749 kB | 226/592 kB
Progress (3): 1.2/2.2 MB | 107/749 kB | 226/592 kB
Progress (3): 1.2/2.2 MB | 107/749 kB | 226/592 kB
Progress (3): 1.2/2.2 MB | 107/749 kB | 226/592 kB
Progress (3): 1.2/2.2 MB | 107/749 kB | 226/592 kB
Progress (3): 1.3/2.2 MB | 107/749 kB | 226/592 kB
Progress (3): 1.3/2.2 MB | 107/749 kB | 242/592 kB
Progress (3): 1.3/2.2 MB | 107/749 kB | 259/592 kB
Progress (3): 1.3/2.2 MB | 107/749 kB | 259/592 kB
Progress (3): 1.3/2.2 MB | 107/749 kB | 259/592 kB
Progress (3): 1.3/2.2 MB | 107/749 kB | 275/592 kB
Progress (3): 1.3/2.2 MB | 107/749 kB | 275/592 kB
Progress (3): 1.3/2.2 MB | 107/749 kB | 275/592 kB
Progress (3): 1.3/2.2 MB | 107/749 kB | 275/592 kB
Progress (3): 1.4/2.2 MB | 107/749 kB | 275/592 kB
Progress (3): 1.4/2.2 MB | 107/749 kB | 291/592 kB
Progress (3): 1.4/2.2 MB | 107/749 kB | 291/592 kB
Progress (3): 1.4/2.2 MB | 107/749 kB | 308/592 kB
Progress (3): 1.4/2.2 MB | 124/749 kB | 308/592 kB
Progress (3): 1.4/2.2 MB | 124/749 kB | 308/592 kB
Progress (3): 1.4/2.2 MB | 140/749 kB | 308/592 kB
Progress (3): 1.4/2.2 MB | 140/749 kB | 324/592 kB
Progress (3): 1.4/2.2 MB | 140/749 kB | 340/592 kB
Progress (3): 1.4/2.2 MB | 140/749 kB | 340/592 kB
Progress (3): 1.4/2.2 MB | 156/749 kB | 340/592 kB
Progress (3): 1.4/2.2 MB | 156/749 kB | 357/592 kB
Progress (3): 1.4/2.2 MB | 156/749 kB | 357/592 kB
Progress (3): 1.4/2.2 MB | 156/749 kB | 357/592 kB
Progress (3): 1.4/2.2 MB | 156/749 kB | 373/592 kB
Progress (3): 1.5/2.2 MB | 156/749 kB | 373/592 kB
Progress (3): 1.5/2.2 MB | 156/749 kB | 373/592 kB
Progress (3): 1.5/2.2 MB | 156/749 kB | 373/592 kB
Progress (3): 1.5/2.2 MB | 156/749 kB | 373/592 kB
Progress (3): 1.5/2.2 MB | 156/749 kB | 373/592 kB
Progress (3): 1.5/2.2 MB | 156/749 kB | 373/592 kB
Progress (3): 1.6/2.2 MB | 156/749 kB | 373/592 kB
Progress (3): 1.6/2.2 MB | 156/749 kB | 373/592 kB
Progress (3): 1.6/2.2 MB | 156/749 kB | 373/592 kB
Progress (3): 1.6/2.2 MB | 156/749 kB | 373/592 kB
Progress (3): 1.6/2.2 MB | 156/749 kB | 373/592 kB
Progress (3): 1.6/2.2 MB | 156/749 kB | 373/592 kB
Progress (3): 1.7/2.2 MB | 156/749 kB | 373/592 kB
Progress (3): 1.7/2.2 MB | 156/749 kB | 373/592 kB
Progress (3): 1.7/2.2 MB | 156/749 kB | 373/592 kB
Progress (3): 1.7/2.2 MB | 156/749 kB | 373/592 kB
Progress (3): 1.7/2.2 MB | 156/749 kB | 390/592 kB
Progress (3): 1.7/2.2 MB | 156/749 kB | 390/592 kB
Progress (3): 1.7/2.2 MB | 156/749 kB | 390/592 kB
Progress (3): 1.8/2.2 MB | 156/749 kB | 390/592 kB
Progress (3): 1.8/2.2 MB | 156/749 kB | 390/592 kB
Progress (3): 1.8/2.2 MB | 156/749 kB | 390/592 kB
Progress (3): 1.8/2.2 MB | 156/749 kB | 406/592 kB
Progress (3): 1.8/2.2 MB | 156/749 kB | 422/592 kB
Progress (3): 1.8/2.2 MB | 156/749 kB | 422/592 kB
Progress (3): 1.8/2.2 MB | 156/749 kB | 439/592 kB
Progress (3): 1.8/2.2 MB | 156/749 kB | 439/592 kB
Progress (3): 1.8/2.2 MB | 156/749 kB | 439/592 kB
Progress (3): 1.9/2.2 MB | 156/749 kB | 439/592 kB
Progress (3): 1.9/2.2 MB | 156/749 kB | 439/592 kB
Progress (3): 1.9/2.2 MB | 156/749 kB | 439/592 kB
Progress (3): 1.9/2.2 MB | 156/749 kB | 439/592 kB
Progress (3): 1.9/2.2 MB | 156/749 kB | 439/592 kB
Progress (3): 1.9/2.2 MB | 156/749 kB | 439/592 kB
Progress (3): 2.0/2.2 MB | 156/749 kB | 439/592 kB
Progress (3): 2.0/2.2 MB | 156/749 kB | 455/592 kB
Progress (3): 2.0/2.2 MB | 156/749 kB | 455/592 kB
Progress (3): 2.0/2.2 MB | 173/749 kB | 455/592 kB
Progress (3): 2.0/2.2 MB | 173/749 kB | 455/592 kB
Progress (3): 2.0/2.2 MB | 173/749 kB | 455/592 kB
Progress (3): 2.0/2.2 MB | 173/749 kB | 455/592 kB
Progress (3): 2.0/2.2 MB | 189/749 kB | 455/592 kB
Progress (3): 2.0/2.2 MB | 189/749 kB | 472/592 kB
Progress (3): 2.0/2.2 MB | 189/749 kB | 488/592 kB
Progress (3): 2.0/2.2 MB | 189/749 kB | 504/592 kB
Progress (3): 2.0/2.2 MB | 189/749 kB | 521/592 kB
Progress (3): 2.0/2.2 MB | 206/749 kB | 521/592 kB
Progress (3): 2.0/2.2 MB | 206/749 kB | 521/592 kB
Progress (3): 2.0/2.2 MB | 222/749 kB | 521/592 kB
Progress (3): 2.0/2.2 MB | 222/749 kB | 537/592 kB
Progress (3): 2.1/2.2 MB | 222/749 kB | 537/592 kB
Progress (3): 2.1/2.2 MB | 222/749 kB | 537/592 kB
Progress (3): 2.1/2.2 MB | 222/749 kB | 537/592 kB
Progress (3): 2.1/2.2 MB | 222/749 kB | 553/592 kB
Progress (3): 2.1/2.2 MB | 222/749 kB | 553/592 kB
Progress (3): 2.1/2.2 MB | 222/749 kB | 553/592 kB
Progress (3): 2.1/2.2 MB | 222/749 kB | 553/592 kB
Progress (3): 2.2/2.2 MB | 222/749 kB | 553/592 kB
Progress (3): 2.2/2.2 MB | 222/749 kB | 553/592 kB
Progress (3): 2.2 MB | 222/749 kB | 553/592 kB    
Progress (3): 2.2 MB | 238/749 kB | 553/592 kB
Progress (3): 2.2 MB | 238/749 kB | 570/592 kB
Progress (3): 2.2 MB | 238/749 kB | 586/592 kB
Progress (3): 2.2 MB | 238/749 kB | 592 kB    
Progress (3): 2.2 MB | 255/749 kB | 592 kB
Progress (3): 2.2 MB | 271/749 kB | 592 kB
Progress (3): 2.2 MB | 287/749 kB | 592 kB
                                          
Downloaded from central: https://repo.maven.apache.org/maven2/com/amazonaws/aws-java-sdk-kms/1.11.820/aws-java-sdk-kms-1.11.820.jar (592 kB at 1.9 MB/s)
Downloading from central: https://repo.maven.apache.org/maven2/com/amazonaws/aws-java-sdk-core/1.11.820/aws-java-sdk-core-1.11.820.jar
Progress (2): 2.2 MB | 304/749 kB
                                 
Downloaded from central: https://repo.maven.apache.org/maven2/com/google/guava/guava/15.0/guava-15.0.jar (2.2 MB at 6.7 MB/s)
Downloading from central: https://repo.maven.apache.org/maven2/commons-logging/commons-logging/1.1.3/commons-logging-1.1.3.jar
Progress (1): 320/749 kB
Progress (2): 320/749 kB | 0/1.8 MB
Progress (2): 337/749 kB | 0/1.8 MB
Progress (3): 337/749 kB | 0/1.8 MB | 0/1.0 MB
Progress (3): 353/749 kB | 0/1.8 MB | 0/1.0 MB
Progress (3): 353/749 kB | 0/1.8 MB | 0/1.0 MB
Progress (3): 353/749 kB | 0/1.8 MB | 0/1.0 MB
Progress (3): 369/749 kB | 0/1.8 MB | 0/1.0 MB
Progress (3): 369/749 kB | 0/1.8 MB | 0/1.0 MB
Progress (4): 369/749 kB | 0/1.8 MB | 0/1.0 MB | 16/62 kB
Progress (4): 369/749 kB | 0/1.8 MB | 0.1/1.0 MB | 16/62 kB
Progress (4): 369/749 kB | 0/1.8 MB | 0.1/1.0 MB | 33/62 kB
Progress (4): 369/749 kB | 0/1.8 MB | 0.1/1.0 MB | 49/62 kB
Progress (4): 369/749 kB | 0/1.8 MB | 0.1/1.0 MB | 62 kB   
Progress (4): 369/749 kB | 0/1.8 MB | 0.1/1.0 MB | 62 kB
Progress (4): 369/749 kB | 0/1.8 MB | 0.1/1.0 MB | 62 kB
Progress (5): 369/749 kB | 0/1.8 MB | 0.1/1.0 MB | 62 kB | 0/1.1 MB
Progress (5): 369/749 kB | 0/1.8 MB | 0.1/1.0 MB | 62 kB | 0/1.1 MB
Progress (5): 369/749 kB | 0/1.8 MB | 0.1/1.0 MB | 62 kB | 0/1.1 MB
Progress (5): 369/749 kB | 0.1/1.8 MB | 0.1/1.0 MB | 62 kB | 0/1.1 MB
                                                                     
Downloaded from central: https://repo.maven.apache.org/maven2/commons-logging/commons-logging/1.1.3/commons-logging-1.1.3.jar (62 kB at 172 kB/s)
Downloading from central: https://repo.maven.apache.org/maven2/org/apache/httpcomponents/httpclient/4.5.9/httpclient-4.5.9.jar
Progress (4): 369/749 kB | 0.1/1.8 MB | 0.1/1.0 MB | 0/1.1 MB
Progress (4): 369/749 kB | 0.1/1.8 MB | 0.1/1.0 MB | 0/1.1 MB
Progress (4): 369/749 kB | 0.1/1.8 MB | 0.2/1.0 MB | 0/1.1 MB
Progress (4): 369/749 kB | 0.1/1.8 MB | 0.2/1.0 MB | 0/1.1 MB
Progress (4): 369/749 kB | 0.1/1.8 MB | 0.2/1.0 MB | 0/1.1 MB
Progress (4): 369/749 kB | 0.1/1.8 MB | 0.2/1.0 MB | 0/1.1 MB
Progress (4): 386/749 kB | 0.1/1.8 MB | 0.2/1.0 MB | 0/1.1 MB
Progress (4): 386/749 kB | 0.1/1.8 MB | 0.2/1.0 MB | 0/1.1 MB
Progress (4): 386/749 kB | 0.1/1.8 MB | 0.2/1.0 MB | 0/1.1 MB
Progress (4): 386/749 kB | 0.1/1.8 MB | 0.2/1.0 MB | 0/1.1 MB
Progress (4): 386/749 kB | 0.1/1.8 MB | 0.2/1.0 MB | 0/1.1 MB
Progress (4): 386/749 kB | 0.1/1.8 MB | 0.3/1.0 MB | 0/1.1 MB
Progress (4): 386/749 kB | 0.1/1.8 MB | 0.3/1.0 MB | 0/1.1 MB
Progress (4): 386/749 kB | 0.1/1.8 MB | 0.3/1.0 MB | 0/1.1 MB
Progress (5): 386/749 kB | 0.1/1.8 MB | 0.3/1.0 MB | 0/1.1 MB | 16/774 kB
Progress (5): 386/749 kB | 0.1/1.8 MB | 0.3/1.0 MB | 0/1.1 MB | 33/774 kB
Progress (5): 386/749 kB | 0.1/1.8 MB | 0.3/1.0 MB | 0/1.1 MB | 33/774 kB
Progress (5): 386/749 kB | 0.1/1.8 MB | 0.3/1.0 MB | 0/1.1 MB | 49/774 kB
Progress (5): 402/749 kB | 0.1/1.8 MB | 0.3/1.0 MB | 0/1.1 MB | 49/774 kB
Progress (5): 402/749 kB | 0.1/1.8 MB | 0.3/1.0 MB | 0.1/1.1 MB | 49/774 kB
Progress (5): 402/749 kB | 0.1/1.8 MB | 0.3/1.0 MB | 0.1/1.1 MB | 66/774 kB
Progress (5): 402/749 kB | 0.1/1.8 MB | 0.3/1.0 MB | 0.1/1.1 MB | 82/774 kB
Progress (5): 402/749 kB | 0.1/1.8 MB | 0.3/1.0 MB | 0.1/1.1 MB | 98/774 kB
Progress (5): 402/749 kB | 0.1/1.8 MB | 0.3/1.0 MB | 0.1/1.1 MB | 98/774 kB
Progress (5): 402/749 kB | 0.1/1.8 MB | 0.3/1.0 MB | 0.1/1.1 MB | 98/774 kB
Progress (5): 402/749 kB | 0.1/1.8 MB | 0.3/1.0 MB | 0.1/1.1 MB | 115/774 kB
Progress (5): 402/749 kB | 0.1/1.8 MB | 0.3/1.0 MB | 0.1/1.1 MB | 115/774 kB
Progress (5): 402/749 kB | 0.1/1.8 MB | 0.3/1.0 MB | 0.1/1.1 MB | 131/774 kB
Progress (5): 402/749 kB | 0.1/1.8 MB | 0.3/1.0 MB | 0.1/1.1 MB | 147/774 kB
Progress (5): 402/749 kB | 0.1/1.8 MB | 0.3/1.0 MB | 0.1/1.1 MB | 147/774 kB
Progress (5): 419/749 kB | 0.1/1.8 MB | 0.3/1.0 MB | 0.1/1.1 MB | 147/774 kB
Progress (5): 419/749 kB | 0.1/1.8 MB | 0.3/1.0 MB | 0.1/1.1 MB | 147/774 kB
Progress (5): 419/749 kB | 0.1/1.8 MB | 0.3/1.0 MB | 0.1/1.1 MB | 164/774 kB
Progress (5): 419/749 kB | 0.1/1.8 MB | 0.3/1.0 MB | 0.1/1.1 MB | 180/774 kB
Progress (5): 419/749 kB | 0.1/1.8 MB | 0.3/1.0 MB | 0.1/1.1 MB | 197/774 kB
Progress (5): 419/749 kB | 0.1/1.8 MB | 0.3/1.0 MB | 0.1/1.1 MB | 213/774 kB
Progress (5): 419/749 kB | 0.1/1.8 MB | 0.3/1.0 MB | 0.1/1.1 MB | 213/774 kB
Progress (5): 419/749 kB | 0.1/1.8 MB | 0.3/1.0 MB | 0.1/1.1 MB | 213/774 kB
Progress (5): 419/749 kB | 0.1/1.8 MB | 0.3/1.0 MB | 0.1/1.1 MB | 213/774 kB
Progress (5): 419/749 kB | 0.1/1.8 MB | 0.3/1.0 MB | 0.1/1.1 MB | 229/774 kB
Progress (5): 419/749 kB | 0.1/1.8 MB | 0.3/1.0 MB | 0.1/1.1 MB | 246/774 kB
Progress (5): 419/749 kB | 0.1/1.8 MB | 0.3/1.0 MB | 0.1/1.1 MB | 256/774 kB
Progress (5): 419/749 kB | 0.1/1.8 MB | 0.3/1.0 MB | 0.1/1.1 MB | 272/774 kB
Progress (5): 419/749 kB | 0.1/1.8 MB | 0.3/1.0 MB | 0.1/1.1 MB | 289/774 kB
Progress (5): 419/749 kB | 0.1/1.8 MB | 0.3/1.0 MB | 0.1/1.1 MB | 305/774 kB
Progress (5): 419/749 kB | 0.1/1.8 MB | 0.3/1.0 MB | 0.1/1.1 MB | 321/774 kB
Progress (5): 419/749 kB | 0.1/1.8 MB | 0.4/1.0 MB | 0.1/1.1 MB | 321/774 kB
Progress (5): 419/749 kB | 0.1/1.8 MB | 0.4/1.0 MB | 0.1/1.1 MB | 338/774 kB
Progress (5): 419/749 kB | 0.2/1.8 MB | 0.4/1.0 MB | 0.1/1.1 MB | 338/774 kB
Progress (5): 419/749 kB | 0.2/1.8 MB | 0.4/1.0 MB | 0.1/1.1 MB | 354/774 kB
Progress (5): 419/749 kB | 0.2/1.8 MB | 0.4/1.0 MB | 0.1/1.1 MB | 354/774 kB
Progress (5): 419/749 kB | 0.2/1.8 MB | 0.4/1.0 MB | 0.1/1.1 MB | 354/774 kB
Progress (5): 419/749 kB | 0.2/1.8 MB | 0.4/1.0 MB | 0.1/1.1 MB | 370/774 kB
Progress (5): 419/749 kB | 0.2/1.8 MB | 0.4/1.0 MB | 0.1/1.1 MB | 370/774 kB
Progress (5): 419/749 kB | 0.2/1.8 MB | 0.4/1.0 MB | 0.1/1.1 MB | 370/774 kB
Progress (5): 419/749 kB | 0.2/1.8 MB | 0.4/1.0 MB | 0.1/1.1 MB | 370/774 kB
Progress (5): 435/749 kB | 0.2/1.8 MB | 0.4/1.0 MB | 0.1/1.1 MB | 370/774 kB
Progress (5): 435/749 kB | 0.2/1.8 MB | 0.4/1.0 MB | 0.1/1.1 MB | 370/774 kB
Progress (5): 435/749 kB | 0.2/1.8 MB | 0.4/1.0 MB | 0.1/1.1 MB | 387/774 kB
Progress (5): 435/749 kB | 0.2/1.8 MB | 0.4/1.0 MB | 0.1/1.1 MB | 403/774 kB
Progress (5): 435/749 kB | 0.2/1.8 MB | 0.4/1.0 MB | 0.1/1.1 MB | 420/774 kB
Progress (5): 435/749 kB | 0.2/1.8 MB | 0.4/1.0 MB | 0.1/1.1 MB | 436/774 kB
Progress (5): 435/749 kB | 0.2/1.8 MB | 0.4/1.0 MB | 0.1/1.1 MB | 452/774 kB
Progress (5): 435/749 kB | 0.2/1.8 MB | 0.4/1.0 MB | 0.1/1.1 MB | 452/774 kB
Progress (5): 435/749 kB | 0.2/1.8 MB | 0.4/1.0 MB | 0.1/1.1 MB | 452/774 kB
Progress (5): 435/749 kB | 0.2/1.8 MB | 0.5/1.0 MB | 0.1/1.1 MB | 452/774 kB
Progress (5): 451/749 kB | 0.2/1.8 MB | 0.5/1.0 MB | 0.1/1.1 MB | 452/774 kB
Progress (5): 451/749 kB | 0.2/1.8 MB | 0.5/1.0 MB | 0.1/1.1 MB | 452/774 kB
Progress (5): 451/749 kB | 0.2/1.8 MB | 0.5/1.0 MB | 0.1/1.1 MB | 469/774 kB
Progress (5): 451/749 kB | 0.2/1.8 MB | 0.5/1.0 MB | 0.1/1.1 MB | 469/774 kB
Progress (5): 451/749 kB | 0.2/1.8 MB | 0.5/1.0 MB | 0.1/1.1 MB | 485/774 kB
Progress (5): 451/749 kB | 0.2/1.8 MB | 0.5/1.0 MB | 0.1/1.1 MB | 485/774 kB
Progress (5): 451/749 kB | 0.2/1.8 MB | 0.5/1.0 MB | 0.1/1.1 MB | 485/774 kB
Progress (5): 451/749 kB | 0.2/1.8 MB | 0.5/1.0 MB | 0.1/1.1 MB | 485/774 kB
Progress (5): 451/749 kB | 0.2/1.8 MB | 0.5/1.0 MB | 0.1/1.1 MB | 502/774 kB
Progress (5): 451/749 kB | 0.2/1.8 MB | 0.5/1.0 MB | 0.1/1.1 MB | 518/774 kB
Progress (5): 451/749 kB | 0.2/1.8 MB | 0.5/1.0 MB | 0.1/1.1 MB | 534/774 kB
Progress (5): 451/749 kB | 0.2/1.8 MB | 0.5/1.0 MB | 0.2/1.1 MB | 534/774 kB
Progress (5): 451/749 kB | 0.2/1.8 MB | 0.5/1.0 MB | 0.2/1.1 MB | 551/774 kB
Progress (5): 451/749 kB | 0.2/1.8 MB | 0.5/1.0 MB | 0.2/1.1 MB | 551/774 kB
Progress (5): 451/749 kB | 0.2/1.8 MB | 0.5/1.0 MB | 0.2/1.1 MB | 567/774 kB
Progress (5): 451/749 kB | 0.2/1.8 MB | 0.5/1.0 MB | 0.2/1.1 MB | 567/774 kB
Progress (5): 451/749 kB | 0.2/1.8 MB | 0.5/1.0 MB | 0.2/1.1 MB | 567/774 kB
Progress (5): 451/749 kB | 0.2/1.8 MB | 0.5/1.0 MB | 0.2/1.1 MB | 567/774 kB
Progress (5): 451/749 kB | 0.2/1.8 MB | 0.5/1.0 MB | 0.2/1.1 MB | 567/774 kB
Progress (5): 451/749 kB | 0.2/1.8 MB | 0.5/1.0 MB | 0.2/1.1 MB | 583/774 kB
Progress (5): 451/749 kB | 0.2/1.8 MB | 0.5/1.0 MB | 0.2/1.1 MB | 600/774 kB
Progress (5): 451/749 kB | 0.2/1.8 MB | 0.5/1.0 MB | 0.2/1.1 MB | 616/774 kB
Progress (5): 451/749 kB | 0.2/1.8 MB | 0.5/1.0 MB | 0.2/1.1 MB | 633/774 kB
Progress (5): 451/749 kB | 0.2/1.8 MB | 0.5/1.0 MB | 0.2/1.1 MB | 633/774 kB
Progress (5): 451/749 kB | 0.2/1.8 MB | 0.5/1.0 MB | 0.2/1.1 MB | 633/774 kB
Progress (5): 451/749 kB | 0.2/1.8 MB | 0.5/1.0 MB | 0.2/1.1 MB | 649/774 kB
Progress (5): 468/749 kB | 0.2/1.8 MB | 0.5/1.0 MB | 0.2/1.1 MB | 649/774 kB
Progress (5): 468/749 kB | 0.2/1.8 MB | 0.5/1.0 MB | 0.2/1.1 MB | 665/774 kB
Progress (5): 468/749 kB | 0.2/1.8 MB | 0.5/1.0 MB | 0.2/1.1 MB | 665/774 kB
Progress (5): 468/749 kB | 0.2/1.8 MB | 0.5/1.0 MB | 0.2/1.1 MB | 682/774 kB
Progress (5): 468/749 kB | 0.2/1.8 MB | 0.5/1.0 MB | 0.2/1.1 MB | 698/774 kB
Progress (5): 468/749 kB | 0.2/1.8 MB | 0.5/1.0 MB | 0.2/1.1 MB | 698/774 kB
Progress (5): 468/749 kB | 0.2/1.8 MB | 0.5/1.0 MB | 0.2/1.1 MB | 715/774 kB
Progress (5): 468/749 kB | 0.2/1.8 MB | 0.6/1.0 MB | 0.2/1.1 MB | 715/774 kB
Progress (5): 468/749 kB | 0.2/1.8 MB | 0.6/1.0 MB | 0.2/1.1 MB | 715/774 kB
Progress (5): 468/749 kB | 0.2/1.8 MB | 0.6/1.0 MB | 0.2/1.1 MB | 731/774 kB
Progress (5): 468/749 kB | 0.2/1.8 MB | 0.6/1.0 MB | 0.2/1.1 MB | 747/774 kB
Progress (5): 468/749 kB | 0.2/1.8 MB | 0.6/1.0 MB | 0.2/1.1 MB | 764/774 kB
Progress (5): 468/749 kB | 0.2/1.8 MB | 0.6/1.0 MB | 0.2/1.1 MB | 774 kB    
Progress (5): 468/749 kB | 0.2/1.8 MB | 0.6/1.0 MB | 0.2/1.1 MB | 774 kB
Progress (5): 468/749 kB | 0.2/1.8 MB | 0.6/1.0 MB | 0.2/1.1 MB | 774 kB
                                                                        
Downloaded from central: https://repo.maven.apache.org/maven2/org/apache/httpcomponents/httpclient/4.5.9/httpclient-4.5.9.jar (774 kB at 1.6 MB/s)
Downloading from central: https://repo.maven.apache.org/maven2/org/apache/httpcomponents/httpcore/4.4.11/httpcore-4.4.11.jar
Progress (4): 468/749 kB | 0.2/1.8 MB | 0.6/1.0 MB | 0.2/1.1 MB
Progress (4): 468/749 kB | 0.2/1.8 MB | 0.6/1.0 MB | 0.2/1.1 MB
Progress (4): 468/749 kB | 0.2/1.8 MB | 0.6/1.0 MB | 0.2/1.1 MB
Progress (4): 468/749 kB | 0.2/1.8 MB | 0.7/1.0 MB | 0.2/1.1 MB
Progress (4): 468/749 kB | 0.2/1.8 MB | 0.7/1.0 MB | 0.2/1.1 MB
Progress (4): 468/749 kB | 0.2/1.8 MB | 0.7/1.0 MB | 0.2/1.1 MB
Progress (4): 468/749 kB | 0.2/1.8 MB | 0.7/1.0 MB | 0.2/1.1 MB
Progress (4): 468/749 kB | 0.2/1.8 MB | 0.7/1.0 MB | 0.2/1.1 MB
Progress (4): 468/749 kB | 0.2/1.8 MB | 0.7/1.0 MB | 0.3/1.1 MB
Progress (4): 484/749 kB | 0.2/1.8 MB | 0.7/1.0 MB | 0.3/1.1 MB
Progress (4): 484/749 kB | 0.2/1.8 MB | 0.7/1.0 MB | 0.3/1.1 MB
Progress (4): 484/749 kB | 0.2/1.8 MB | 0.7/1.0 MB | 0.3/1.1 MB
Progress (4): 484/749 kB | 0.3/1.8 MB | 0.7/1.0 MB | 0.3/1.1 MB
Progress (4): 484/749 kB | 0.3/1.8 MB | 0.7/1.0 MB | 0.3/1.1 MB
Progress (4): 484/749 kB | 0.3/1.8 MB | 0.7/1.0 MB | 0.3/1.1 MB
Progress (4): 484/749 kB | 0.3/1.8 MB | 0.7/1.0 MB | 0.3/1.1 MB
Progress (4): 484/749 kB | 0.3/1.8 MB | 0.7/1.0 MB | 0.3/1.1 MB
Progress (4): 484/749 kB | 0.3/1.8 MB | 0.7/1.0 MB | 0.3/1.1 MB
Progress (4): 484/749 kB | 0.3/1.8 MB | 0.7/1.0 MB | 0.3/1.1 MB
Progress (4): 484/749 kB | 0.3/1.8 MB | 0.7/1.0 MB | 0.3/1.1 MB
Progress (4): 484/749 kB | 0.3/1.8 MB | 0.7/1.0 MB | 0.4/1.1 MB
Progress (4): 484/749 kB | 0.3/1.8 MB | 0.7/1.0 MB | 0.4/1.1 MB
Progress (4): 484/749 kB | 0.3/1.8 MB | 0.7/1.0 MB | 0.4/1.1 MB
Progress (4): 484/749 kB | 0.3/1.8 MB | 0.7/1.0 MB | 0.4/1.1 MB
Progress (4): 500/749 kB | 0.3/1.8 MB | 0.7/1.0 MB | 0.4/1.1 MB
Progress (4): 500/749 kB | 0.3/1.8 MB | 0.7/1.0 MB | 0.4/1.1 MB
Progress (4): 500/749 kB | 0.3/1.8 MB | 0.8/1.0 MB | 0.4/1.1 MB
Progress (4): 500/749 kB | 0.3/1.8 MB | 0.8/1.0 MB | 0.4/1.1 MB
Progress (4): 517/749 kB | 0.3/1.8 MB | 0.8/1.0 MB | 0.4/1.1 MB
Progress (4): 517/749 kB | 0.3/1.8 MB | 0.8/1.0 MB | 0.4/1.1 MB
Progress (4): 517/749 kB | 0.3/1.8 MB | 0.8/1.0 MB | 0.4/1.1 MB
Progress (4): 517/749 kB | 0.3/1.8 MB | 0.8/1.0 MB | 0.4/1.1 MB
Progress (4): 517/749 kB | 0.3/1.8 MB | 0.8/1.0 MB | 0.5/1.1 MB
Progress (4): 517/749 kB | 0.3/1.8 MB | 0.8/1.0 MB | 0.5/1.1 MB
Progress (4): 517/749 kB | 0.3/1.8 MB | 0.8/1.0 MB | 0.5/1.1 MB
Progress (4): 517/749 kB | 0.3/1.8 MB | 0.8/1.0 MB | 0.5/1.1 MB
Progress (4): 517/749 kB | 0.3/1.8 MB | 0.8/1.0 MB | 0.5/1.1 MB
Progress (4): 517/749 kB | 0.3/1.8 MB | 0.8/1.0 MB | 0.5/1.1 MB
Progress (5): 517/749 kB | 0.3/1.8 MB | 0.8/1.0 MB | 0.5/1.1 MB | 16/327 kB
Progress (5): 517/749 kB | 0.3/1.8 MB | 0.8/1.0 MB | 0.5/1.1 MB | 33/327 kB
Progress (5): 517/749 kB | 0.3/1.8 MB | 0.8/1.0 MB | 0.5/1.1 MB | 49/327 kB
Progress (5): 517/749 kB | 0.3/1.8 MB | 0.8/1.0 MB | 0.5/1.1 MB | 49/327 kB
Progress (5): 517/749 kB | 0.3/1.8 MB | 0.8/1.0 MB | 0.5/1.1 MB | 66/327 kB
Progress (5): 517/749 kB | 0.3/1.8 MB | 0.8/1.0 MB | 0.5/1.1 MB | 66/327 kB
Progress (5): 517/749 kB | 0.3/1.8 MB | 0.8/1.0 MB | 0.5/1.1 MB | 66/327 kB
Progress (5): 533/749 kB | 0.3/1.8 MB | 0.8/1.0 MB | 0.5/1.1 MB | 66/327 kB
Progress (5): 533/749 kB | 0.3/1.8 MB | 0.8/1.0 MB | 0.5/1.1 MB | 66/327 kB
Progress (5): 533/749 kB | 0.3/1.8 MB | 0.8/1.0 MB | 0.5/1.1 MB | 66/327 kB
Progress (5): 533/749 kB | 0.3/1.8 MB | 0.8/1.0 MB | 0.5/1.1 MB | 82/327 kB
Progress (5): 533/749 kB | 0.3/1.8 MB | 0.8/1.0 MB | 0.5/1.1 MB | 82/327 kB
Progress (5): 533/749 kB | 0.3/1.8 MB | 0.8/1.0 MB | 0.5/1.1 MB | 98/327 kB
Progress (5): 533/749 kB | 0.3/1.8 MB | 0.9/1.0 MB | 0.5/1.1 MB | 98/327 kB
Progress (5): 533/749 kB | 0.3/1.8 MB | 0.9/1.0 MB | 0.5/1.1 MB | 98/327 kB
Progress (5): 533/749 kB | 0.4/1.8 MB | 0.9/1.0 MB | 0.5/1.1 MB | 98/327 kB
Progress (5): 533/749 kB | 0.4/1.8 MB | 0.9/1.0 MB | 0.6/1.1 MB | 98/327 kB
Progress (5): 533/749 kB | 0.4/1.8 MB | 0.9/1.0 MB | 0.6/1.1 MB | 115/327 kB
Progress (5): 533/749 kB | 0.4/1.8 MB | 0.9/1.0 MB | 0.6/1.1 MB | 115/327 kB
Progress (5): 533/749 kB | 0.4/1.8 MB | 0.9/1.0 MB | 0.6/1.1 MB | 115/327 kB
Progress (5): 533/749 kB | 0.4/1.8 MB | 0.9/1.0 MB | 0.6/1.1 MB | 131/327 kB
Progress (5): 533/749 kB | 0.4/1.8 MB | 0.9/1.0 MB | 0.6/1.1 MB | 131/327 kB
Progress (5): 533/749 kB | 0.4/1.8 MB | 0.9/1.0 MB | 0.6/1.1 MB | 147/327 kB
Progress (5): 533/749 kB | 0.4/1.8 MB | 0.9/1.0 MB | 0.6/1.1 MB | 147/327 kB
Progress (5): 533/749 kB | 0.4/1.8 MB | 0.9/1.0 MB | 0.6/1.1 MB | 147/327 kB
Progress (5): 533/749 kB | 0.4/1.8 MB | 0.9/1.0 MB | 0.6/1.1 MB | 147/327 kB
Progress (5): 533/749 kB | 0.4/1.8 MB | 0.9/1.0 MB | 0.6/1.1 MB | 164/327 kB
Progress (5): 533/749 kB | 0.4/1.8 MB | 0.9/1.0 MB | 0.6/1.1 MB | 180/327 kB
Progress (5): 533/749 kB | 0.4/1.8 MB | 0.9/1.0 MB | 0.6/1.1 MB | 197/327 kB
Progress (5): 533/749 kB | 0.4/1.8 MB | 0.9/1.0 MB | 0.6/1.1 MB | 213/327 kB
Progress (5): 533/749 kB | 0.4/1.8 MB | 0.9/1.0 MB | 0.6/1.1 MB | 229/327 kB
Progress (5): 533/749 kB | 0.4/1.8 MB | 0.9/1.0 MB | 0.6/1.1 MB | 229/327 kB
Progress (5): 550/749 kB | 0.4/1.8 MB | 0.9/1.0 MB | 0.6/1.1 MB | 229/327 kB
Progress (5): 550/749 kB | 0.4/1.8 MB | 0.9/1.0 MB | 0.6/1.1 MB | 229/327 kB
Progress (5): 550/749 kB | 0.4/1.8 MB | 0.9/1.0 MB | 0.6/1.1 MB | 229/327 kB
Progress (5): 550/749 kB | 0.4/1.8 MB | 0.9/1.0 MB | 0.7/1.1 MB | 229/327 kB
Progress (5): 550/749 kB | 0.4/1.8 MB | 0.9/1.0 MB | 0.7/1.1 MB | 246/327 kB
Progress (5): 550/749 kB | 0.4/1.8 MB | 0.9/1.0 MB | 0.7/1.1 MB | 246/327 kB
Progress (5): 550/749 kB | 0.4/1.8 MB | 0.9/1.0 MB | 0.7/1.1 MB | 246/327 kB
Progress (5): 550/749 kB | 0.4/1.8 MB | 0.9/1.0 MB | 0.7/1.1 MB | 256/327 kB
Progress (5): 550/749 kB | 0.4/1.8 MB | 0.9/1.0 MB | 0.7/1.1 MB | 256/327 kB
Progress (5): 550/749 kB | 0.4/1.8 MB | 0.9/1.0 MB | 0.7/1.1 MB | 256/327 kB
Progress (5): 550/749 kB | 0.4/1.8 MB | 0.9/1.0 MB | 0.7/1.1 MB | 256/327 kB
Progress (5): 550/749 kB | 0.4/1.8 MB | 0.9/1.0 MB | 0.7/1.1 MB | 256/327 kB
Progress (5): 550/749 kB | 0.4/1.8 MB | 0.9/1.0 MB | 0.7/1.1 MB | 256/327 kB
Progress (5): 566/749 kB | 0.4/1.8 MB | 0.9/1.0 MB | 0.7/1.1 MB | 256/327 kB
Progress (5): 582/749 kB | 0.4/1.8 MB | 0.9/1.0 MB | 0.7/1.1 MB | 256/327 kB
Progress (5): 599/749 kB | 0.4/1.8 MB | 0.9/1.0 MB | 0.7/1.1 MB | 256/327 kB
Progress (5): 599/749 kB | 0.4/1.8 MB | 0.9/1.0 MB | 0.7/1.1 MB | 272/327 kB
Progress (5): 599/749 kB | 0.4/1.8 MB | 0.9/1.0 MB | 0.7/1.1 MB | 289/327 kB
Progress (5): 599/749 kB | 0.4/1.8 MB | 0.9/1.0 MB | 0.7/1.1 MB | 289/327 kB
Progress (5): 599/749 kB | 0.4/1.8 MB | 1.0/1.0 MB | 0.7/1.1 MB | 289/327 kB
Progress (5): 599/749 kB | 0.4/1.8 MB | 1.0/1.0 MB | 0.7/1.1 MB | 289/327 kB
Progress (5): 599/749 kB | 0.4/1.8 MB | 1.0/1.0 MB | 0.7/1.1 MB | 289/327 kB
Progress (5): 599/749 kB | 0.4/1.8 MB | 1.0/1.0 MB | 0.7/1.1 MB | 289/327 kB
Progress (5): 599/749 kB | 0.4/1.8 MB | 1.0 MB | 0.7/1.1 MB | 289/327 kB    
Progress (5): 599/749 kB | 0.4/1.8 MB | 1.0 MB | 0.8/1.1 MB | 289/327 kB
Progress (5): 599/749 kB | 0.4/1.8 MB | 1.0 MB | 0.8/1.1 MB | 289/327 kB
Progress (5): 599/749 kB | 0.4/1.8 MB | 1.0 MB | 0.8/1.1 MB | 305/327 kB
Progress (5): 599/749 kB | 0.4/1.8 MB | 1.0 MB | 0.8/1.1 MB | 321/327 kB
Progress (5): 599/749 kB | 0.4/1.8 MB | 1.0 MB | 0.8/1.1 MB | 321/327 kB
Progress (5): 599/749 kB | 0.4/1.8 MB | 1.0 MB | 0.8/1.1 MB | 327 kB    
Progress (5): 599/749 kB | 0.4/1.8 MB | 1.0 MB | 0.8/1.1 MB | 327 kB
Progress (5): 599/749 kB | 0.4/1.8 MB | 1.0 MB | 0.8/1.1 MB | 327 kB
Progress (5): 599/749 kB | 0.4/1.8 MB | 1.0 MB | 0.8/1.1 MB | 327 kB
Progress (5): 599/749 kB | 0.4/1.8 MB | 1.0 MB | 0.9/1.1 MB | 327 kB
Progress (5): 599/749 kB | 0.4/1.8 MB | 1.0 MB | 0.9/1.1 MB | 327 kB
Progress (5): 599/749 kB | 0.4/1.8 MB | 1.0 MB | 0.9/1.1 MB | 327 kB
Progress (5): 615/749 kB | 0.4/1.8 MB | 1.0 MB | 0.9/1.1 MB | 327 kB
Progress (5): 615/749 kB | 0.4/1.8 MB | 1.0 MB | 0.9/1.1 MB | 327 kB
Progress (5): 615/749 kB | 0.4/1.8 MB | 1.0 MB | 0.9/1.1 MB | 327 kB
Progress (5): 615/749 kB | 0.4/1.8 MB | 1.0 MB | 0.9/1.1 MB | 327 kB
Progress (5): 615/749 kB | 0.4/1.8 MB | 1.0 MB | 1.0/1.1 MB | 327 kB
Progress (5): 615/749 kB | 0.4/1.8 MB | 1.0 MB | 1.0/1.1 MB | 327 kB
Progress (5): 615/749 kB | 0.4/1.8 MB | 1.0 MB | 1.0/1.1 MB | 327 kB
Progress (5): 615/749 kB | 0.4/1.8 MB | 1.0 MB | 1.0/1.1 MB | 327 kB
Progress (5): 615/749 kB | 0.4/1.8 MB | 1.0 MB | 1.0/1.1 MB | 327 kB
Progress (5): 615/749 kB | 0.4/1.8 MB | 1.0 MB | 1.0/1.1 MB | 327 kB
Progress (5): 615/749 kB | 0.4/1.8 MB | 1.0 MB | 1.1/1.1 MB | 327 kB
Progress (5): 615/749 kB | 0.4/1.8 MB | 1.0 MB | 1.1 MB | 327 kB    
Progress (5): 615/749 kB | 0.4/1.8 MB | 1.0 MB | 1.1 MB | 327 kB
Progress (5): 615/749 kB | 0.4/1.8 MB | 1.0 MB | 1.1 MB | 327 kB
Progress (5): 632/749 kB | 0.4/1.8 MB | 1.0 MB | 1.1 MB | 327 kB
Progress (5): 632/749 kB | 0.4/1.8 MB | 1.0 MB | 1.1 MB | 327 kB
Progress (5): 632/749 kB | 0.5/1.8 MB | 1.0 MB | 1.1 MB | 327 kB
Progress (5): 632/749 kB | 0.5/1.8 MB | 1.0 MB | 1.1 MB | 327 kB
Progress (5): 632/749 kB | 0.5/1.8 MB | 1.0 MB | 1.1 MB | 327 kB
Progress (5): 632/749 kB | 0.5/1.8 MB | 1.0 MB | 1.1 MB | 327 kB
Progress (5): 632/749 kB | 0.5/1.8 MB | 1.0 MB | 1.1 MB | 327 kB
Progress (5): 632/749 kB | 0.5/1.8 MB | 1.0 MB | 1.1 MB | 327 kB
                                                                
Downloaded from central: https://repo.maven.apache.org/maven2/org/apache/httpcomponents/httpcore/4.4.11/httpcore-4.4.11.jar (327 kB at 527 kB/s)
Downloading from central: https://repo.maven.apache.org/maven2/software/amazon/ion/ion-java/1.0.2/ion-java-1.0.2.jar
Progress (4): 632/749 kB | 0.6/1.8 MB | 1.0 MB | 1.1 MB
Progress (4): 648/749 kB | 0.6/1.8 MB | 1.0 MB | 1.1 MB
                                                       
Downloaded from central: https://repo.maven.apache.org/maven2/com/amazonaws/aws-java-sdk-core/1.11.820/aws-java-sdk-core-1.11.820.jar (1.0 MB at 1.6 MB/s)
Downloading from central: https://repo.maven.apache.org/maven2/com/fasterxml/jackson/dataformat/jackson-dataformat-cbor/2.6.7/jackson-dataformat-cbor-2.6.7.jar
Downloaded from central: https://repo.maven.apache.org/maven2/com/amazonaws/aws-java-sdk-s3/1.11.820/aws-java-sdk-s3-1.11.820.jar (1.1 MB at 1.7 MB/s)
Downloading from central: https://repo.maven.apache.org/maven2/joda-time/joda-time/2.8.1/joda-time-2.8.1.jar
Progress (2): 648/749 kB | 0.6/1.8 MB
Progress (2): 648/749 kB | 0.6/1.8 MB
Progress (3): 648/749 kB | 0.6/1.8 MB | 16/565 kB
Progress (3): 648/749 kB | 0.6/1.8 MB | 33/565 kB
Progress (3): 648/749 kB | 0.6/1.8 MB | 49/565 kB
Progress (3): 648/749 kB | 0.6/1.8 MB | 62/565 kB
Progress (3): 648/749 kB | 0.6/1.8 MB | 78/565 kB
Progress (3): 648/749 kB | 0.6/1.8 MB | 95/565 kB
Progress (3): 648/749 kB | 0.6/1.8 MB | 111/565 kB
Progress (3): 648/749 kB | 0.6/1.8 MB | 128/565 kB
Progress (3): 648/749 kB | 0.6/1.8 MB | 128/565 kB
Progress (3): 648/749 kB | 0.6/1.8 MB | 144/565 kB
Progress (3): 648/749 kB | 0.6/1.8 MB | 160/565 kB
Progress (3): 648/749 kB | 0.6/1.8 MB | 177/565 kB
Progress (3): 648/749 kB | 0.6/1.8 MB | 193/565 kB
Progress (3): 648/749 kB | 0.6/1.8 MB | 210/565 kB
Progress (3): 648/749 kB | 0.6/1.8 MB | 226/565 kB
Progress (3): 648/749 kB | 0.6/1.8 MB | 242/565 kB
Progress (3): 648/749 kB | 0.6/1.8 MB | 259/565 kB
Progress (3): 648/749 kB | 0.6/1.8 MB | 275/565 kB
Progress (3): 648/749 kB | 0.6/1.8 MB | 291/565 kB
Progress (3): 648/749 kB | 0.6/1.8 MB | 308/565 kB
Progress (3): 648/749 kB | 0.6/1.8 MB | 324/565 kB
Progress (3): 648/749 kB | 0.6/1.8 MB | 324/565 kB
Progress (3): 648/749 kB | 0.6/1.8 MB | 341/565 kB
Progress (3): 648/749 kB | 0.6/1.8 MB | 357/565 kB
Progress (3): 648/749 kB | 0.6/1.8 MB | 373/565 kB
Progress (3): 648/749 kB | 0.6/1.8 MB | 390/565 kB
Progress (3): 664/749 kB | 0.6/1.8 MB | 390/565 kB
Progress (3): 664/749 kB | 0.6/1.8 MB | 406/565 kB
Progress (4): 664/749 kB | 0.6/1.8 MB | 406/565 kB | 16/622 kB
Progress (4): 681/749 kB | 0.6/1.8 MB | 406/565 kB | 16/622 kB
Progress (5): 681/749 kB | 0.6/1.8 MB | 406/565 kB | 16/622 kB | 16/48 kB
Progress (5): 697/749 kB | 0.6/1.8 MB | 406/565 kB | 16/622 kB | 16/48 kB
Progress (5): 697/749 kB | 0.6/1.8 MB | 406/565 kB | 16/622 kB | 33/48 kB
Progress (5): 697/749 kB | 0.6/1.8 MB | 423/565 kB | 16/622 kB | 33/48 kB
Progress (5): 697/749 kB | 0.6/1.8 MB | 423/565 kB | 33/622 kB | 33/48 kB
Progress (5): 697/749 kB | 0.6/1.8 MB | 423/565 kB | 33/622 kB | 48 kB   
Progress (5): 697/749 kB | 0.6/1.8 MB | 423/565 kB | 33/622 kB | 48 kB
Progress (5): 697/749 kB | 0.6/1.8 MB | 439/565 kB | 33/622 kB | 48 kB
Progress (5): 697/749 kB | 0.6/1.8 MB | 455/565 kB | 33/622 kB | 48 kB
Progress (5): 697/749 kB | 0.6/1.8 MB | 472/565 kB | 33/622 kB | 48 kB
Progress (5): 697/749 kB | 0.6/1.8 MB | 488/565 kB | 33/622 kB | 48 kB
Progress (5): 697/749 kB | 0.6/1.8 MB | 488/565 kB | 49/622 kB | 48 kB
Progress (5): 697/749 kB | 0.6/1.8 MB | 504/565 kB | 49/622 kB | 48 kB
Progress (5): 697/749 kB | 0.6/1.8 MB | 521/565 kB | 49/622 kB | 48 kB
Progress (5): 697/749 kB | 0.6/1.8 MB | 521/565 kB | 64/622 kB | 48 kB
Progress (5): 697/749 kB | 0.6/1.8 MB | 521/565 kB | 80/622 kB | 48 kB
                                                                      
Downloaded from central: https://repo.maven.apache.org/maven2/com/fasterxml/jackson/dataformat/jackson-dataformat-cbor/2.6.7/jackson-dataformat-cbor-2.6.7.jar (48 kB at 72 kB/s)
Downloading from central: https://repo.maven.apache.org/maven2/com/amazonaws/jmespath-java/1.11.820/jmespath-java-1.11.820.jar
Progress (4): 697/749 kB | 0.6/1.8 MB | 521/565 kB | 96/622 kB
Progress (4): 697/749 kB | 0.6/1.8 MB | 537/565 kB | 96/622 kB
Progress (4): 697/749 kB | 0.6/1.8 MB | 554/565 kB | 96/622 kB
Progress (4): 697/749 kB | 0.6/1.8 MB | 565 kB | 96/622 kB    
Progress (4): 697/749 kB | 0.7/1.8 MB | 565 kB | 96/622 kB
Progress (4): 697/749 kB | 0.7/1.8 MB | 565 kB | 113/622 kB
Progress (4): 697/749 kB | 0.7/1.8 MB | 565 kB | 113/622 kB
Progress (4): 697/749 kB | 0.7/1.8 MB | 565 kB | 129/622 kB
Progress (4): 713/749 kB | 0.7/1.8 MB | 565 kB | 129/622 kB
Progress (4): 713/749 kB | 0.7/1.8 MB | 565 kB | 146/622 kB
                                                           
Downloaded from central: https://repo.maven.apache.org/maven2/software/amazon/ion/ion-java/1.0.2/ion-java-1.0.2.jar (565 kB at 804 kB/s)
Downloading from central: https://repo.maven.apache.org/maven2/org/apache/maven/maven-plugin-api/3.3.9/maven-plugin-api-3.3.9.jar
Progress (3): 713/749 kB | 0.7/1.8 MB | 146/622 kB
Progress (3): 713/749 kB | 0.7/1.8 MB | 162/622 kB
Progress (3): 730/749 kB | 0.7/1.8 MB | 162/622 kB
Progress (4): 730/749 kB | 0.7/1.8 MB | 162/622 kB | 16/47 kB
Progress (4): 730/749 kB | 0.7/1.8 MB | 162/622 kB | 32/47 kB
Progress (4): 730/749 kB | 0.7/1.8 MB | 162/622 kB | 47 kB   
                                                          
Downloaded from central: https://repo.maven.apache.org/maven2/org/apache/maven/maven-plugin-api/3.3.9/maven-plugin-api-3.3.9.jar (47 kB at 64 kB/s)
Downloading from central: https://repo.maven.apache.org/maven2/org/eclipse/sisu/org.eclipse.sisu.plexus/0.3.2/org.eclipse.sisu.plexus-0.3.2.jar
Progress (3): 746/749 kB | 0.7/1.8 MB | 162/622 kB
Progress (3): 749 kB | 0.7/1.8 MB | 162/622 kB    
Progress (4): 749 kB | 0.7/1.8 MB | 162/622 kB | 16/28 kB
Progress (4): 749 kB | 0.7/1.8 MB | 162/622 kB | 28 kB   
Progress (4): 749 kB | 0.7/1.8 MB | 178/622 kB | 28 kB
Progress (4): 749 kB | 0.7/1.8 MB | 195/622 kB | 28 kB
Progress (4): 749 kB | 0.7/1.8 MB | 195/622 kB | 28 kB
Progress (4): 749 kB | 0.7/1.8 MB | 195/622 kB | 28 kB
Progress (4): 749 kB | 0.7/1.8 MB | 195/622 kB | 28 kB
Progress (4): 749 kB | 0.8/1.8 MB | 195/622 kB | 28 kB
                                                      
Downloaded from central: https://repo.maven.apache.org/maven2/com/amazonaws/jmespath-java/1.11.820/jmespath-java-1.11.820.jar (28 kB at 37 kB/s)
Downloading from central: https://repo.maven.apache.org/maven2/javax/enterprise/cdi-api/1.0/cdi-api-1.0.jar
Progress (3): 749 kB | 0.8/1.8 MB | 211/622 kB
Progress (3): 749 kB | 0.8/1.8 MB | 228/622 kB
Progress (3): 749 kB | 0.8/1.8 MB | 228/622 kB
Progress (3): 749 kB | 0.8/1.8 MB | 244/622 kB
Progress (3): 749 kB | 0.8/1.8 MB | 260/622 kB
Progress (3): 749 kB | 0.8/1.8 MB | 277/622 kB
Progress (3): 749 kB | 0.8/1.8 MB | 293/622 kB
Progress (3): 749 kB | 0.8/1.8 MB | 309/622 kB
Progress (3): 749 kB | 0.8/1.8 MB | 326/622 kB
Progress (3): 749 kB | 0.8/1.8 MB | 342/622 kB
Progress (3): 749 kB | 0.8/1.8 MB | 359/622 kB
                                              
Downloaded from central: https://repo.maven.apache.org/maven2/org/javassist/javassist/3.19.0-GA/javassist-3.19.0-GA.jar (749 kB at 987 kB/s)
Downloading from central: https://repo.maven.apache.org/maven2/javax/annotation/jsr250-api/1.0/jsr250-api-1.0.jar
Progress (2): 0.8/1.8 MB | 375/622 kB
Progress (2): 0.8/1.8 MB | 391/622 kB
Progress (2): 0.8/1.8 MB | 391/622 kB
Progress (3): 0.8/1.8 MB | 391/622 kB | 16/205 kB
Progress (3): 0.8/1.8 MB | 391/622 kB | 33/205 kB
Progress (3): 0.8/1.8 MB | 391/622 kB | 49/205 kB
Progress (3): 0.8/1.8 MB | 391/622 kB | 49/205 kB
Progress (3): 0.8/1.8 MB | 391/622 kB | 65/205 kB
Progress (3): 0.8/1.8 MB | 391/622 kB | 81/205 kB
Progress (3): 0.8/1.8 MB | 408/622 kB | 81/205 kB
Progress (3): 0.8/1.8 MB | 408/622 kB | 98/205 kB
Progress (3): 0.8/1.8 MB | 408/622 kB | 114/205 kB
Progress (3): 0.8/1.8 MB | 408/622 kB | 131/205 kB
Progress (3): 0.8/1.8 MB | 408/622 kB | 147/205 kB
Progress (3): 0.8/1.8 MB | 408/622 kB | 163/205 kB
Progress (3): 0.8/1.8 MB | 408/622 kB | 180/205 kB
Progress (3): 0.8/1.8 MB | 408/622 kB | 196/205 kB
Progress (3): 0.8/1.8 MB | 408/622 kB | 205 kB    
Progress (3): 0.8/1.8 MB | 424/622 kB | 205 kB
Progress (3): 0.8/1.8 MB | 441/622 kB | 205 kB
Progress (3): 0.8/1.8 MB | 457/622 kB | 205 kB
Progress (3): 0.8/1.8 MB | 457/622 kB | 205 kB
Progress (3): 0.8/1.8 MB | 473/622 kB | 205 kB
                                              
Downloaded from central: https://repo.maven.apache.org/maven2/org/eclipse/sisu/org.eclipse.sisu.plexus/0.3.2/org.eclipse.sisu.plexus-0.3.2.jar (205 kB at 258 kB/s)
Downloading from central: https://repo.maven.apache.org/maven2/org/eclipse/sisu/org.eclipse.sisu.inject/0.3.2/org.eclipse.sisu.inject-0.3.2.jar
Progress (2): 0.8/1.8 MB | 490/622 kB
Progress (2): 0.8/1.8 MB | 506/622 kB
Progress (2): 0.8/1.8 MB | 506/622 kB
Progress (3): 0.8/1.8 MB | 506/622 kB | 16/45 kB
Progress (4): 0.8/1.8 MB | 506/622 kB | 16/45 kB | 5.8 kB
Progress (4): 0.8/1.8 MB | 506/622 kB | 32/45 kB | 5.8 kB
Progress (4): 0.8/1.8 MB | 506/622 kB | 45 kB | 5.8 kB   
Progress (4): 0.8/1.8 MB | 522/622 kB | 45 kB | 5.8 kB
                                                      
Downloaded from central: https://repo.maven.apache.org/maven2/javax/enterprise/cdi-api/1.0/cdi-api-1.0.jar (45 kB at 56 kB/s)
Downloading from central: https://repo.maven.apache.org/maven2/org/apache/maven/maven-core/3.3.9/maven-core-3.3.9.jar
Downloaded from central: https://repo.maven.apache.org/maven2/javax/annotation/jsr250-api/1.0/jsr250-api-1.0.jar (5.8 kB at 7.3 kB/s)
Downloading from central: https://repo.maven.apache.org/maven2/org/apache/maven/maven-settings/3.3.9/maven-settings-3.3.9.jar
Progress (2): 0.9/1.8 MB | 522/622 kB
Progress (3): 0.9/1.8 MB | 522/622 kB | 16/378 kB
Progress (3): 0.9/1.8 MB | 522/622 kB | 33/378 kB
Progress (3): 0.9/1.8 MB | 522/622 kB | 33/378 kB
Progress (3): 0.9/1.8 MB | 522/622 kB | 49/378 kB
Progress (3): 0.9/1.8 MB | 522/622 kB | 66/378 kB
Progress (3): 0.9/1.8 MB | 522/622 kB | 82/378 kB
Progress (3): 0.9/1.8 MB | 522/622 kB | 98/378 kB
Progress (3): 0.9/1.8 MB | 522/622 kB | 115/378 kB
Progress (3): 0.9/1.8 MB | 522/622 kB | 131/378 kB
Progress (3): 0.9/1.8 MB | 522/622 kB | 147/378 kB
Progress (3): 0.9/1.8 MB | 522/622 kB | 164/378 kB
Progress (3): 0.9/1.8 MB | 522/622 kB | 180/378 kB
Progress (3): 0.9/1.8 MB | 522/622 kB | 180/378 kB
Progress (3): 0.9/1.8 MB | 522/622 kB | 197/378 kB
Progress (3): 0.9/1.8 MB | 522/622 kB | 213/378 kB
Progress (3): 0.9/1.8 MB | 522/622 kB | 229/378 kB
Progress (3): 0.9/1.8 MB | 522/622 kB | 246/378 kB
Progress (3): 0.9/1.8 MB | 522/622 kB | 256/378 kB
Progress (3): 0.9/1.8 MB | 522/622 kB | 272/378 kB
Progress (3): 0.9/1.8 MB | 522/622 kB | 289/378 kB
Progress (3): 0.9/1.8 MB | 522/622 kB | 305/378 kB
Progress (3): 0.9/1.8 MB | 522/622 kB | 321/378 kB
Progress (3): 0.9/1.8 MB | 522/622 kB | 338/378 kB
Progress (3): 0.9/1.8 MB | 522/622 kB | 354/378 kB
Progress (3): 0.9/1.8 MB | 522/622 kB | 370/378 kB
Progress (3): 0.9/1.8 MB | 522/622 kB | 378 kB    
Progress (3): 0.9/1.8 MB | 539/622 kB | 378 kB
Progress (3): 0.9/1.8 MB | 555/622 kB | 378 kB
Progress (3): 0.9/1.8 MB | 572/622 kB | 378 kB
Progress (3): 0.9/1.8 MB | 588/622 kB | 378 kB
Progress (3): 0.9/1.8 MB | 604/622 kB | 378 kB
Progress (3): 0.9/1.8 MB | 621/622 kB | 378 kB
Progress (3): 0.9/1.8 MB | 622 kB | 378 kB    
Progress (3): 0.9/1.8 MB | 622 kB | 378 kB
Progress (4): 0.9/1.8 MB | 622 kB | 378 kB | 16/638 kB
Progress (4): 0.9/1.8 MB | 622 kB | 378 kB | 32/638 kB
Progress (4): 0.9/1.8 MB | 622 kB | 378 kB | 49/638 kB
Progress (4): 0.9/1.8 MB | 622 kB | 378 kB | 65/638 kB
Progress (4): 0.9/1.8 MB | 622 kB | 378 kB | 81/638 kB
Progress (4): 0.9/1.8 MB | 622 kB | 378 kB | 98/638 kB
Progress (5): 0.9/1.8 MB | 622 kB | 378 kB | 98/638 kB | 16/44 kB
                                                                 
Downloaded from central: https://repo.maven.apache.org/maven2/org/eclipse/sisu/org.eclipse.sisu.inject/0.3.2/org.eclipse.sisu.inject-0.3.2.jar (378 kB at 443 kB/s)
Downloading from central: https://repo.maven.apache.org/maven2/org/apache/maven/maven-settings-builder/3.3.9/maven-settings-builder-3.3.9.jar
Progress (4): 0.9/1.8 MB | 622 kB | 114/638 kB | 16/44 kB
Progress (4): 0.9/1.8 MB | 622 kB | 131/638 kB | 16/44 kB
                                                         
Downloaded from central: https://repo.maven.apache.org/maven2/joda-time/joda-time/2.8.1/joda-time-2.8.1.jar (622 kB at 730 kB/s)
Downloading from central: https://repo.maven.apache.org/maven2/org/apache/maven/maven-builder-support/3.3.9/maven-builder-support-3.3.9.jar
Progress (3): 0.9/1.8 MB | 131/638 kB | 16/44 kB
Progress (3): 0.9/1.8 MB | 147/638 kB | 16/44 kB
Progress (3): 0.9/1.8 MB | 163/638 kB | 16/44 kB
Progress (3): 0.9/1.8 MB | 180/638 kB | 16/44 kB
Progress (3): 0.9/1.8 MB | 180/638 kB | 16/44 kB
Progress (3): 1.0/1.8 MB | 180/638 kB | 16/44 kB
Progress (3): 1.0/1.8 MB | 196/638 kB | 16/44 kB
Progress (3): 1.0/1.8 MB | 212/638 kB | 16/44 kB
Progress (3): 1.0/1.8 MB | 212/638 kB | 33/44 kB
Progress (4): 1.0/1.8 MB | 212/638 kB | 33/44 kB | 15 kB
Progress (4): 1.0/1.8 MB | 228/638 kB | 33/44 kB | 15 kB
Progress (5): 1.0/1.8 MB | 228/638 kB | 33/44 kB | 15 kB | 16/43 kB
                                                                   
Downloaded from central: https://repo.maven.apache.org/maven2/org/apache/maven/maven-builder-support/3.3.9/maven-builder-support-3.3.9.jar (15 kB at 17 kB/s)
Downloading from central: https://repo.maven.apache.org/maven2/org/apache/maven/maven-repository-metadata/3.3.9/maven-repository-metadata-3.3.9.jar
Progress (4): 1.0/1.8 MB | 228/638 kB | 33/44 kB | 16/43 kB
Progress (4): 1.0/1.8 MB | 228/638 kB | 33/44 kB | 32/43 kB
Progress (4): 1.0/1.8 MB | 244/638 kB | 33/44 kB | 32/43 kB
Progress (4): 1.0/1.8 MB | 261/638 kB | 33/44 kB | 32/43 kB
Progress (4): 1.0/1.8 MB | 261/638 kB | 33/44 kB | 43 kB   
Progress (4): 1.0/1.8 MB | 277/638 kB | 33/44 kB | 43 kB
                                                        
Downloaded from central: https://repo.maven.apache.org/maven2/org/apache/maven/maven-settings-builder/3.3.9/maven-settings-builder-3.3.9.jar (43 kB at 48 kB/s)
Downloading from central: https://repo.maven.apache.org/maven2/org/apache/maven/maven-model-builder/3.3.9/maven-model-builder-3.3.9.jar
Progress (3): 1.0/1.8 MB | 294/638 kB | 33/44 kB
Progress (3): 1.0/1.8 MB | 294/638 kB | 44 kB   
Progress (3): 1.0/1.8 MB | 310/638 kB | 44 kB
Progress (3): 1.0/1.8 MB | 326/638 kB | 44 kB
Progress (3): 1.0/1.8 MB | 343/638 kB | 44 kB
Progress (3): 1.0/1.8 MB | 359/638 kB | 44 kB
Progress (3): 1.0/1.8 MB | 359/638 kB | 44 kB
Progress (3): 1.0/1.8 MB | 359/638 kB | 44 kB
Progress (3): 1.0/1.8 MB | 375/638 kB | 44 kB
Progress (3): 1.0/1.8 MB | 392/638 kB | 44 kB
                                             
Downloaded from central: https://repo.maven.apache.org/maven2/org/apache/maven/maven-settings/3.3.9/maven-settings-3.3.9.jar (44 kB at 49 kB/s)
Downloading from central: https://repo.maven.apache.org/maven2/org/apache/maven/maven-aether-provider/3.3.9/maven-aether-provider-3.3.9.jar
Progress (2): 1.0/1.8 MB | 392/638 kB
Progress (2): 1.0/1.8 MB | 408/638 kB
Progress (2): 1.0/1.8 MB | 425/638 kB
Progress (2): 1.0/1.8 MB | 441/638 kB
Progress (2): 1.0/1.8 MB | 457/638 kB
Progress (3): 1.0/1.8 MB | 457/638 kB | 16/177 kB
Progress (4): 1.0/1.8 MB | 457/638 kB | 16/177 kB | 16/27 kB
Progress (4): 1.0/1.8 MB | 457/638 kB | 16/177 kB | 27 kB   
Progress (4): 1.0/1.8 MB | 457/638 kB | 16/177 kB | 27 kB
Progress (4): 1.0/1.8 MB | 457/638 kB | 33/177 kB | 27 kB
Progress (4): 1.0/1.8 MB | 457/638 kB | 49/177 kB | 27 kB
Progress (4): 1.0/1.8 MB | 474/638 kB | 49/177 kB | 27 kB
Progress (4): 1.0/1.8 MB | 490/638 kB | 49/177 kB | 27 kB
Progress (4): 1.0/1.8 MB | 507/638 kB | 49/177 kB | 27 kB
                                                         
Downloaded from central: https://repo.maven.apache.org/maven2/org/apache/maven/maven-repository-metadata/3.3.9/maven-repository-metadata-3.3.9.jar (27 kB at 29 kB/s)
Downloading from central: https://repo.maven.apache.org/maven2/org/eclipse/aether/aether-spi/1.0.2.v20150114/aether-spi-1.0.2.v20150114.jar
Progress (3): 1.0/1.8 MB | 523/638 kB | 49/177 kB
Progress (3): 1.0/1.8 MB | 523/638 kB | 63/177 kB
Progress (3): 1.0/1.8 MB | 523/638 kB | 79/177 kB
Progress (3): 1.0/1.8 MB | 539/638 kB | 79/177 kB
Progress (3): 1.0/1.8 MB | 556/638 kB | 79/177 kB
Progress (3): 1.0/1.8 MB | 556/638 kB | 96/177 kB
Progress (4): 1.0/1.8 MB | 556/638 kB | 96/177 kB | 16/31 kB
Progress (4): 1.0/1.8 MB | 556/638 kB | 96/177 kB | 31 kB   
Progress (4): 1.0/1.8 MB | 556/638 kB | 112/177 kB | 31 kB
Progress (5): 1.0/1.8 MB | 556/638 kB | 112/177 kB | 31 kB | 16/67 kB
                                                                     
Downloaded from central: https://repo.maven.apache.org/maven2/org/eclipse/aether/aether-spi/1.0.2.v20150114/aether-spi-1.0.2.v20150114.jar (31 kB at 31 kB/s)
Downloading from central: https://repo.maven.apache.org/maven2/org/eclipse/aether/aether-impl/1.0.2.v20150114/aether-impl-1.0.2.v20150114.jar
Progress (4): 1.0/1.8 MB | 572/638 kB | 112/177 kB | 16/67 kB
Progress (4): 1.0/1.8 MB | 572/638 kB | 129/177 kB | 16/67 kB
Progress (4): 1.0/1.8 MB | 588/638 kB | 129/177 kB | 16/67 kB
Progress (4): 1.0/1.8 MB | 588/638 kB | 145/177 kB | 16/67 kB
Progress (4): 1.0/1.8 MB | 605/638 kB | 145/177 kB | 16/67 kB
Progress (4): 1.0/1.8 MB | 621/638 kB | 145/177 kB | 16/67 kB
Progress (4): 1.0/1.8 MB | 638/638 kB | 145/177 kB | 16/67 kB
Progress (4): 1.0/1.8 MB | 638 kB | 145/177 kB | 16/67 kB    
Progress (4): 1.0/1.8 MB | 638 kB | 161/177 kB | 16/67 kB
Progress (4): 1.0/1.8 MB | 638 kB | 161/177 kB | 16/67 kB
Progress (4): 1.1/1.8 MB | 638 kB | 161/177 kB | 16/67 kB
Progress (4): 1.1/1.8 MB | 638 kB | 177 kB | 16/67 kB    
Progress (4): 1.1/1.8 MB | 638 kB | 177 kB | 16/67 kB
Progress (4): 1.1/1.8 MB | 638 kB | 177 kB | 16/67 kB
Progress (4): 1.1/1.8 MB | 638 kB | 177 kB | 32/67 kB
Progress (4): 1.1/1.8 MB | 638 kB | 177 kB | 32/67 kB
                                                     
Downloaded from central: https://repo.maven.apache.org/maven2/org/apache/maven/maven-core/3.3.9/maven-core-3.3.9.jar (638 kB at 626 kB/s)
Downloading from central: https://repo.maven.apache.org/maven2/org/eclipse/aether/aether-api/1.0.2.v20150114/aether-api-1.0.2.v20150114.jar
Downloaded from central: https://repo.maven.apache.org/maven2/org/apache/maven/maven-model-builder/3.3.9/maven-model-builder-3.3.9.jar (177 kB at 174 kB/s)
Downloading from central: https://repo.maven.apache.org/maven2/org/eclipse/aether/aether-util/1.0.2.v20150114/aether-util-1.0.2.v20150114.jar
Progress (3): 1.1/1.8 MB | 32/67 kB | 16/173 kB
Progress (3): 1.1/1.8 MB | 32/67 kB | 33/173 kB
Progress (3): 1.1/1.8 MB | 32/67 kB | 49/173 kB
Progress (3): 1.1/1.8 MB | 32/67 kB | 62/173 kB
Progress (3): 1.1/1.8 MB | 32/67 kB | 79/173 kB
Progress (3): 1.1/1.8 MB | 32/67 kB | 95/173 kB
Progress (3): 1.1/1.8 MB | 32/67 kB | 112/173 kB
Progress (3): 1.1/1.8 MB | 32/67 kB | 128/173 kB
Progress (3): 1.1/1.8 MB | 32/67 kB | 144/173 kB
Progress (3): 1.1/1.8 MB | 32/67 kB | 161/173 kB
Progress (3): 1.1/1.8 MB | 32/67 kB | 173 kB    
                                            
Downloaded from central: https://repo.maven.apache.org/maven2/org/eclipse/aether/aether-impl/1.0.2.v20150114/aether-impl-1.0.2.v20150114.jar (173 kB at 167 kB/s)
Downloading from central: https://repo.maven.apache.org/maven2/com/google/inject/guice/4.0/guice-4.0-no_aop.jar
Progress (2): 1.1/1.8 MB | 32/67 kB
Progress (2): 1.1/1.8 MB | 49/67 kB
Progress (2): 1.1/1.8 MB | 49/67 kB
Progress (3): 1.1/1.8 MB | 49/67 kB | 16/136 kB
Progress (4): 1.1/1.8 MB | 49/67 kB | 16/136 kB | 16/147 kB
Progress (4): 1.2/1.8 MB | 49/67 kB | 16/136 kB | 16/147 kB
Progress (4): 1.2/1.8 MB | 49/67 kB | 16/136 kB | 33/147 kB
Progress (4): 1.2/1.8 MB | 49/67 kB | 33/136 kB | 33/147 kB
Progress (4): 1.2/1.8 MB | 65/67 kB | 33/136 kB | 33/147 kB
Progress (4): 1.2/1.8 MB | 65/67 kB | 49/136 kB | 33/147 kB
Progress (4): 1.2/1.8 MB | 65/67 kB | 49/136 kB | 49/147 kB
Progress (4): 1.2/1.8 MB | 65/67 kB | 49/136 kB | 66/147 kB
Progress (4): 1.2/1.8 MB | 65/67 kB | 65/136 kB | 66/147 kB
Progress (4): 1.2/1.8 MB | 65/67 kB | 65/136 kB | 82/147 kB
Progress (4): 1.2/1.8 MB | 65/67 kB | 82/136 kB | 82/147 kB
Progress (4): 1.2/1.8 MB | 67 kB | 82/136 kB | 82/147 kB   
Progress (4): 1.2/1.8 MB | 67 kB | 82/136 kB | 98/147 kB
Progress (4): 1.2/1.8 MB | 67 kB | 98/136 kB | 98/147 kB
                                                        
Downloaded from central: https://repo.maven.apache.org/maven2/org/apache/maven/maven-aether-provider/3.3.9/maven-aether-provider-3.3.9.jar (67 kB at 63 kB/s)
Downloading from central: https://repo.maven.apache.org/maven2/aopalliance/aopalliance/1.0/aopalliance-1.0.jar
Progress (3): 1.2/1.8 MB | 114/136 kB | 98/147 kB
Progress (4): 1.2/1.8 MB | 114/136 kB | 98/147 kB | 16/424 kB
Progress (4): 1.2/1.8 MB | 114/136 kB | 115/147 kB | 16/424 kB
Progress (4): 1.2/1.8 MB | 114/136 kB | 115/147 kB | 16/424 kB
Progress (4): 1.2/1.8 MB | 114/136 kB | 115/147 kB | 33/424 kB
Progress (4): 1.2/1.8 MB | 114/136 kB | 115/147 kB | 49/424 kB
Progress (4): 1.2/1.8 MB | 114/136 kB | 115/147 kB | 64/424 kB
Progress (4): 1.2/1.8 MB | 114/136 kB | 131/147 kB | 64/424 kB
Progress (4): 1.2/1.8 MB | 114/136 kB | 132/147 kB | 64/424 kB
Progress (4): 1.2/1.8 MB | 114/136 kB | 132/147 kB | 80/424 kB
Progress (4): 1.2/1.8 MB | 114/136 kB | 132/147 kB | 96/424 kB
Progress (4): 1.2/1.8 MB | 114/136 kB | 132/147 kB | 113/424 kB
Progress (4): 1.2/1.8 MB | 114/136 kB | 132/147 kB | 129/424 kB
Progress (4): 1.2/1.8 MB | 131/136 kB | 132/147 kB | 129/424 kB
Progress (4): 1.2/1.8 MB | 131/136 kB | 147 kB | 129/424 kB    
Progress (4): 1.2/1.8 MB | 136 kB | 147 kB | 129/424 kB    
Progress (4): 1.2/1.8 MB | 136 kB | 147 kB | 145/424 kB
Progress (4): 1.2/1.8 MB | 136 kB | 147 kB | 162/424 kB
Progress (4): 1.2/1.8 MB | 136 kB | 147 kB | 178/424 kB
Progress (4): 1.2/1.8 MB | 136 kB | 147 kB | 195/424 kB
Progress (4): 1.2/1.8 MB | 136 kB | 147 kB | 211/424 kB
Progress (4): 1.2/1.8 MB | 136 kB | 147 kB | 211/424 kB
Progress (4): 1.2/1.8 MB | 136 kB | 147 kB | 227/424 kB
Progress (4): 1.2/1.8 MB | 136 kB | 147 kB | 244/424 kB
Progress (4): 1.2/1.8 MB | 136 kB | 147 kB | 260/424 kB
Progress (4): 1.2/1.8 MB | 136 kB | 147 kB | 277/424 kB
Progress (4): 1.2/1.8 MB | 136 kB | 147 kB | 293/424 kB
Progress (4): 1.2/1.8 MB | 136 kB | 147 kB | 309/424 kB
Progress (4): 1.2/1.8 MB | 136 kB | 147 kB | 326/424 kB
Progress (4): 1.2/1.8 MB | 136 kB | 147 kB | 342/424 kB
Progress (4): 1.2/1.8 MB | 136 kB | 147 kB | 358/424 kB
Progress (4): 1.2/1.8 MB | 136 kB | 147 kB | 375/424 kB
Progress (4): 1.2/1.8 MB | 136 kB | 147 kB | 391/424 kB
Progress (4): 1.2/1.8 MB | 136 kB | 147 kB | 408/424 kB
Progress (4): 1.2/1.8 MB | 136 kB | 147 kB | 424 kB    
                                                   
Downloaded from central: https://repo.maven.apache.org/maven2/org/eclipse/aether/aether-util/1.0.2.v20150114/aether-util-1.0.2.v20150114.jar (147 kB at 135 kB/s)
Downloading from central: https://repo.maven.apache.org/maven2/org/codehaus/plexus/plexus-interpolation/1.21/plexus-interpolation-1.21.jar
Downloaded from central: https://repo.maven.apache.org/maven2/org/eclipse/aether/aether-api/1.0.2.v20150114/aether-api-1.0.2.v20150114.jar (136 kB at 125 kB/s)
Downloading from central: https://repo.maven.apache.org/maven2/org/codehaus/plexus/plexus-utils/3.0.22/plexus-utils-3.0.22.jar
Progress (2): 1.2/1.8 MB | 424 kB
Progress (3): 1.2/1.8 MB | 424 kB | 4.5 kB
                                          
Downloaded from central: https://repo.maven.apache.org/maven2/com/google/inject/guice/4.0/guice-4.0-no_aop.jar (424 kB at 389 kB/s)
Downloading from central: https://repo.maven.apache.org/maven2/org/codehaus/plexus/plexus-classworlds/2.5.2/plexus-classworlds-2.5.2.jar
Downloaded from central: https://repo.maven.apache.org/maven2/aopalliance/aopalliance/1.0/aopalliance-1.0.jar (4.5 kB at 4.1 kB/s)
Downloading from central: https://repo.maven.apache.org/maven2/org/codehaus/plexus/plexus-component-annotations/1.6/plexus-component-annotations-1.6.jar
Progress (1): 1.2/1.8 MB
Progress (1): 1.2/1.8 MB
Progress (2): 1.2/1.8 MB | 16/62 kB
Progress (2): 1.2/1.8 MB | 33/62 kB
Progress (2): 1.2/1.8 MB | 49/62 kB
Progress (3): 1.2/1.8 MB | 49/62 kB | 16/245 kB
Progress (3): 1.2/1.8 MB | 62 kB | 16/245 kB   
Progress (3): 1.3/1.8 MB | 62 kB | 16/245 kB
Progress (3): 1.3/1.8 MB | 62 kB | 33/245 kB
                                            
Downloaded from central: https://repo.maven.apache.org/maven2/org/codehaus/plexus/plexus-interpolation/1.21/plexus-interpolation-1.21.jar (62 kB at 56 kB/s)
Downloading from central: https://repo.maven.apache.org/maven2/org/sonatype/plexus/plexus-sec-dispatcher/1.3/plexus-sec-dispatcher-1.3.jar
Progress (2): 1.3/1.8 MB | 49/245 kB
Progress (2): 1.3/1.8 MB | 63/245 kB
Progress (2): 1.3/1.8 MB | 79/245 kB
Progress (2): 1.3/1.8 MB | 79/245 kB
Progress (2): 1.3/1.8 MB | 96/245 kB
Progress (2): 1.3/1.8 MB | 96/245 kB
Progress (2): 1.3/1.8 MB | 112/245 kB
Progress (2): 1.3/1.8 MB | 128/245 kB
Progress (2): 1.3/1.8 MB | 145/245 kB
Progress (2): 1.3/1.8 MB | 161/245 kB
Progress (2): 1.3/1.8 MB | 177/245 kB
Progress (3): 1.3/1.8 MB | 177/245 kB | 16/53 kB
Progress (4): 1.3/1.8 MB | 177/245 kB | 16/53 kB | 4.3 kB
Progress (5): 1.3/1.8 MB | 177/245 kB | 16/53 kB | 4.3 kB | 16/29 kB
Progress (5): 1.3/1.8 MB | 177/245 kB | 16/53 kB | 4.3 kB | 29 kB   
                                                                 
Downloaded from central: https://repo.maven.apache.org/maven2/org/sonatype/plexus/plexus-sec-dispatcher/1.3/plexus-sec-dispatcher-1.3.jar (29 kB at 25 kB/s)
Downloading from central: https://repo.maven.apache.org/maven2/org/sonatype/plexus/plexus-cipher/1.4/plexus-cipher-1.4.jar
Downloaded from central: https://repo.maven.apache.org/maven2/org/codehaus/plexus/plexus-component-annotations/1.6/plexus-component-annotations-1.6.jar (4.3 kB at 3.7 kB/s)
Downloading from central: https://repo.maven.apache.org/maven2/org/apache/maven/maven-model/3.3.9/maven-model-3.3.9.jar
Progress (3): 1.3/1.8 MB | 194/245 kB | 16/53 kB
Progress (3): 1.3/1.8 MB | 210/245 kB | 16/53 kB
Progress (3): 1.3/1.8 MB | 227/245 kB | 16/53 kB
Progress (3): 1.3/1.8 MB | 243/245 kB | 16/53 kB
Progress (3): 1.3/1.8 MB | 245 kB | 16/53 kB    
                                            
Downloaded from central: https://repo.maven.apache.org/maven2/org/codehaus/plexus/plexus-utils/3.0.22/plexus-utils-3.0.22.jar (245 kB at 210 kB/s)
Downloading from central: https://repo.maven.apache.org/maven2/org/apache/maven/maven-artifact/3.3.9/maven-artifact-3.3.9.jar
Progress (2): 1.3/1.8 MB | 16/53 kB
Progress (3): 1.3/1.8 MB | 16/53 kB | 16/55 kB
Progress (4): 1.3/1.8 MB | 16/53 kB | 16/55 kB | 16/164 kB
Progress (5): 1.3/1.8 MB | 16/53 kB | 16/55 kB | 16/164 kB | 13 kB
Progress (5): 1.3/1.8 MB | 16/53 kB | 33/55 kB | 16/164 kB | 13 kB
Progress (5): 1.3/1.8 MB | 16/53 kB | 33/55 kB | 33/164 kB | 13 kB
Progress (5): 1.3/1.8 MB | 16/53 kB | 33/55 kB | 49/164 kB | 13 kB
Progress (5): 1.3/1.8 MB | 16/53 kB | 49/55 kB | 49/164 kB | 13 kB
Progress (5): 1.3/1.8 MB | 16/53 kB | 49/55 kB | 66/164 kB | 13 kB
                                                                  
Downloaded from central: https://repo.maven.apache.org/maven2/org/sonatype/plexus/plexus-cipher/1.4/plexus-cipher-1.4.jar (13 kB at 11 kB/s)
Downloading from central: https://repo.maven.apache.org/maven2/io/github/openfeign/feign-okhttp/10.0.1/feign-okhttp-10.0.1.jar
Progress (4): 1.3/1.8 MB | 16/53 kB | 55 kB | 66/164 kB
Progress (4): 1.3/1.8 MB | 16/53 kB | 55 kB | 66/164 kB
Progress (4): 1.3/1.8 MB | 33/53 kB | 55 kB | 66/164 kB
Progress (4): 1.3/1.8 MB | 33/53 kB | 55 kB | 82/164 kB
Progress (4): 1.3/1.8 MB | 33/53 kB | 55 kB | 98/164 kB
Progress (4): 1.3/1.8 MB | 33/53 kB | 55 kB | 115/164 kB
                                                        
Downloaded from central: https://repo.maven.apache.org/maven2/org/apache/maven/maven-artifact/3.3.9/maven-artifact-3.3.9.jar (55 kB at 45 kB/s)
Downloading from central: https://repo.maven.apache.org/maven2/io/github/openfeign/feign-core/10.0.1/feign-core-10.0.1.jar
Progress (3): 1.3/1.8 MB | 33/53 kB | 115/164 kB
Progress (3): 1.3/1.8 MB | 33/53 kB | 131/164 kB
Progress (3): 1.3/1.8 MB | 33/53 kB | 147/164 kB
Progress (3): 1.3/1.8 MB | 33/53 kB | 164/164 kB
Progress (3): 1.3/1.8 MB | 33/53 kB | 164 kB    
Progress (3): 1.4/1.8 MB | 33/53 kB | 164 kB
Progress (3): 1.4/1.8 MB | 49/53 kB | 164 kB
Progress (3): 1.4/1.8 MB | 53 kB | 164 kB   
                                         
Downloaded from central: https://repo.maven.apache.org/maven2/org/apache/maven/maven-model/3.3.9/maven-model-3.3.9.jar (164 kB at 131 kB/s)
Downloading from central: https://repo.maven.apache.org/maven2/com/squareup/okhttp3/okhttp/3.6.0/okhttp-3.6.0.jar
Progress (2): 1.4/1.8 MB | 53 kB
Progress (3): 1.4/1.8 MB | 53 kB | 16/109 kB
Progress (3): 1.4/1.8 MB | 53 kB | 33/109 kB
Progress (3): 1.4/1.8 MB | 53 kB | 49/109 kB
Progress (3): 1.4/1.8 MB | 53 kB | 49/109 kB
Progress (3): 1.4/1.8 MB | 53 kB | 66/109 kB
Progress (3): 1.4/1.8 MB | 53 kB | 80/109 kB
Progress (3): 1.4/1.8 MB | 53 kB | 80/109 kB
Progress (3): 1.4/1.8 MB | 53 kB | 97/109 kB
Progress (3): 1.4/1.8 MB | 53 kB | 109 kB   
                                         
Downloaded from central: https://repo.maven.apache.org/maven2/org/codehaus/plexus/plexus-classworlds/2.5.2/plexus-classworlds-2.5.2.jar (53 kB at 41 kB/s)
Downloading from central: https://repo.maven.apache.org/maven2/com/squareup/okio/okio/1.11.0/okio-1.11.0.jar
Progress (2): 1.4/1.8 MB | 109 kB
                                 
Downloaded from central: https://repo.maven.apache.org/maven2/io/github/openfeign/feign-core/10.0.1/feign-core-10.0.1.jar (109 kB at 85 kB/s)
Downloading from central: https://repo.maven.apache.org/maven2/io/github/openfeign/feign-jackson/10.0.1/feign-jackson-10.0.1.jar
Progress (1): 1.4/1.8 MB
Progress (1): 1.5/1.8 MB
Progress (2): 1.5/1.8 MB | 16/352 kB
Progress (2): 1.5/1.8 MB | 16/352 kB
Progress (3): 1.5/1.8 MB | 16/352 kB | 16/79 kB
Progress (3): 1.5/1.8 MB | 16/352 kB | 33/79 kB
Progress (4): 1.5/1.8 MB | 16/352 kB | 33/79 kB | 9.0 kB
Progress (4): 1.5/1.8 MB | 16/352 kB | 33/79 kB | 9.0 kB
Progress (4): 1.5/1.8 MB | 16/352 kB | 49/79 kB | 9.0 kB
                                                        
Downloaded from central: https://repo.maven.apache.org/maven2/io/github/openfeign/feign-jackson/10.0.1/feign-jackson-10.0.1.jar (9.0 kB at 6.8 kB/s)
Progress (3): 1.5/1.8 MB | 16/352 kB | 66/79 kB
Progress (3): 1.5/1.8 MB | 33/352 kB | 66/79 kB
Progress (3): 1.5/1.8 MB | 33/352 kB | 79 kB   
Progress (3): 1.5/1.8 MB | 33/352 kB | 79 kB
                                            
Downloaded from central: https://repo.maven.apache.org/maven2/com/squareup/okio/okio/1.11.0/okio-1.11.0.jar (79 kB at 60 kB/s)
Progress (2): 1.5/1.8 MB | 49/352 kB
Progress (2): 1.5/1.8 MB | 49/352 kB
Progress (2): 1.5/1.8 MB | 49/352 kB
Progress (2): 1.6/1.8 MB | 49/352 kB
Progress (2): 1.6/1.8 MB | 66/352 kB
Progress (2): 1.6/1.8 MB | 66/352 kB
Progress (2): 1.6/1.8 MB | 66/352 kB
Progress (2): 1.6/1.8 MB | 82/352 kB
Progress (2): 1.6/1.8 MB | 82/352 kB
Progress (2): 1.6/1.8 MB | 82/352 kB
Progress (2): 1.6/1.8 MB | 98/352 kB
Progress (2): 1.6/1.8 MB | 98/352 kB
Progress (2): 1.7/1.8 MB | 98/352 kB
Progress (2): 1.7/1.8 MB | 115/352 kB
Progress (2): 1.7/1.8 MB | 115/352 kB
Progress (3): 1.7/1.8 MB | 115/352 kB | 6.2 kB
Progress (3): 1.7/1.8 MB | 115/352 kB | 6.2 kB
Progress (3): 1.7/1.8 MB | 131/352 kB | 6.2 kB
                                              
Downloaded from central: https://repo.maven.apache.org/maven2/io/github/openfeign/feign-okhttp/10.0.1/feign-okhttp-10.0.1.jar (6.2 kB at 4.3 kB/s)
Progress (2): 1.7/1.8 MB | 131/352 kB
Progress (2): 1.7/1.8 MB | 147/352 kB
Progress (2): 1.7/1.8 MB | 147/352 kB
Progress (2): 1.7/1.8 MB | 147/352 kB
Progress (2): 1.7/1.8 MB | 164/352 kB
Progress (2): 1.8/1.8 MB | 164/352 kB
Progress (2): 1.8/1.8 MB | 164/352 kB
Progress (2): 1.8/1.8 MB | 180/352 kB
Progress (2): 1.8/1.8 MB | 180/352 kB
Progress (2): 1.8/1.8 MB | 180/352 kB
Progress (2): 1.8/1.8 MB | 197/352 kB
Progress (2): 1.8/1.8 MB | 197/352 kB
Progress (2): 1.8/1.8 MB | 197/352 kB
Progress (2): 1.8 MB | 197/352 kB    
Progress (2): 1.8 MB | 213/352 kB
Progress (2): 1.8 MB | 229/352 kB
Progress (2): 1.8 MB | 246/352 kB
Progress (2): 1.8 MB | 262/352 kB
                                 
Downloaded from central: https://repo.maven.apache.org/maven2/com/amazonaws/aws-java-sdk-dynamodb/1.11.820/aws-java-sdk-dynamodb-1.11.820.jar (1.8 MB at 1.1 MB/s)
Progress (1): 279/352 kB
Progress (1): 295/352 kB
Progress (1): 311/352 kB
Progress (1): 328/352 kB
Progress (1): 344/352 kB
Progress (1): 352 kB    
                    
Downloaded from central: https://repo.maven.apache.org/maven2/com/squareup/okhttp3/okhttp/3.6.0/okhttp-3.6.0.jar (352 kB at 210 kB/s)
[info] Start creating resources_config.json ...
[info] Path to deployment package ==> AWS-1.0.0.jar
[debug] Creating custom classpath ...
[debug] Setting up new classloader ...
[INFO] 
[INFO] --- deployment-configuration:1.15.0:assemble-lambda-layer-files (generate-config) @ AWS ---
[info] Start creating resources_config.json ...
[info] Path to deployment package ==> AWS-1.0.0.jar
[debug] Creating custom classpath ...
[debug] Setting up new classloader ...
[INFO] 
[INFO] --- resources:3.3.1:testResources (default-testResources) @ AWS ---
[INFO] skip non existing resourceDirectory C:\Users\sanne_sanjana\Desktop\AWS\src\test\resources
[INFO] 
[INFO] --- compiler:3.13.0:testCompile (default-testCompile) @ AWS ---
[INFO] No sources to compile
[INFO] 
[INFO] --- surefire:3.2.5:test (default-test) @ AWS ---
[INFO] No tests to run.
[INFO] 
[INFO] --- jar:3.4.1:jar (default-jar) @ AWS ---
[INFO] Building jar: C:\Users\sanne_sanjana\Desktop\AWS\target\AWS-1.0.0.jar
[INFO] 
[INFO] --- shade:3.5.2:shade (default) @ AWS ---
Downloading from central: https://repo.maven.apache.org/maven2/org/ow2/asm/asm-commons/9.6/asm-commons-9.6.pom
Progress (1): 2.8 kB
                    
Downloaded from central: https://repo.maven.apache.org/maven2/org/ow2/asm/asm-commons/9.6/asm-commons-9.6.pom (2.8 kB at 14 kB/s)
Downloading from central: https://repo.maven.apache.org/maven2/org/ow2/asm/asm-tree/9.6/asm-tree-9.6.pom
Progress (1): 2.6 kB
                    
Downloaded from central: https://repo.maven.apache.org/maven2/org/ow2/asm/asm-tree/9.6/asm-tree-9.6.pom (2.6 kB at 100 kB/s)
Downloading from central: https://repo.maven.apache.org/maven2/org/vafer/jdependency/2.10/jdependency-2.10.pom
Progress (1): 14 kB
                   
Downloaded from central: https://repo.maven.apache.org/maven2/org/vafer/jdependency/2.10/jdependency-2.10.pom (14 kB at 286 kB/s)
Downloading from central: https://repo.maven.apache.org/maven2/org/slf4j/slf4j-api/1.7.32/slf4j-api-1.7.32.jar
Progress (1): 16/42 kB
Progress (1): 33/42 kB
Progress (1): 42 kB   
                   
Downloaded from central: https://repo.maven.apache.org/maven2/org/slf4j/slf4j-api/1.7.32/slf4j-api-1.7.32.jar (42 kB at 494 kB/s)
Downloading from central: https://repo.maven.apache.org/maven2/org/ow2/asm/asm-commons/9.6/asm-commons-9.6.jar
Downloading from central: https://repo.maven.apache.org/maven2/org/ow2/asm/asm-tree/9.6/asm-tree-9.6.jar
Downloading from central: https://repo.maven.apache.org/maven2/org/vafer/jdependency/2.10/jdependency-2.10.jar
Progress (1): 16/416 kB
Progress (2): 16/416 kB | 16/52 kB
Progress (3): 16/416 kB | 16/52 kB | 16/72 kB
Progress (3): 16/416 kB | 16/52 kB | 33/72 kB
Progress (3): 16/416 kB | 16/52 kB | 49/72 kB
Progress (3): 16/416 kB | 16/52 kB | 66/72 kB
Progress (3): 16/416 kB | 16/52 kB | 72 kB   
                                          
Downloaded from central: https://repo.maven.apache.org/maven2/org/ow2/asm/asm-commons/9.6/asm-commons-9.6.jar (72 kB at 1.1 MB/s)
Progress (2): 16/416 kB | 32/52 kB
Progress (2): 33/416 kB | 32/52 kB
Progress (2): 49/416 kB | 32/52 kB
Progress (2): 49/416 kB | 49/52 kB
Progress (2): 49/416 kB | 52 kB   
                               
Downloaded from central: https://repo.maven.apache.org/maven2/org/ow2/asm/asm-tree/9.6/asm-tree-9.6.jar (52 kB at 499 kB/s)
Progress (1): 65/416 kB
Progress (1): 74/416 kB
Progress (1): 91/416 kB
Progress (1): 107/416 kB
Progress (1): 123/416 kB
Progress (1): 140/416 kB
Progress (1): 156/416 kB
Progress (1): 172/416 kB
Progress (1): 189/416 kB
Progress (1): 205/416 kB
Progress (1): 222/416 kB
Progress (1): 238/416 kB
Progress (1): 254/416 kB
Progress (1): 271/416 kB
Progress (1): 287/416 kB
Progress (1): 304/416 kB
Progress (1): 320/416 kB
Progress (1): 336/416 kB
Progress (1): 353/416 kB
Progress (1): 369/416 kB
Progress (1): 385/416 kB
Progress (1): 402/416 kB
Progress (1): 416 kB    
                    
Downloaded from central: https://repo.maven.apache.org/maven2/org/vafer/jdependency/2.10/jdependency-2.10.jar (416 kB at 824 kB/s)
[INFO] Including com.amazonaws:aws-lambda-java-core:jar:1.2.0 in the shaded jar.
[INFO] Including net.sf.aws-syndicate:deployment-configuration-annotations:jar:1.15.0 in the shaded jar.
[INFO] Including com.fasterxml.jackson.core:jackson-core:jar:2.16.1 in the shaded jar.
[INFO] Including com.fasterxml.jackson.core:jackson-databind:jar:2.16.1 in the shaded jar.
[INFO] Including com.fasterxml.jackson.core:jackson-annotations:jar:2.16.1 in the shaded jar.
[WARNING] Discovered module-info.class. Shading will break its strong encapsulation.
[WARNING] AWS-1.0.0.jar, aws-lambda-java-core-1.2.0.jar, deployment-configuration-annotations-1.15.0.jar, jackson-annotations-2.16.1.jar, jackson-core-2.16.1.jar, jackson-databind-2.16.1.jar define 1 overlapping resource: 
[WARNING]   - META-INF/MANIFEST.MF
[WARNING] jackson-core-2.16.1.jar, jackson-databind-2.16.1.jar define 1 overlapping classes: 
[WARNING]   - META-INF.versions.9.module-info
[WARNING] jackson-annotations-2.16.1.jar, jackson-core-2.16.1.jar, jackson-databind-2.16.1.jar define 2 overlapping resources: 
[WARNING]   - META-INF/LICENSE
[WARNING]   - META-INF/NOTICE
[WARNING] maven-shade-plugin has detected that some files are
[WARNING] present in two or more JARs. When this happens, only one
[WARNING] single version of the file is copied to the uber jar.
[WARNING] Usually this is not harmful and you can skip these warnings,
[WARNING] otherwise try to manually exclude artifacts based on
[WARNING] mvn dependency:tree -Ddetail=true and the above output.
[WARNING] See https://maven.apache.org/plugins/maven-shade-plugin/
[INFO] Replacing original artifact with shaded artifact.
[INFO] Replacing C:\Users\sanne_sanjana\Desktop\AWS\target\AWS-1.0.0.jar with C:\Users\sanne_sanjana\Desktop\AWS\target\AWS-1.0.0-shaded.jar
[INFO] 
[INFO] --- install:3.1.2:install (default-install) @ AWS ---
Downloading from central: https://repo.maven.apache.org/maven2/org/apache/maven/resolver/maven-resolver-util/1.9.18/maven-resolver-util-1.9.18.jar
Progress (1): 16/196 kB
Progress (1): 33/196 kB
Progress (1): 49/196 kB
Progress (1): 66/196 kB
Progress (1): 82/196 kB
Progress (1): 98/196 kB
Progress (1): 115/196 kB
Progress (1): 131/196 kB
Progress (1): 147/196 kB
Progress (1): 164/196 kB
Progress (1): 180/196 kB
Progress (1): 196 kB    
                    
Downloaded from central: https://repo.maven.apache.org/maven2/org/apache/maven/resolver/maven-resolver-util/1.9.18/maven-resolver-util-1.9.18.jar (196 kB at 718 kB/s)
Downloading from central: https://repo.maven.apache.org/maven2/org/apache/maven/resolver/maven-resolver-api/1.9.18/maven-resolver-api-1.9.18.jar
Progress (1): 16/157 kB
Progress (1): 33/157 kB
Progress (1): 49/157 kB
Progress (1): 66/157 kB
Progress (1): 82/157 kB
Progress (1): 98/157 kB
Progress (1): 115/157 kB
Progress (1): 131/157 kB
Progress (1): 147/157 kB
Progress (1): 157 kB    
                    
Downloaded from central: https://repo.maven.apache.org/maven2/org/apache/maven/resolver/maven-resolver-api/1.9.18/maven-resolver-api-1.9.18.jar (157 kB at 1.0 MB/s)
[INFO] Installing C:\Users\sanne_sanjana\Desktop\AWS\pom.xml to C:\Users\sanne_sanjana\.m2\repository\AWS-group\AWS\1.0.0\AWS-1.0.0.pom
[INFO] Installing C:\Users\sanne_sanjana\Desktop\AWS\target\AWS-1.0.0.jar to C:\Users\sanne_sanjana\.m2\repository\AWS-group\AWS\1.0.0\AWS-1.0.0.jar
[INFO] ------------------------------------------------------------------------
[INFO] BUILD SUCCESS
[INFO] ------------------------------------------------------------------------
[INFO] Total time:  17.404 s
[INFO] Finished at: 2025-03-12T11:31:19+05:30
[INFO] ------------------------------------------------------------------------


2025-03-12 11:31:19,196 [INFO] USER:sanne_sanjana java.py:53:assemble_java_mvn_lambdas LOG: Java mvn project was processed successfully
2025-03-12 11:31:19,196 [INFO] USER:sanne_sanjana handlers.py:729:assemble_java_mvn LOG: Java artifacts were prepared successfully.
2025-03-12 11:31:19,197 [INFO] USER:sanne_sanjana helper.py:330:timed LOG: Stage assemble_java_mvn, elapsed time: 0:00:20.321621
2025-03-12 11:31:19,198 [INFO] USER:sanne_sanjana helper.py:330:timed LOG: Stage assemble, elapsed time: 0:00:20.328430
2025-03-12 11:31:19,200 [INFO] USER:sanne_sanjana handlers.py:1037:package_meta LOG: Package meta, bundle: AWS_250312.113057
2025-03-12 11:31:19,200 [INFO] USER:sanne_sanjana meta_processor.py:513:create_meta LOG: Bundle path: C:/Users/sanne_sanjana/Desktop/AWS/bundles/AWS_250312.113057
2025-03-12 11:31:19,327 [ERROR] USER:sanne_sanjana helper.py:88:wrapper LOG: An error occurred: Two resources with equal names were found! Name: 'lambda-basic-execution', first resource type: 'iam_policy', second resource type: 'iam_policy'. 
Please, rename one of them!
2025-03-12 11:31:19,351 [ERROR] USER:sanne_sanjana helper.py:89:wrapper LOG: Traceback (most recent call last):
  File "C:\Users\sanne_sanjana\AppData\Local\Programs\Python\Python313\Lib\site-packages\syndicate\core\helper.py", line 86, in wrapper
    return handler_func(*args, **kwargs)
  File "C:\Users\sanne_sanjana\AppData\Local\Programs\Python\Python313\Lib\site-packages\syndicate\core\handlers.py", line 1038, in package_meta
    create_meta(project_path=CONFIG.project_path,
    ~~~~~~~~~~~^^^^^^^^^^^^^^^^^^^^^^^^^^^^^^^^^^
                bundle_name=bundle_name)
                ^^^^^^^^^^^^^^^^^^^^^^^^
  File "C:\Users\sanne_sanjana\AppData\Local\Programs\Python\Python313\Lib\site-packages\syndicate\core\build\meta_processor.py", line 514, in create_meta
    overall_meta = create_resource_json(project_path=project_path,
                                        bundle_name=bundle_name)
  File "C:\Users\sanne_sanjana\AppData\Local\Programs\Python\Python313\Lib\site-packages\syndicate\core\build\meta_processor.py", line 452, in create_resource_json
    _look_for_configs(nested_items, resources_meta, path, bundle_name)
    ~~~~~~~~~~~~~~~~~^^^^^^^^^^^^^^^^^^^^^^^^^^^^^^^^^^^^^^^^^^^^^^^^^
  File "C:\Users\sanne_sanjana\AppData\Local\Programs\Python\Python313\Lib\site-packages\syndicate\core\build\meta_processor.py", line 431, in _look_for_configs
    res = _check_duplicated_resources(resources_meta,
                                      resource_name, resource)
  File "C:\Users\sanne_sanjana\AppData\Local\Programs\Python\Python313\Lib\site-packages\syndicate\core\build\meta_processor.py", line 197, in _check_duplicated_resources
    raise AssertionError(
    ...<4 lines>...
    )
AssertionError: Two resources with equal names were found! Name: 'lambda-basic-execution', first resource type: 'iam_policy', second resource type: 'iam_policy'. 
Please, rename one of them!
Traceback (most recent call last):
  File "C:\Users\sanne_sanjana\AppData\Local\Programs\Python\Python313\Lib\site-packages\syndicate\core\helper.py", line 86, in wrapper
    return handler_func(*args, **kwargs)
  File "C:\Users\sanne_sanjana\AppData\Local\Programs\Python\Python313\Lib\site-packages\syndicate\core\handlers.py", line 1038, in package_meta
    create_meta(project_path=CONFIG.project_path,
    ~~~~~~~~~~~^^^^^^^^^^^^^^^^^^^^^^^^^^^^^^^^^^
                bundle_name=bundle_name)
                ^^^^^^^^^^^^^^^^^^^^^^^^
  File "C:\Users\sanne_sanjana\AppData\Local\Programs\Python\Python313\Lib\site-packages\syndicate\core\build\meta_processor.py", line 514, in create_meta
    overall_meta = create_resource_json(project_path=project_path,
                                        bundle_name=bundle_name)
  File "C:\Users\sanne_sanjana\AppData\Local\Programs\Python\Python313\Lib\site-packages\syndicate\core\build\meta_processor.py", line 452, in create_resource_json
    _look_for_configs(nested_items, resources_meta, path, bundle_name)
    ~~~~~~~~~~~~~~~~~^^^^^^^^^^^^^^^^^^^^^^^^^^^^^^^^^^^^^^^^^^^^^^^^^
  File "C:\Users\sanne_sanjana\AppData\Local\Programs\Python\Python313\Lib\site-packages\syndicate\core\build\meta_processor.py", line 431, in _look_for_configs
    res = _check_duplicated_resources(resources_meta,
                                      resource_name, resource)
  File "C:\Users\sanne_sanjana\AppData\Local\Programs\Python\Python313\Lib\site-packages\syndicate\core\build\meta_processor.py", line 197, in _check_duplicated_resources
    raise AssertionError(
    ...<4 lines>...
    )
AssertionError: Two resources with equal names were found! Name: 'lambda-basic-execution', first resource type: 'iam_policy', second resource type: 'iam_policy'. 
Please, rename one of them!
2025-03-12 11:31:19,352 [INFO] USER:sanne_sanjana helper.py:330:timed LOG: Stage package_meta, elapsed time: 0:00:00.152237
2025-03-12 11:31:33,632 [INFO] USER:sanne_sanjana handlers.py:106:syndicate LOG: Configuration used: C:\Users\sanne_sanjana\Desktop\AWS\.syndicate-config-dev
2025-03-12 11:31:35,853 [INFO] USER:sanne_sanjana processor.py:143:_prepare_bucket_view LOG: Viewing complement, URIBucketView, has been found, setting up the raw data.
2025-03-12 11:31:37,294 [INFO] USER:sanne_sanjana project_state.py:122:get_remote LOG: Unsafely loaded project state file from S3 bucket. The retrieved object has type: dict
2025-03-12 11:31:37,294 [INFO] USER:sanne_sanjana project_state.py:127:get_remote LOG: Made ProjectState object from the dict loaded from S3 bucket
2025-03-12 11:31:38,062 [INFO] USER:sanne_sanjana sync_processor.py:53:sync_project_state LOG: Project state file has been successfully synced
2025-03-12 11:31:38,510 [INFO] USER:sanne_sanjana project_state.py:122:get_remote LOG: Unsafely loaded project state file from S3 bucket. The retrieved object has type: dict
2025-03-12 11:31:38,510 [INFO] USER:sanne_sanjana project_state.py:127:get_remote LOG: Made ProjectState object from the dict loaded from S3 bucket
2025-03-12 11:31:39,014 [INFO] USER:sanne_sanjana sync_processor.py:53:sync_project_state LOG: Project state file has been successfully synced
2025-03-12 11:31:39,015 [INFO] USER:sanne_sanjana helper.py:233:resolve_default_value LOG: Resolved value of deploy_name: a-w-s
2025-03-12 11:31:39,430 [INFO] USER:sanne_sanjana project_state.py:122:get_remote LOG: Unsafely loaded project state file from S3 bucket. The retrieved object has type: dict
2025-03-12 11:31:39,430 [INFO] USER:sanne_sanjana project_state.py:127:get_remote LOG: Made ProjectState object from the dict loaded from S3 bucket
2025-03-12 11:31:39,950 [INFO] USER:sanne_sanjana sync_processor.py:53:sync_project_state LOG: Project state file has been successfully synced
2025-03-12 11:31:39,951 [INFO] USER:sanne_sanjana helper.py:233:resolve_default_value LOG: Resolved value of bundle_name: AWS_250312.113057
2025-03-12 11:31:40,527 [INFO] USER:sanne_sanjana project_state.py:122:get_remote LOG: Unsafely loaded project state file from S3 bucket. The retrieved object has type: dict
2025-03-12 11:31:40,527 [INFO] USER:sanne_sanjana project_state.py:127:get_remote LOG: Made ProjectState object from the dict loaded from S3 bucket
2025-03-12 11:31:40,939 [INFO] USER:sanne_sanjana sync_processor.py:53:sync_project_state LOG: Project state file has been successfully synced
2025-03-12 11:31:41,375 [INFO] USER:sanne_sanjana project_state.py:122:get_remote LOG: Unsafely loaded project state file from S3 bucket. The retrieved object has type: dict
2025-03-12 11:31:41,375 [INFO] USER:sanne_sanjana project_state.py:127:get_remote LOG: Made ProjectState object from the dict loaded from S3 bucket
2025-03-12 11:31:41,779 [INFO] USER:sanne_sanjana sync_processor.py:53:sync_project_state LOG: Project state file has been successfully synced
2025-03-12 11:31:43,627 [ERROR] USER:sanne_sanjana decorators.py:114:real_wrapper LOG: The bundle name 'AWS_250312.113057' does not exist in deploy bucket. Please verify the bundle name and try again.
2025-03-12 11:31:43,628 [INFO] USER:sanne_sanjana helper.py:330:timed LOG: Stage deploy, elapsed time: 0:00:01.848583
2025-03-12 11:31:44,236 [INFO] USER:sanne_sanjana project_state.py:122:get_remote LOG: Unsafely loaded project state file from S3 bucket. The retrieved object has type: dict
2025-03-12 11:31:44,236 [INFO] USER:sanne_sanjana project_state.py:127:get_remote LOG: Made ProjectState object from the dict loaded from S3 bucket
2025-03-12 11:31:44,593 [INFO] USER:sanne_sanjana sync_processor.py:53:sync_project_state LOG: Project state file has been successfully synced
2025-03-12 11:31:59,355 [INFO] USER:sanne_sanjana handlers.py:106:syndicate LOG: Configuration used: C:\Users\sanne_sanjana\Desktop\AWS\.syndicate-config-dev
2025-03-12 11:32:01,552 [INFO] USER:sanne_sanjana processor.py:143:_prepare_bucket_view LOG: Viewing complement, URIBucketView, has been found, setting up the raw data.
2025-03-12 11:32:02,985 [INFO] USER:sanne_sanjana project_state.py:122:get_remote LOG: Unsafely loaded project state file from S3 bucket. The retrieved object has type: dict
2025-03-12 11:32:02,985 [INFO] USER:sanne_sanjana project_state.py:127:get_remote LOG: Made ProjectState object from the dict loaded from S3 bucket
2025-03-12 11:32:03,490 [INFO] USER:sanne_sanjana sync_processor.py:53:sync_project_state LOG: Project state file has been successfully synced
2025-03-12 11:32:05,051 [INFO] USER:sanne_sanjana handlers.py:142:test LOG: Running tests...
2025-03-12 11:32:05,053 [INFO] USER:sanne_sanjana handlers.py:150:test LOG: Tests not found, 'tests' folder is missing in 'C:/Users/sanne_sanjana/Desktop/AWS'.
2025-03-12 11:32:05,054 [INFO] USER:sanne_sanjana helper.py:330:timed LOG: Stage test, elapsed time: 0:00:00.002721
2025-03-12 11:32:05,058 [INFO] USER:sanne_sanjana handlers.py:993:assemble LOG: Building artifacts, bundle: AWS_250312.113203
2025-03-12 11:32:05,060 [INFO] USER:sanne_sanjana project_state.py:396:_update_lambdas_from_path LOG: Going to resolve any lambda names from a given path: C:\Users\sanne_sanjana\Desktop\AWS\jsrc\main\java\com\AWS.
2025-03-12 11:32:05,062 [INFO] USER:sanne_sanjana project_state.py:400:_update_lambdas_from_path LOG: Going to add the following 'java' lambda:'sns_handler' to the pending ProjectState.
2025-03-12 11:32:05,063 [INFO] USER:sanne_sanjana project_state.py:400:_update_lambdas_from_path LOG: Going to add the following 'java' lambda:'sqs_handler' to the pending ProjectState.
2025-03-12 11:32:05,063 [INFO] USER:sanne_sanjana project_state.py:396:_update_lambdas_from_path LOG: Going to resolve any lambda names from a given path: C:\Users\sanne_sanjana\Desktop\AWS\src\lambdas.
2025-03-12 11:32:05,063 [INFO] USER:sanne_sanjana project_state.py:396:_update_lambdas_from_path LOG: Going to resolve any lambda names from a given path: C:\Users\sanne_sanjana\Desktop\AWS\app\lambdas.
2025-03-12 11:32:05,063 [INFO] USER:sanne_sanjana project_state.py:396:_update_lambdas_from_path LOG: Going to resolve any lambda names from a given path: C:\Users\sanne_sanjana\Desktop\AWS\dnapp\lambdas.
2025-03-12 11:32:05,064 [INFO] USER:sanne_sanjana project_state.py:430:_update_bpm_resources_from_path LOG: Going to resolve any build project mapping dependent resources from a given path: C:\Users\sanne_sanjana\Desktop\AWS\swagger_src.
2025-03-12 11:32:05,064 [INFO] USER:sanne_sanjana project_state.py:430:_update_bpm_resources_from_path LOG: Going to resolve any build project mapping dependent resources from a given path: C:\Users\sanne_sanjana\Desktop\AWS\appsync_src.
2025-03-12 11:32:05,069 [INFO] USER:sanne_sanjana handlers.py:718:assemble_java_mvn LOG: Command compile java project path: jsrc/main/java
2025-03-12 11:32:05,070 [INFO] USER:sanne_sanjana java.py:34:assemble_java_mvn_lambdas LOG: Java sources are located by path: C:/Users/sanne_sanjana/Desktop/AWS/jsrc/main/java
2025-03-12 11:32:05,070 [INFO] USER:sanne_sanjana java.py:35:assemble_java_mvn_lambdas LOG: Going to process java mvn project by path: C:/Users/sanne_sanjana/Desktop/AWS
2025-03-12 11:32:11,983 [INFO] USER:sanne_sanjana helper.py:107:execute_command_by_path LOG: Running the command "['C:\\Program Files\\apache-maven-3.9.9\\bin\\mvn.CMD', 'clean', 'install']"
[INFO] Scanning for projects...
[INFO] 
[INFO] ---------------------------< AWS-group:AWS >----------------------------
[INFO] Building AWS 1.0.0
[INFO]   from pom.xml
[INFO] --------------------------------[ jar ]---------------------------------
[INFO] 
[INFO] --- clean:3.2.0:clean (default-clean) @ AWS ---
[INFO] Deleting C:\Users\sanne_sanjana\Desktop\AWS\target
[INFO] 
[INFO] --- resources:3.3.1:resources (default-resources) @ AWS ---
[INFO] skip non existing resourceDirectory C:\Users\sanne_sanjana\Desktop\AWS\jsrc\main\resources
[INFO] 
[INFO] --- compiler:3.13.0:compile (default-compile) @ AWS ---
[INFO] Recompiling the module because of changed source code.
[INFO] Compiling 2 source files with javac [debug target 11] to target\classes
[WARNING] system modules path not set in conjunction with -source 11
[INFO] 
[INFO] --- deployment-configuration:1.15.0:gen-deployment-config (generate-config) @ AWS ---
[WARNING] 1 problem was encountered while building the effective model for org.javassist:javassist:jar:3.19.0-GA during dependency collection step for plugin (use -X to see details)
[info] Start creating resources_config.json ...
[info] Path to deployment package ==> AWS-1.0.0.jar
[debug] Creating custom classpath ...
[debug] Setting up new classloader ...
[INFO] 
[INFO] --- deployment-configuration:1.15.0:assemble-lambda-layer-files (generate-config) @ AWS ---
[info] Start creating resources_config.json ...
[info] Path to deployment package ==> AWS-1.0.0.jar
[debug] Creating custom classpath ...
[debug] Setting up new classloader ...
[INFO] 
[INFO] --- resources:3.3.1:testResources (default-testResources) @ AWS ---
[INFO] skip non existing resourceDirectory C:\Users\sanne_sanjana\Desktop\AWS\src\test\resources
[INFO] 
[INFO] --- compiler:3.13.0:testCompile (default-testCompile) @ AWS ---
[INFO] No sources to compile
[INFO] 
[INFO] --- surefire:3.2.5:test (default-test) @ AWS ---
[INFO] No tests to run.
[INFO] 
[INFO] --- jar:3.4.1:jar (default-jar) @ AWS ---
[INFO] Building jar: C:\Users\sanne_sanjana\Desktop\AWS\target\AWS-1.0.0.jar
[INFO] 
[INFO] --- shade:3.5.2:shade (default) @ AWS ---
[INFO] Including com.amazonaws:aws-lambda-java-core:jar:1.2.0 in the shaded jar.
[INFO] Including net.sf.aws-syndicate:deployment-configuration-annotations:jar:1.15.0 in the shaded jar.
[INFO] Including com.fasterxml.jackson.core:jackson-core:jar:2.16.1 in the shaded jar.
[INFO] Including com.fasterxml.jackson.core:jackson-databind:jar:2.16.1 in the shaded jar.
[INFO] Including com.fasterxml.jackson.core:jackson-annotations:jar:2.16.1 in the shaded jar.
[WARNING] Discovered module-info.class. Shading will break its strong encapsulation.
[WARNING] AWS-1.0.0.jar, aws-lambda-java-core-1.2.0.jar, deployment-configuration-annotations-1.15.0.jar, jackson-annotations-2.16.1.jar, jackson-core-2.16.1.jar, jackson-databind-2.16.1.jar define 1 overlapping resource: 
[WARNING]   - META-INF/MANIFEST.MF
[WARNING] jackson-core-2.16.1.jar, jackson-databind-2.16.1.jar define 1 overlapping classes: 
[WARNING]   - META-INF.versions.9.module-info
[WARNING] jackson-annotations-2.16.1.jar, jackson-core-2.16.1.jar, jackson-databind-2.16.1.jar define 2 overlapping resources: 
[WARNING]   - META-INF/LICENSE
[WARNING]   - META-INF/NOTICE
[WARNING] maven-shade-plugin has detected that some files are
[WARNING] present in two or more JARs. When this happens, only one
[WARNING] single version of the file is copied to the uber jar.
[WARNING] Usually this is not harmful and you can skip these warnings,
[WARNING] otherwise try to manually exclude artifacts based on
[WARNING] mvn dependency:tree -Ddetail=true and the above output.
[WARNING] See https://maven.apache.org/plugins/maven-shade-plugin/
[INFO] Replacing original artifact with shaded artifact.
[INFO] Replacing C:\Users\sanne_sanjana\Desktop\AWS\target\AWS-1.0.0.jar with C:\Users\sanne_sanjana\Desktop\AWS\target\AWS-1.0.0-shaded.jar
[INFO] 
[INFO] --- install:3.1.2:install (default-install) @ AWS ---
[INFO] Installing C:\Users\sanne_sanjana\Desktop\AWS\pom.xml to C:\Users\sanne_sanjana\.m2\repository\AWS-group\AWS\1.0.0\AWS-1.0.0.pom
[INFO] Installing C:\Users\sanne_sanjana\Desktop\AWS\target\AWS-1.0.0.jar to C:\Users\sanne_sanjana\.m2\repository\AWS-group\AWS\1.0.0\AWS-1.0.0.jar
[INFO] ------------------------------------------------------------------------
[INFO] BUILD SUCCESS
[INFO] ------------------------------------------------------------------------
[INFO] Total time:  4.426 s
[INFO] Finished at: 2025-03-12T11:32:11+05:30
[INFO] ------------------------------------------------------------------------


2025-03-12 11:32:12,004 [INFO] USER:sanne_sanjana java.py:53:assemble_java_mvn_lambdas LOG: Java mvn project was processed successfully
2025-03-12 11:32:12,004 [INFO] USER:sanne_sanjana handlers.py:729:assemble_java_mvn LOG: Java artifacts were prepared successfully.
2025-03-12 11:32:12,004 [INFO] USER:sanne_sanjana helper.py:330:timed LOG: Stage assemble_java_mvn, elapsed time: 0:00:06.935213
2025-03-12 11:32:12,008 [INFO] USER:sanne_sanjana helper.py:330:timed LOG: Stage assemble, elapsed time: 0:00:06.949332
2025-03-12 11:32:12,012 [INFO] USER:sanne_sanjana handlers.py:1037:package_meta LOG: Package meta, bundle: AWS_250312.113203
2025-03-12 11:32:12,012 [INFO] USER:sanne_sanjana meta_processor.py:513:create_meta LOG: Bundle path: C:/Users/sanne_sanjana/Desktop/AWS/bundles/AWS_250312.113203
2025-03-12 11:32:12,104 [ERROR] USER:sanne_sanjana helper.py:88:wrapper LOG: An error occurred: Two resources with equal names were found! Name: 'lambda-basic-execution', first resource type: 'iam_policy', second resource type: 'iam_policy'. 
Please, rename one of them!
2025-03-12 11:32:12,107 [ERROR] USER:sanne_sanjana helper.py:89:wrapper LOG: Traceback (most recent call last):
  File "C:\Users\sanne_sanjana\AppData\Local\Programs\Python\Python313\Lib\site-packages\syndicate\core\helper.py", line 86, in wrapper
    return handler_func(*args, **kwargs)
  File "C:\Users\sanne_sanjana\AppData\Local\Programs\Python\Python313\Lib\site-packages\syndicate\core\handlers.py", line 1038, in package_meta
    create_meta(project_path=CONFIG.project_path,
    ~~~~~~~~~~~^^^^^^^^^^^^^^^^^^^^^^^^^^^^^^^^^^
                bundle_name=bundle_name)
                ^^^^^^^^^^^^^^^^^^^^^^^^
  File "C:\Users\sanne_sanjana\AppData\Local\Programs\Python\Python313\Lib\site-packages\syndicate\core\build\meta_processor.py", line 514, in create_meta
    overall_meta = create_resource_json(project_path=project_path,
                                        bundle_name=bundle_name)
  File "C:\Users\sanne_sanjana\AppData\Local\Programs\Python\Python313\Lib\site-packages\syndicate\core\build\meta_processor.py", line 452, in create_resource_json
    _look_for_configs(nested_items, resources_meta, path, bundle_name)
    ~~~~~~~~~~~~~~~~~^^^^^^^^^^^^^^^^^^^^^^^^^^^^^^^^^^^^^^^^^^^^^^^^^
  File "C:\Users\sanne_sanjana\AppData\Local\Programs\Python\Python313\Lib\site-packages\syndicate\core\build\meta_processor.py", line 431, in _look_for_configs
    res = _check_duplicated_resources(resources_meta,
                                      resource_name, resource)
  File "C:\Users\sanne_sanjana\AppData\Local\Programs\Python\Python313\Lib\site-packages\syndicate\core\build\meta_processor.py", line 197, in _check_duplicated_resources
    raise AssertionError(
    ...<4 lines>...
    )
AssertionError: Two resources with equal names were found! Name: 'lambda-basic-execution', first resource type: 'iam_policy', second resource type: 'iam_policy'. 
Please, rename one of them!
Traceback (most recent call last):
  File "C:\Users\sanne_sanjana\AppData\Local\Programs\Python\Python313\Lib\site-packages\syndicate\core\helper.py", line 86, in wrapper
    return handler_func(*args, **kwargs)
  File "C:\Users\sanne_sanjana\AppData\Local\Programs\Python\Python313\Lib\site-packages\syndicate\core\handlers.py", line 1038, in package_meta
    create_meta(project_path=CONFIG.project_path,
    ~~~~~~~~~~~^^^^^^^^^^^^^^^^^^^^^^^^^^^^^^^^^^
                bundle_name=bundle_name)
                ^^^^^^^^^^^^^^^^^^^^^^^^
  File "C:\Users\sanne_sanjana\AppData\Local\Programs\Python\Python313\Lib\site-packages\syndicate\core\build\meta_processor.py", line 514, in create_meta
    overall_meta = create_resource_json(project_path=project_path,
                                        bundle_name=bundle_name)
  File "C:\Users\sanne_sanjana\AppData\Local\Programs\Python\Python313\Lib\site-packages\syndicate\core\build\meta_processor.py", line 452, in create_resource_json
    _look_for_configs(nested_items, resources_meta, path, bundle_name)
    ~~~~~~~~~~~~~~~~~^^^^^^^^^^^^^^^^^^^^^^^^^^^^^^^^^^^^^^^^^^^^^^^^^
  File "C:\Users\sanne_sanjana\AppData\Local\Programs\Python\Python313\Lib\site-packages\syndicate\core\build\meta_processor.py", line 431, in _look_for_configs
    res = _check_duplicated_resources(resources_meta,
                                      resource_name, resource)
  File "C:\Users\sanne_sanjana\AppData\Local\Programs\Python\Python313\Lib\site-packages\syndicate\core\build\meta_processor.py", line 197, in _check_duplicated_resources
    raise AssertionError(
    ...<4 lines>...
    )
AssertionError: Two resources with equal names were found! Name: 'lambda-basic-execution', first resource type: 'iam_policy', second resource type: 'iam_policy'. 
Please, rename one of them!
2025-03-12 11:32:12,109 [INFO] USER:sanne_sanjana helper.py:330:timed LOG: Stage package_meta, elapsed time: 0:00:00.097129
2025-03-12 11:32:48,833 [INFO] USER:sanne_sanjana handlers.py:106:syndicate LOG: Configuration used: C:\Users\sanne_sanjana\Desktop\AWS\.syndicate-config-dev
2025-03-12 11:32:51,067 [INFO] USER:sanne_sanjana processor.py:143:_prepare_bucket_view LOG: Viewing complement, URIBucketView, has been found, setting up the raw data.
2025-03-12 11:32:52,342 [INFO] USER:sanne_sanjana project_state.py:122:get_remote LOG: Unsafely loaded project state file from S3 bucket. The retrieved object has type: dict
2025-03-12 11:32:52,342 [INFO] USER:sanne_sanjana project_state.py:127:get_remote LOG: Made ProjectState object from the dict loaded from S3 bucket
2025-03-12 11:32:52,754 [INFO] USER:sanne_sanjana sync_processor.py:53:sync_project_state LOG: Project state file has been successfully synced
2025-03-12 11:32:54,392 [INFO] USER:sanne_sanjana handlers.py:142:test LOG: Running tests...
2025-03-12 11:32:54,393 [INFO] USER:sanne_sanjana handlers.py:150:test LOG: Tests not found, 'tests' folder is missing in 'C:/Users/sanne_sanjana/Desktop/AWS'.
2025-03-12 11:32:54,393 [INFO] USER:sanne_sanjana helper.py:330:timed LOG: Stage test, elapsed time: 0:00:00.000896
2025-03-12 11:32:54,401 [INFO] USER:sanne_sanjana handlers.py:993:assemble LOG: Building artifacts, bundle: AWS_250312.113252
2025-03-12 11:32:54,401 [INFO] USER:sanne_sanjana project_state.py:396:_update_lambdas_from_path LOG: Going to resolve any lambda names from a given path: C:\Users\sanne_sanjana\Desktop\AWS\jsrc\main\java\com\AWS.
2025-03-12 11:32:54,403 [INFO] USER:sanne_sanjana project_state.py:400:_update_lambdas_from_path LOG: Going to add the following 'java' lambda:'sns_handler' to the pending ProjectState.
2025-03-12 11:32:54,403 [INFO] USER:sanne_sanjana project_state.py:400:_update_lambdas_from_path LOG: Going to add the following 'java' lambda:'sqs_handler' to the pending ProjectState.
2025-03-12 11:32:54,403 [INFO] USER:sanne_sanjana project_state.py:396:_update_lambdas_from_path LOG: Going to resolve any lambda names from a given path: C:\Users\sanne_sanjana\Desktop\AWS\src\lambdas.
2025-03-12 11:32:54,403 [INFO] USER:sanne_sanjana project_state.py:396:_update_lambdas_from_path LOG: Going to resolve any lambda names from a given path: C:\Users\sanne_sanjana\Desktop\AWS\app\lambdas.
2025-03-12 11:32:54,403 [INFO] USER:sanne_sanjana project_state.py:396:_update_lambdas_from_path LOG: Going to resolve any lambda names from a given path: C:\Users\sanne_sanjana\Desktop\AWS\dnapp\lambdas.
2025-03-12 11:32:54,403 [INFO] USER:sanne_sanjana project_state.py:430:_update_bpm_resources_from_path LOG: Going to resolve any build project mapping dependent resources from a given path: C:\Users\sanne_sanjana\Desktop\AWS\swagger_src.
2025-03-12 11:32:54,404 [INFO] USER:sanne_sanjana project_state.py:430:_update_bpm_resources_from_path LOG: Going to resolve any build project mapping dependent resources from a given path: C:\Users\sanne_sanjana\Desktop\AWS\appsync_src.
2025-03-12 11:32:54,409 [INFO] USER:sanne_sanjana handlers.py:718:assemble_java_mvn LOG: Command compile java project path: jsrc/main/java
2025-03-12 11:32:54,426 [INFO] USER:sanne_sanjana java.py:34:assemble_java_mvn_lambdas LOG: Java sources are located by path: C:/Users/sanne_sanjana/Desktop/AWS/jsrc/main/java
2025-03-12 11:32:54,426 [INFO] USER:sanne_sanjana java.py:35:assemble_java_mvn_lambdas LOG: Going to process java mvn project by path: C:/Users/sanne_sanjana/Desktop/AWS
2025-03-12 11:33:01,392 [INFO] USER:sanne_sanjana helper.py:107:execute_command_by_path LOG: Running the command "['C:\\Program Files\\apache-maven-3.9.9\\bin\\mvn.CMD', 'clean', 'install']"
[INFO] Scanning for projects...
[INFO] 
[INFO] ---------------------------< AWS-group:AWS >----------------------------
[INFO] Building AWS 1.0.0
[INFO]   from pom.xml
[INFO] --------------------------------[ jar ]---------------------------------
[INFO] 
[INFO] --- clean:3.2.0:clean (default-clean) @ AWS ---
[INFO] Deleting C:\Users\sanne_sanjana\Desktop\AWS\target
[INFO] 
[INFO] --- resources:3.3.1:resources (default-resources) @ AWS ---
[INFO] skip non existing resourceDirectory C:\Users\sanne_sanjana\Desktop\AWS\jsrc\main\resources
[INFO] 
[INFO] --- compiler:3.13.0:compile (default-compile) @ AWS ---
[INFO] Recompiling the module because of changed source code.
[INFO] Compiling 2 source files with javac [debug target 11] to target\classes
[WARNING] system modules path not set in conjunction with -source 11
[INFO] 
[INFO] --- deployment-configuration:1.15.0:gen-deployment-config (generate-config) @ AWS ---
[WARNING] 1 problem was encountered while building the effective model for org.javassist:javassist:jar:3.19.0-GA during dependency collection step for plugin (use -X to see details)
[info] Start creating resources_config.json ...
[info] Path to deployment package ==> AWS-1.0.0.jar
[debug] Creating custom classpath ...
[debug] Setting up new classloader ...
[INFO] 
[INFO] --- deployment-configuration:1.15.0:assemble-lambda-layer-files (generate-config) @ AWS ---
[info] Start creating resources_config.json ...
[info] Path to deployment package ==> AWS-1.0.0.jar
[debug] Creating custom classpath ...
[debug] Setting up new classloader ...
[INFO] 
[INFO] --- resources:3.3.1:testResources (default-testResources) @ AWS ---
[INFO] skip non existing resourceDirectory C:\Users\sanne_sanjana\Desktop\AWS\src\test\resources
[INFO] 
[INFO] --- compiler:3.13.0:testCompile (default-testCompile) @ AWS ---
[INFO] No sources to compile
[INFO] 
[INFO] --- surefire:3.2.5:test (default-test) @ AWS ---
[INFO] No tests to run.
[INFO] 
[INFO] --- jar:3.4.1:jar (default-jar) @ AWS ---
[INFO] Building jar: C:\Users\sanne_sanjana\Desktop\AWS\target\AWS-1.0.0.jar
[INFO] 
[INFO] --- shade:3.5.2:shade (default) @ AWS ---
[INFO] Including com.amazonaws:aws-lambda-java-core:jar:1.2.0 in the shaded jar.
[INFO] Including net.sf.aws-syndicate:deployment-configuration-annotations:jar:1.15.0 in the shaded jar.
[INFO] Including com.fasterxml.jackson.core:jackson-core:jar:2.16.1 in the shaded jar.
[INFO] Including com.fasterxml.jackson.core:jackson-databind:jar:2.16.1 in the shaded jar.
[INFO] Including com.fasterxml.jackson.core:jackson-annotations:jar:2.16.1 in the shaded jar.
[WARNING] Discovered module-info.class. Shading will break its strong encapsulation.
[WARNING] AWS-1.0.0.jar, aws-lambda-java-core-1.2.0.jar, deployment-configuration-annotations-1.15.0.jar, jackson-annotations-2.16.1.jar, jackson-core-2.16.1.jar, jackson-databind-2.16.1.jar define 1 overlapping resource: 
[WARNING]   - META-INF/MANIFEST.MF
[WARNING] jackson-core-2.16.1.jar, jackson-databind-2.16.1.jar define 1 overlapping classes: 
[WARNING]   - META-INF.versions.9.module-info
[WARNING] jackson-annotations-2.16.1.jar, jackson-core-2.16.1.jar, jackson-databind-2.16.1.jar define 2 overlapping resources: 
[WARNING]   - META-INF/LICENSE
[WARNING]   - META-INF/NOTICE
[WARNING] maven-shade-plugin has detected that some files are
[WARNING] present in two or more JARs. When this happens, only one
[WARNING] single version of the file is copied to the uber jar.
[WARNING] Usually this is not harmful and you can skip these warnings,
[WARNING] otherwise try to manually exclude artifacts based on
[WARNING] mvn dependency:tree -Ddetail=true and the above output.
[WARNING] See https://maven.apache.org/plugins/maven-shade-plugin/
[INFO] Replacing original artifact with shaded artifact.
[INFO] Replacing C:\Users\sanne_sanjana\Desktop\AWS\target\AWS-1.0.0.jar with C:\Users\sanne_sanjana\Desktop\AWS\target\AWS-1.0.0-shaded.jar
[INFO] 
[INFO] --- install:3.1.2:install (default-install) @ AWS ---
[INFO] Installing C:\Users\sanne_sanjana\Desktop\AWS\pom.xml to C:\Users\sanne_sanjana\.m2\repository\AWS-group\AWS\1.0.0\AWS-1.0.0.pom
[INFO] Installing C:\Users\sanne_sanjana\Desktop\AWS\target\AWS-1.0.0.jar to C:\Users\sanne_sanjana\.m2\repository\AWS-group\AWS\1.0.0\AWS-1.0.0.jar
[INFO] ------------------------------------------------------------------------
[INFO] BUILD SUCCESS
[INFO] ------------------------------------------------------------------------
[INFO] Total time:  4.676 s
[INFO] Finished at: 2025-03-12T11:33:01+05:30
[INFO] ------------------------------------------------------------------------


2025-03-12 11:33:01,413 [INFO] USER:sanne_sanjana java.py:53:assemble_java_mvn_lambdas LOG: Java mvn project was processed successfully
2025-03-12 11:33:01,413 [INFO] USER:sanne_sanjana handlers.py:729:assemble_java_mvn LOG: Java artifacts were prepared successfully.
2025-03-12 11:33:01,413 [INFO] USER:sanne_sanjana helper.py:330:timed LOG: Stage assemble_java_mvn, elapsed time: 0:00:07.004271
2025-03-12 11:33:01,419 [INFO] USER:sanne_sanjana helper.py:330:timed LOG: Stage assemble, elapsed time: 0:00:07.018161
2025-03-12 11:33:01,424 [INFO] USER:sanne_sanjana handlers.py:1037:package_meta LOG: Package meta, bundle: AWS_250312.113252
2025-03-12 11:33:01,424 [INFO] USER:sanne_sanjana meta_processor.py:513:create_meta LOG: Bundle path: C:/Users/sanne_sanjana/Desktop/AWS/bundles/AWS_250312.113252
2025-03-12 11:33:01,513 [ERROR] USER:sanne_sanjana helper.py:88:wrapper LOG: An error occurred: Two resources with equal names were found! Name: 'lambda-basic-execution', first resource type: 'iam_policy', second resource type: 'iam_policy'. 
Please, rename one of them!
2025-03-12 11:33:01,517 [ERROR] USER:sanne_sanjana helper.py:89:wrapper LOG: Traceback (most recent call last):
  File "C:\Users\sanne_sanjana\AppData\Local\Programs\Python\Python313\Lib\site-packages\syndicate\core\helper.py", line 86, in wrapper
    return handler_func(*args, **kwargs)
  File "C:\Users\sanne_sanjana\AppData\Local\Programs\Python\Python313\Lib\site-packages\syndicate\core\handlers.py", line 1038, in package_meta
    create_meta(project_path=CONFIG.project_path,
    ~~~~~~~~~~~^^^^^^^^^^^^^^^^^^^^^^^^^^^^^^^^^^
                bundle_name=bundle_name)
                ^^^^^^^^^^^^^^^^^^^^^^^^
  File "C:\Users\sanne_sanjana\AppData\Local\Programs\Python\Python313\Lib\site-packages\syndicate\core\build\meta_processor.py", line 514, in create_meta
    overall_meta = create_resource_json(project_path=project_path,
                                        bundle_name=bundle_name)
  File "C:\Users\sanne_sanjana\AppData\Local\Programs\Python\Python313\Lib\site-packages\syndicate\core\build\meta_processor.py", line 452, in create_resource_json
    _look_for_configs(nested_items, resources_meta, path, bundle_name)
    ~~~~~~~~~~~~~~~~~^^^^^^^^^^^^^^^^^^^^^^^^^^^^^^^^^^^^^^^^^^^^^^^^^
  File "C:\Users\sanne_sanjana\AppData\Local\Programs\Python\Python313\Lib\site-packages\syndicate\core\build\meta_processor.py", line 431, in _look_for_configs
    res = _check_duplicated_resources(resources_meta,
                                      resource_name, resource)
  File "C:\Users\sanne_sanjana\AppData\Local\Programs\Python\Python313\Lib\site-packages\syndicate\core\build\meta_processor.py", line 197, in _check_duplicated_resources
    raise AssertionError(
    ...<4 lines>...
    )
AssertionError: Two resources with equal names were found! Name: 'lambda-basic-execution', first resource type: 'iam_policy', second resource type: 'iam_policy'. 
Please, rename one of them!
Traceback (most recent call last):
  File "C:\Users\sanne_sanjana\AppData\Local\Programs\Python\Python313\Lib\site-packages\syndicate\core\helper.py", line 86, in wrapper
    return handler_func(*args, **kwargs)
  File "C:\Users\sanne_sanjana\AppData\Local\Programs\Python\Python313\Lib\site-packages\syndicate\core\handlers.py", line 1038, in package_meta
    create_meta(project_path=CONFIG.project_path,
    ~~~~~~~~~~~^^^^^^^^^^^^^^^^^^^^^^^^^^^^^^^^^^
                bundle_name=bundle_name)
                ^^^^^^^^^^^^^^^^^^^^^^^^
  File "C:\Users\sanne_sanjana\AppData\Local\Programs\Python\Python313\Lib\site-packages\syndicate\core\build\meta_processor.py", line 514, in create_meta
    overall_meta = create_resource_json(project_path=project_path,
                                        bundle_name=bundle_name)
  File "C:\Users\sanne_sanjana\AppData\Local\Programs\Python\Python313\Lib\site-packages\syndicate\core\build\meta_processor.py", line 452, in create_resource_json
    _look_for_configs(nested_items, resources_meta, path, bundle_name)
    ~~~~~~~~~~~~~~~~~^^^^^^^^^^^^^^^^^^^^^^^^^^^^^^^^^^^^^^^^^^^^^^^^^
  File "C:\Users\sanne_sanjana\AppData\Local\Programs\Python\Python313\Lib\site-packages\syndicate\core\build\meta_processor.py", line 431, in _look_for_configs
    res = _check_duplicated_resources(resources_meta,
                                      resource_name, resource)
  File "C:\Users\sanne_sanjana\AppData\Local\Programs\Python\Python313\Lib\site-packages\syndicate\core\build\meta_processor.py", line 197, in _check_duplicated_resources
    raise AssertionError(
    ...<4 lines>...
    )
AssertionError: Two resources with equal names were found! Name: 'lambda-basic-execution', first resource type: 'iam_policy', second resource type: 'iam_policy'. 
Please, rename one of them!
2025-03-12 11:33:01,519 [INFO] USER:sanne_sanjana helper.py:330:timed LOG: Stage package_meta, elapsed time: 0:00:00.094649
2025-03-12 11:35:40,665 [INFO] USER:sanne_sanjana handlers.py:106:syndicate LOG: Configuration used: C:\Users\sanne_sanjana\Desktop\AWS\.syndicate-config-dev
2025-03-12 11:35:42,893 [INFO] USER:sanne_sanjana processor.py:143:_prepare_bucket_view LOG: Viewing complement, URIBucketView, has been found, setting up the raw data.
2025-03-12 11:35:44,450 [INFO] USER:sanne_sanjana project_state.py:122:get_remote LOG: Unsafely loaded project state file from S3 bucket. The retrieved object has type: dict
2025-03-12 11:35:44,451 [INFO] USER:sanne_sanjana project_state.py:127:get_remote LOG: Made ProjectState object from the dict loaded from S3 bucket
2025-03-12 11:35:45,292 [INFO] USER:sanne_sanjana sync_processor.py:53:sync_project_state LOG: Project state file has been successfully synced
2025-03-12 11:35:47,011 [INFO] USER:sanne_sanjana handlers.py:142:test LOG: Running tests...
2025-03-12 11:35:47,012 [INFO] USER:sanne_sanjana handlers.py:150:test LOG: Tests not found, 'tests' folder is missing in 'C:/Users/sanne_sanjana/Desktop/AWS'.
2025-03-12 11:35:47,012 [INFO] USER:sanne_sanjana helper.py:330:timed LOG: Stage test, elapsed time: 0:00:00.001249
2025-03-12 11:35:47,022 [INFO] USER:sanne_sanjana handlers.py:993:assemble LOG: Building artifacts, bundle: AWS_250312.113545
2025-03-12 11:35:47,023 [INFO] USER:sanne_sanjana project_state.py:396:_update_lambdas_from_path LOG: Going to resolve any lambda names from a given path: C:\Users\sanne_sanjana\Desktop\AWS\jsrc\main\java\com\AWS.
2025-03-12 11:35:47,024 [INFO] USER:sanne_sanjana project_state.py:400:_update_lambdas_from_path LOG: Going to add the following 'java' lambda:'sns_handler' to the pending ProjectState.
2025-03-12 11:35:47,024 [INFO] USER:sanne_sanjana project_state.py:400:_update_lambdas_from_path LOG: Going to add the following 'java' lambda:'sqs_handler' to the pending ProjectState.
2025-03-12 11:35:47,025 [INFO] USER:sanne_sanjana project_state.py:396:_update_lambdas_from_path LOG: Going to resolve any lambda names from a given path: C:\Users\sanne_sanjana\Desktop\AWS\src\lambdas.
2025-03-12 11:35:47,025 [INFO] USER:sanne_sanjana project_state.py:396:_update_lambdas_from_path LOG: Going to resolve any lambda names from a given path: C:\Users\sanne_sanjana\Desktop\AWS\app\lambdas.
2025-03-12 11:35:47,025 [INFO] USER:sanne_sanjana project_state.py:396:_update_lambdas_from_path LOG: Going to resolve any lambda names from a given path: C:\Users\sanne_sanjana\Desktop\AWS\dnapp\lambdas.
2025-03-12 11:35:47,025 [INFO] USER:sanne_sanjana project_state.py:430:_update_bpm_resources_from_path LOG: Going to resolve any build project mapping dependent resources from a given path: C:\Users\sanne_sanjana\Desktop\AWS\swagger_src.
2025-03-12 11:35:47,026 [INFO] USER:sanne_sanjana project_state.py:430:_update_bpm_resources_from_path LOG: Going to resolve any build project mapping dependent resources from a given path: C:\Users\sanne_sanjana\Desktop\AWS\appsync_src.
2025-03-12 11:35:47,032 [INFO] USER:sanne_sanjana handlers.py:718:assemble_java_mvn LOG: Command compile java project path: jsrc/main/java
2025-03-12 11:35:47,033 [INFO] USER:sanne_sanjana java.py:34:assemble_java_mvn_lambdas LOG: Java sources are located by path: C:/Users/sanne_sanjana/Desktop/AWS/jsrc/main/java
2025-03-12 11:35:47,033 [INFO] USER:sanne_sanjana java.py:35:assemble_java_mvn_lambdas LOG: Going to process java mvn project by path: C:/Users/sanne_sanjana/Desktop/AWS
2025-03-12 11:35:54,281 [INFO] USER:sanne_sanjana helper.py:107:execute_command_by_path LOG: Running the command "['C:\\Program Files\\apache-maven-3.9.9\\bin\\mvn.CMD', 'clean', 'install']"
[INFO] Scanning for projects...
[INFO] 
[INFO] ---------------------------< AWS-group:AWS >----------------------------
[INFO] Building AWS 1.0.0
[INFO]   from pom.xml
[INFO] --------------------------------[ jar ]---------------------------------
[INFO] 
[INFO] --- clean:3.2.0:clean (default-clean) @ AWS ---
[INFO] Deleting C:\Users\sanne_sanjana\Desktop\AWS\target
[INFO] 
[INFO] --- resources:3.3.1:resources (default-resources) @ AWS ---
[INFO] skip non existing resourceDirectory C:\Users\sanne_sanjana\Desktop\AWS\jsrc\main\resources
[INFO] 
[INFO] --- compiler:3.13.0:compile (default-compile) @ AWS ---
[INFO] Recompiling the module because of changed source code.
[INFO] Compiling 2 source files with javac [debug target 11] to target\classes
[WARNING] system modules path not set in conjunction with -source 11
[INFO] 
[INFO] --- deployment-configuration:1.15.0:gen-deployment-config (generate-config) @ AWS ---
[WARNING] 1 problem was encountered while building the effective model for org.javassist:javassist:jar:3.19.0-GA during dependency collection step for plugin (use -X to see details)
[info] Start creating resources_config.json ...
[info] Path to deployment package ==> AWS-1.0.0.jar
[debug] Creating custom classpath ...
[debug] Setting up new classloader ...
[INFO] 
[INFO] --- deployment-configuration:1.15.0:assemble-lambda-layer-files (generate-config) @ AWS ---
[info] Start creating resources_config.json ...
[info] Path to deployment package ==> AWS-1.0.0.jar
[debug] Creating custom classpath ...
[debug] Setting up new classloader ...
[INFO] 
[INFO] --- resources:3.3.1:testResources (default-testResources) @ AWS ---
[INFO] skip non existing resourceDirectory C:\Users\sanne_sanjana\Desktop\AWS\src\test\resources
[INFO] 
[INFO] --- compiler:3.13.0:testCompile (default-testCompile) @ AWS ---
[INFO] No sources to compile
[INFO] 
[INFO] --- surefire:3.2.5:test (default-test) @ AWS ---
[INFO] No tests to run.
[INFO] 
[INFO] --- jar:3.4.1:jar (default-jar) @ AWS ---
[INFO] Building jar: C:\Users\sanne_sanjana\Desktop\AWS\target\AWS-1.0.0.jar
[INFO] 
[INFO] --- shade:3.5.2:shade (default) @ AWS ---
[INFO] Including com.amazonaws:aws-lambda-java-core:jar:1.2.0 in the shaded jar.
[INFO] Including net.sf.aws-syndicate:deployment-configuration-annotations:jar:1.15.0 in the shaded jar.
[INFO] Including com.fasterxml.jackson.core:jackson-core:jar:2.16.1 in the shaded jar.
[INFO] Including com.fasterxml.jackson.core:jackson-databind:jar:2.16.1 in the shaded jar.
[INFO] Including com.fasterxml.jackson.core:jackson-annotations:jar:2.16.1 in the shaded jar.
[WARNING] Discovered module-info.class. Shading will break its strong encapsulation.
[WARNING] AWS-1.0.0.jar, aws-lambda-java-core-1.2.0.jar, deployment-configuration-annotations-1.15.0.jar, jackson-annotations-2.16.1.jar, jackson-core-2.16.1.jar, jackson-databind-2.16.1.jar define 1 overlapping resource: 
[WARNING]   - META-INF/MANIFEST.MF
[WARNING] jackson-core-2.16.1.jar, jackson-databind-2.16.1.jar define 1 overlapping classes: 
[WARNING]   - META-INF.versions.9.module-info
[WARNING] jackson-annotations-2.16.1.jar, jackson-core-2.16.1.jar, jackson-databind-2.16.1.jar define 2 overlapping resources: 
[WARNING]   - META-INF/LICENSE
[WARNING]   - META-INF/NOTICE
[WARNING] maven-shade-plugin has detected that some files are
[WARNING] present in two or more JARs. When this happens, only one
[WARNING] single version of the file is copied to the uber jar.
[WARNING] Usually this is not harmful and you can skip these warnings,
[WARNING] otherwise try to manually exclude artifacts based on
[WARNING] mvn dependency:tree -Ddetail=true and the above output.
[WARNING] See https://maven.apache.org/plugins/maven-shade-plugin/
[INFO] Replacing original artifact with shaded artifact.
[INFO] Replacing C:\Users\sanne_sanjana\Desktop\AWS\target\AWS-1.0.0.jar with C:\Users\sanne_sanjana\Desktop\AWS\target\AWS-1.0.0-shaded.jar
[INFO] 
[INFO] --- install:3.1.2:install (default-install) @ AWS ---
[INFO] Installing C:\Users\sanne_sanjana\Desktop\AWS\pom.xml to C:\Users\sanne_sanjana\.m2\repository\AWS-group\AWS\1.0.0\AWS-1.0.0.pom
[INFO] Installing C:\Users\sanne_sanjana\Desktop\AWS\target\AWS-1.0.0.jar to C:\Users\sanne_sanjana\.m2\repository\AWS-group\AWS\1.0.0\AWS-1.0.0.jar
[INFO] ------------------------------------------------------------------------
[INFO] BUILD SUCCESS
[INFO] ------------------------------------------------------------------------
[INFO] Total time:  4.925 s
[INFO] Finished at: 2025-03-12T11:35:54+05:30
[INFO] ------------------------------------------------------------------------


2025-03-12 11:35:54,303 [INFO] USER:sanne_sanjana java.py:53:assemble_java_mvn_lambdas LOG: Java mvn project was processed successfully
2025-03-12 11:35:54,303 [INFO] USER:sanne_sanjana handlers.py:729:assemble_java_mvn LOG: Java artifacts were prepared successfully.
2025-03-12 11:35:54,303 [INFO] USER:sanne_sanjana helper.py:330:timed LOG: Stage assemble_java_mvn, elapsed time: 0:00:07.270789
2025-03-12 11:35:54,309 [INFO] USER:sanne_sanjana helper.py:330:timed LOG: Stage assemble, elapsed time: 0:00:07.286618
2025-03-12 11:35:54,315 [INFO] USER:sanne_sanjana handlers.py:1037:package_meta LOG: Package meta, bundle: AWS_250312.113545
2025-03-12 11:35:54,315 [INFO] USER:sanne_sanjana meta_processor.py:513:create_meta LOG: Bundle path: C:/Users/sanne_sanjana/Desktop/AWS/bundles/AWS_250312.113545
2025-03-12 11:35:54,405 [ERROR] USER:sanne_sanjana helper.py:88:wrapper LOG: An error occurred: Two resources with equal names were found! Name: 'lambda-basic-execution', first resource type: 'iam_policy', second resource type: 'iam_policy'. 
Please, rename one of them!
2025-03-12 11:35:54,408 [ERROR] USER:sanne_sanjana helper.py:89:wrapper LOG: Traceback (most recent call last):
  File "C:\Users\sanne_sanjana\AppData\Local\Programs\Python\Python313\Lib\site-packages\syndicate\core\helper.py", line 86, in wrapper
    return handler_func(*args, **kwargs)
  File "C:\Users\sanne_sanjana\AppData\Local\Programs\Python\Python313\Lib\site-packages\syndicate\core\handlers.py", line 1038, in package_meta
    create_meta(project_path=CONFIG.project_path,
    ~~~~~~~~~~~^^^^^^^^^^^^^^^^^^^^^^^^^^^^^^^^^^
                bundle_name=bundle_name)
                ^^^^^^^^^^^^^^^^^^^^^^^^
  File "C:\Users\sanne_sanjana\AppData\Local\Programs\Python\Python313\Lib\site-packages\syndicate\core\build\meta_processor.py", line 514, in create_meta
    overall_meta = create_resource_json(project_path=project_path,
                                        bundle_name=bundle_name)
  File "C:\Users\sanne_sanjana\AppData\Local\Programs\Python\Python313\Lib\site-packages\syndicate\core\build\meta_processor.py", line 452, in create_resource_json
    _look_for_configs(nested_items, resources_meta, path, bundle_name)
    ~~~~~~~~~~~~~~~~~^^^^^^^^^^^^^^^^^^^^^^^^^^^^^^^^^^^^^^^^^^^^^^^^^
  File "C:\Users\sanne_sanjana\AppData\Local\Programs\Python\Python313\Lib\site-packages\syndicate\core\build\meta_processor.py", line 431, in _look_for_configs
    res = _check_duplicated_resources(resources_meta,
                                      resource_name, resource)
  File "C:\Users\sanne_sanjana\AppData\Local\Programs\Python\Python313\Lib\site-packages\syndicate\core\build\meta_processor.py", line 197, in _check_duplicated_resources
    raise AssertionError(
    ...<4 lines>...
    )
AssertionError: Two resources with equal names were found! Name: 'lambda-basic-execution', first resource type: 'iam_policy', second resource type: 'iam_policy'. 
Please, rename one of them!
Traceback (most recent call last):
  File "C:\Users\sanne_sanjana\AppData\Local\Programs\Python\Python313\Lib\site-packages\syndicate\core\helper.py", line 86, in wrapper
    return handler_func(*args, **kwargs)
  File "C:\Users\sanne_sanjana\AppData\Local\Programs\Python\Python313\Lib\site-packages\syndicate\core\handlers.py", line 1038, in package_meta
    create_meta(project_path=CONFIG.project_path,
    ~~~~~~~~~~~^^^^^^^^^^^^^^^^^^^^^^^^^^^^^^^^^^
                bundle_name=bundle_name)
                ^^^^^^^^^^^^^^^^^^^^^^^^
  File "C:\Users\sanne_sanjana\AppData\Local\Programs\Python\Python313\Lib\site-packages\syndicate\core\build\meta_processor.py", line 514, in create_meta
    overall_meta = create_resource_json(project_path=project_path,
                                        bundle_name=bundle_name)
  File "C:\Users\sanne_sanjana\AppData\Local\Programs\Python\Python313\Lib\site-packages\syndicate\core\build\meta_processor.py", line 452, in create_resource_json
    _look_for_configs(nested_items, resources_meta, path, bundle_name)
    ~~~~~~~~~~~~~~~~~^^^^^^^^^^^^^^^^^^^^^^^^^^^^^^^^^^^^^^^^^^^^^^^^^
  File "C:\Users\sanne_sanjana\AppData\Local\Programs\Python\Python313\Lib\site-packages\syndicate\core\build\meta_processor.py", line 431, in _look_for_configs
    res = _check_duplicated_resources(resources_meta,
                                      resource_name, resource)
  File "C:\Users\sanne_sanjana\AppData\Local\Programs\Python\Python313\Lib\site-packages\syndicate\core\build\meta_processor.py", line 197, in _check_duplicated_resources
    raise AssertionError(
    ...<4 lines>...
    )
AssertionError: Two resources with equal names were found! Name: 'lambda-basic-execution', first resource type: 'iam_policy', second resource type: 'iam_policy'. 
Please, rename one of them!
2025-03-12 11:35:54,409 [INFO] USER:sanne_sanjana helper.py:330:timed LOG: Stage package_meta, elapsed time: 0:00:00.094497
2025-03-12 11:36:11,447 [INFO] USER:sanne_sanjana handlers.py:106:syndicate LOG: Configuration used: C:\Users\sanne_sanjana\Desktop\AWS\.syndicate-config-dev
2025-03-12 11:36:13,662 [INFO] USER:sanne_sanjana processor.py:143:_prepare_bucket_view LOG: Viewing complement, URIBucketView, has been found, setting up the raw data.
2025-03-12 11:36:14,961 [INFO] USER:sanne_sanjana project_state.py:122:get_remote LOG: Unsafely loaded project state file from S3 bucket. The retrieved object has type: dict
2025-03-12 11:36:14,961 [INFO] USER:sanne_sanjana project_state.py:127:get_remote LOG: Made ProjectState object from the dict loaded from S3 bucket
2025-03-12 11:36:15,443 [INFO] USER:sanne_sanjana sync_processor.py:53:sync_project_state LOG: Project state file has been successfully synced
2025-03-12 11:36:17,341 [INFO] USER:sanne_sanjana handlers.py:142:test LOG: Running tests...
2025-03-12 11:36:17,342 [INFO] USER:sanne_sanjana handlers.py:150:test LOG: Tests not found, 'tests' folder is missing in 'C:/Users/sanne_sanjana/Desktop/AWS'.
2025-03-12 11:36:17,342 [INFO] USER:sanne_sanjana helper.py:330:timed LOG: Stage test, elapsed time: 0:00:00.001092
2025-03-12 11:36:17,353 [INFO] USER:sanne_sanjana handlers.py:993:assemble LOG: Building artifacts, bundle: AWS_250312.113615
2025-03-12 11:36:17,353 [INFO] USER:sanne_sanjana project_state.py:396:_update_lambdas_from_path LOG: Going to resolve any lambda names from a given path: C:\Users\sanne_sanjana\Desktop\AWS\jsrc\main\java\com\AWS.
2025-03-12 11:36:17,355 [INFO] USER:sanne_sanjana project_state.py:400:_update_lambdas_from_path LOG: Going to add the following 'java' lambda:'sns_handler' to the pending ProjectState.
2025-03-12 11:36:17,355 [INFO] USER:sanne_sanjana project_state.py:400:_update_lambdas_from_path LOG: Going to add the following 'java' lambda:'sqs_handler' to the pending ProjectState.
2025-03-12 11:36:17,355 [INFO] USER:sanne_sanjana project_state.py:396:_update_lambdas_from_path LOG: Going to resolve any lambda names from a given path: C:\Users\sanne_sanjana\Desktop\AWS\src\lambdas.
2025-03-12 11:36:17,355 [INFO] USER:sanne_sanjana project_state.py:396:_update_lambdas_from_path LOG: Going to resolve any lambda names from a given path: C:\Users\sanne_sanjana\Desktop\AWS\app\lambdas.
2025-03-12 11:36:17,356 [INFO] USER:sanne_sanjana project_state.py:396:_update_lambdas_from_path LOG: Going to resolve any lambda names from a given path: C:\Users\sanne_sanjana\Desktop\AWS\dnapp\lambdas.
2025-03-12 11:36:17,356 [INFO] USER:sanne_sanjana project_state.py:430:_update_bpm_resources_from_path LOG: Going to resolve any build project mapping dependent resources from a given path: C:\Users\sanne_sanjana\Desktop\AWS\swagger_src.
2025-03-12 11:36:17,356 [INFO] USER:sanne_sanjana project_state.py:430:_update_bpm_resources_from_path LOG: Going to resolve any build project mapping dependent resources from a given path: C:\Users\sanne_sanjana\Desktop\AWS\appsync_src.
2025-03-12 11:36:17,365 [INFO] USER:sanne_sanjana handlers.py:718:assemble_java_mvn LOG: Command compile java project path: jsrc/main/java
2025-03-12 11:36:17,366 [INFO] USER:sanne_sanjana java.py:34:assemble_java_mvn_lambdas LOG: Java sources are located by path: C:/Users/sanne_sanjana/Desktop/AWS/jsrc/main/java
2025-03-12 11:36:17,366 [INFO] USER:sanne_sanjana java.py:35:assemble_java_mvn_lambdas LOG: Going to process java mvn project by path: C:/Users/sanne_sanjana/Desktop/AWS
2025-03-12 11:36:24,648 [INFO] USER:sanne_sanjana helper.py:107:execute_command_by_path LOG: Running the command "['C:\\Program Files\\apache-maven-3.9.9\\bin\\mvn.CMD', 'clean', 'install']"
[INFO] Scanning for projects...
[INFO] 
[INFO] ---------------------------< AWS-group:AWS >----------------------------
[INFO] Building AWS 1.0.0
[INFO]   from pom.xml
[INFO] --------------------------------[ jar ]---------------------------------
[INFO] 
[INFO] --- clean:3.2.0:clean (default-clean) @ AWS ---
[INFO] Deleting C:\Users\sanne_sanjana\Desktop\AWS\target
[INFO] 
[INFO] --- resources:3.3.1:resources (default-resources) @ AWS ---
[INFO] skip non existing resourceDirectory C:\Users\sanne_sanjana\Desktop\AWS\jsrc\main\resources
[INFO] 
[INFO] --- compiler:3.13.0:compile (default-compile) @ AWS ---
[INFO] Recompiling the module because of changed source code.
[INFO] Compiling 2 source files with javac [debug target 11] to target\classes
[WARNING] system modules path not set in conjunction with -source 11
[INFO] 
[INFO] --- deployment-configuration:1.15.0:gen-deployment-config (generate-config) @ AWS ---
[WARNING] 1 problem was encountered while building the effective model for org.javassist:javassist:jar:3.19.0-GA during dependency collection step for plugin (use -X to see details)
[info] Start creating resources_config.json ...
[info] Path to deployment package ==> AWS-1.0.0.jar
[debug] Creating custom classpath ...
[debug] Setting up new classloader ...
[INFO] 
[INFO] --- deployment-configuration:1.15.0:assemble-lambda-layer-files (generate-config) @ AWS ---
[info] Start creating resources_config.json ...
[info] Path to deployment package ==> AWS-1.0.0.jar
[debug] Creating custom classpath ...
[debug] Setting up new classloader ...
[INFO] 
[INFO] --- resources:3.3.1:testResources (default-testResources) @ AWS ---
[INFO] skip non existing resourceDirectory C:\Users\sanne_sanjana\Desktop\AWS\src\test\resources
[INFO] 
[INFO] --- compiler:3.13.0:testCompile (default-testCompile) @ AWS ---
[INFO] No sources to compile
[INFO] 
[INFO] --- surefire:3.2.5:test (default-test) @ AWS ---
[INFO] No tests to run.
[INFO] 
[INFO] --- jar:3.4.1:jar (default-jar) @ AWS ---
[INFO] Building jar: C:\Users\sanne_sanjana\Desktop\AWS\target\AWS-1.0.0.jar
[INFO] 
[INFO] --- shade:3.5.2:shade (default) @ AWS ---
[INFO] Including com.amazonaws:aws-lambda-java-core:jar:1.2.0 in the shaded jar.
[INFO] Including net.sf.aws-syndicate:deployment-configuration-annotations:jar:1.15.0 in the shaded jar.
[INFO] Including com.fasterxml.jackson.core:jackson-core:jar:2.16.1 in the shaded jar.
[INFO] Including com.fasterxml.jackson.core:jackson-databind:jar:2.16.1 in the shaded jar.
[INFO] Including com.fasterxml.jackson.core:jackson-annotations:jar:2.16.1 in the shaded jar.
[WARNING] Discovered module-info.class. Shading will break its strong encapsulation.
[WARNING] AWS-1.0.0.jar, aws-lambda-java-core-1.2.0.jar, deployment-configuration-annotations-1.15.0.jar, jackson-annotations-2.16.1.jar, jackson-core-2.16.1.jar, jackson-databind-2.16.1.jar define 1 overlapping resource: 
[WARNING]   - META-INF/MANIFEST.MF
[WARNING] jackson-core-2.16.1.jar, jackson-databind-2.16.1.jar define 1 overlapping classes: 
[WARNING]   - META-INF.versions.9.module-info
[WARNING] jackson-annotations-2.16.1.jar, jackson-core-2.16.1.jar, jackson-databind-2.16.1.jar define 2 overlapping resources: 
[WARNING]   - META-INF/LICENSE
[WARNING]   - META-INF/NOTICE
[WARNING] maven-shade-plugin has detected that some files are
[WARNING] present in two or more JARs. When this happens, only one
[WARNING] single version of the file is copied to the uber jar.
[WARNING] Usually this is not harmful and you can skip these warnings,
[WARNING] otherwise try to manually exclude artifacts based on
[WARNING] mvn dependency:tree -Ddetail=true and the above output.
[WARNING] See https://maven.apache.org/plugins/maven-shade-plugin/
[INFO] Replacing original artifact with shaded artifact.
[INFO] Replacing C:\Users\sanne_sanjana\Desktop\AWS\target\AWS-1.0.0.jar with C:\Users\sanne_sanjana\Desktop\AWS\target\AWS-1.0.0-shaded.jar
[INFO] 
[INFO] --- install:3.1.2:install (default-install) @ AWS ---
[INFO] Installing C:\Users\sanne_sanjana\Desktop\AWS\pom.xml to C:\Users\sanne_sanjana\.m2\repository\AWS-group\AWS\1.0.0\AWS-1.0.0.pom
[INFO] Installing C:\Users\sanne_sanjana\Desktop\AWS\target\AWS-1.0.0.jar to C:\Users\sanne_sanjana\.m2\repository\AWS-group\AWS\1.0.0\AWS-1.0.0.jar
[INFO] ------------------------------------------------------------------------
[INFO] BUILD SUCCESS
[INFO] ------------------------------------------------------------------------
[INFO] Total time:  4.928 s
[INFO] Finished at: 2025-03-12T11:36:24+05:30
[INFO] ------------------------------------------------------------------------


2025-03-12 11:36:24,669 [INFO] USER:sanne_sanjana java.py:53:assemble_java_mvn_lambdas LOG: Java mvn project was processed successfully
2025-03-12 11:36:24,669 [INFO] USER:sanne_sanjana handlers.py:729:assemble_java_mvn LOG: Java artifacts were prepared successfully.
2025-03-12 11:36:24,670 [INFO] USER:sanne_sanjana helper.py:330:timed LOG: Stage assemble_java_mvn, elapsed time: 0:00:07.304942
2025-03-12 11:36:24,678 [INFO] USER:sanne_sanjana helper.py:330:timed LOG: Stage assemble, elapsed time: 0:00:07.325290
2025-03-12 11:36:24,687 [INFO] USER:sanne_sanjana handlers.py:1037:package_meta LOG: Package meta, bundle: AWS_250312.113615
2025-03-12 11:36:24,687 [INFO] USER:sanne_sanjana meta_processor.py:513:create_meta LOG: Bundle path: C:/Users/sanne_sanjana/Desktop/AWS/bundles/AWS_250312.113615
2025-03-12 11:36:24,780 [ERROR] USER:sanne_sanjana helper.py:88:wrapper LOG: An error occurred: Two resources with equal names were found! Name: 'lambda-basic-execution', first resource type: 'iam_policy', second resource type: 'iam_policy'. 
Please, rename one of them!
2025-03-12 11:36:24,784 [ERROR] USER:sanne_sanjana helper.py:89:wrapper LOG: Traceback (most recent call last):
  File "C:\Users\sanne_sanjana\AppData\Local\Programs\Python\Python313\Lib\site-packages\syndicate\core\helper.py", line 86, in wrapper
    return handler_func(*args, **kwargs)
  File "C:\Users\sanne_sanjana\AppData\Local\Programs\Python\Python313\Lib\site-packages\syndicate\core\handlers.py", line 1038, in package_meta
    create_meta(project_path=CONFIG.project_path,
    ~~~~~~~~~~~^^^^^^^^^^^^^^^^^^^^^^^^^^^^^^^^^^
                bundle_name=bundle_name)
                ^^^^^^^^^^^^^^^^^^^^^^^^
  File "C:\Users\sanne_sanjana\AppData\Local\Programs\Python\Python313\Lib\site-packages\syndicate\core\build\meta_processor.py", line 514, in create_meta
    overall_meta = create_resource_json(project_path=project_path,
                                        bundle_name=bundle_name)
  File "C:\Users\sanne_sanjana\AppData\Local\Programs\Python\Python313\Lib\site-packages\syndicate\core\build\meta_processor.py", line 452, in create_resource_json
    _look_for_configs(nested_items, resources_meta, path, bundle_name)
    ~~~~~~~~~~~~~~~~~^^^^^^^^^^^^^^^^^^^^^^^^^^^^^^^^^^^^^^^^^^^^^^^^^
  File "C:\Users\sanne_sanjana\AppData\Local\Programs\Python\Python313\Lib\site-packages\syndicate\core\build\meta_processor.py", line 431, in _look_for_configs
    res = _check_duplicated_resources(resources_meta,
                                      resource_name, resource)
  File "C:\Users\sanne_sanjana\AppData\Local\Programs\Python\Python313\Lib\site-packages\syndicate\core\build\meta_processor.py", line 197, in _check_duplicated_resources
    raise AssertionError(
    ...<4 lines>...
    )
AssertionError: Two resources with equal names were found! Name: 'lambda-basic-execution', first resource type: 'iam_policy', second resource type: 'iam_policy'. 
Please, rename one of them!
Traceback (most recent call last):
  File "C:\Users\sanne_sanjana\AppData\Local\Programs\Python\Python313\Lib\site-packages\syndicate\core\helper.py", line 86, in wrapper
    return handler_func(*args, **kwargs)
  File "C:\Users\sanne_sanjana\AppData\Local\Programs\Python\Python313\Lib\site-packages\syndicate\core\handlers.py", line 1038, in package_meta
    create_meta(project_path=CONFIG.project_path,
    ~~~~~~~~~~~^^^^^^^^^^^^^^^^^^^^^^^^^^^^^^^^^^
                bundle_name=bundle_name)
                ^^^^^^^^^^^^^^^^^^^^^^^^
  File "C:\Users\sanne_sanjana\AppData\Local\Programs\Python\Python313\Lib\site-packages\syndicate\core\build\meta_processor.py", line 514, in create_meta
    overall_meta = create_resource_json(project_path=project_path,
                                        bundle_name=bundle_name)
  File "C:\Users\sanne_sanjana\AppData\Local\Programs\Python\Python313\Lib\site-packages\syndicate\core\build\meta_processor.py", line 452, in create_resource_json
    _look_for_configs(nested_items, resources_meta, path, bundle_name)
    ~~~~~~~~~~~~~~~~~^^^^^^^^^^^^^^^^^^^^^^^^^^^^^^^^^^^^^^^^^^^^^^^^^
  File "C:\Users\sanne_sanjana\AppData\Local\Programs\Python\Python313\Lib\site-packages\syndicate\core\build\meta_processor.py", line 431, in _look_for_configs
    res = _check_duplicated_resources(resources_meta,
                                      resource_name, resource)
  File "C:\Users\sanne_sanjana\AppData\Local\Programs\Python\Python313\Lib\site-packages\syndicate\core\build\meta_processor.py", line 197, in _check_duplicated_resources
    raise AssertionError(
    ...<4 lines>...
    )
AssertionError: Two resources with equal names were found! Name: 'lambda-basic-execution', first resource type: 'iam_policy', second resource type: 'iam_policy'. 
Please, rename one of them!
2025-03-12 11:36:24,785 [INFO] USER:sanne_sanjana helper.py:330:timed LOG: Stage package_meta, elapsed time: 0:00:00.098174
2025-03-12 11:38:02,952 [INFO] USER:sanne_sanjana handlers.py:106:syndicate LOG: Configuration used: C:\Users\sanne_sanjana\Desktop\AWS\.syndicate-config-dev
2025-03-12 11:38:05,181 [INFO] USER:sanne_sanjana processor.py:143:_prepare_bucket_view LOG: Viewing complement, URIBucketView, has been found, setting up the raw data.
2025-03-12 11:38:06,520 [INFO] USER:sanne_sanjana project_state.py:122:get_remote LOG: Unsafely loaded project state file from S3 bucket. The retrieved object has type: dict
2025-03-12 11:38:06,520 [INFO] USER:sanne_sanjana project_state.py:127:get_remote LOG: Made ProjectState object from the dict loaded from S3 bucket
2025-03-12 11:38:07,014 [INFO] USER:sanne_sanjana sync_processor.py:53:sync_project_state LOG: Project state file has been successfully synced
2025-03-12 11:38:07,015 [INFO] USER:sanne_sanjana helper.py:658:check_lambda_name LOG: Validating lambda name: 'sqs_handler'
2025-03-12 11:38:07,015 [INFO] USER:sanne_sanjana helper.py:673:check_lambda_name LOG: Lambda name: 'sqs_handler' passed the validation
2025-03-12 11:38:07,015 [INFO] USER:sanne_sanjana helper.py:647:resolve_project_path LOG: Parameter: 'project_path' wasn't specified. Getting automatically
2025-03-12 11:38:07,015 [INFO] USER:sanne_sanjana helper.py:651:resolve_project_path LOG: Path: 'C:/Users/sanne_sanjana/Desktop/AWS' was assigned to the parameter: 'project_path'
2025-03-12 11:38:07,016 [INFO] USER:sanne_sanjana generate.py:116:lambda_function LOG: Lambda names: ('sqs_handler',)
2025-03-12 11:38:07,016 [INFO] USER:sanne_sanjana generate.py:117:lambda_function LOG: Runtime: java
2025-03-12 11:38:07,016 [INFO] USER:sanne_sanjana generate.py:118:lambda_function LOG: Project path: C:/Users/sanne_sanjana/Desktop/AWS
2025-03-12 11:38:07,028 [INFO] USER:sanne_sanjana project.py:97:_generate_java_project_hierarchy LOG: Pom file inside C:/Users/sanne_sanjana/Desktop/AWS already exists
2025-03-12 11:39:19,002 [INFO] USER:sanne_sanjana handlers.py:106:syndicate LOG: Configuration used: C:\Users\sanne_sanjana\Desktop\AWS\.syndicate-config-dev
2025-03-12 11:39:21,227 [INFO] USER:sanne_sanjana processor.py:143:_prepare_bucket_view LOG: Viewing complement, URIBucketView, has been found, setting up the raw data.
2025-03-12 11:39:22,685 [INFO] USER:sanne_sanjana project_state.py:122:get_remote LOG: Unsafely loaded project state file from S3 bucket. The retrieved object has type: dict
2025-03-12 11:39:22,685 [INFO] USER:sanne_sanjana project_state.py:127:get_remote LOG: Made ProjectState object from the dict loaded from S3 bucket
2025-03-12 11:39:23,109 [INFO] USER:sanne_sanjana sync_processor.py:53:sync_project_state LOG: Project state file has been successfully synced
2025-03-12 11:39:23,110 [INFO] USER:sanne_sanjana helper.py:658:check_lambda_name LOG: Validating lambda name: 'sqs_handler'
2025-03-12 11:39:23,110 [INFO] USER:sanne_sanjana helper.py:673:check_lambda_name LOG: Lambda name: 'sqs_handler' passed the validation
2025-03-12 11:39:23,110 [INFO] USER:sanne_sanjana helper.py:647:resolve_project_path LOG: Parameter: 'project_path' wasn't specified. Getting automatically
2025-03-12 11:39:23,112 [INFO] USER:sanne_sanjana helper.py:651:resolve_project_path LOG: Path: 'C:/Users/sanne_sanjana/Desktop/AWS' was assigned to the parameter: 'project_path'
2025-03-12 11:39:23,113 [INFO] USER:sanne_sanjana generate.py:116:lambda_function LOG: Lambda names: ('sqs_handler',)
2025-03-12 11:39:23,113 [INFO] USER:sanne_sanjana generate.py:117:lambda_function LOG: Runtime: java
2025-03-12 11:39:23,113 [INFO] USER:sanne_sanjana generate.py:118:lambda_function LOG: Project path: C:/Users/sanne_sanjana/Desktop/AWS
2025-03-12 11:39:23,128 [INFO] USER:sanne_sanjana project.py:97:_generate_java_project_hierarchy LOG: Pom file inside C:/Users/sanne_sanjana/Desktop/AWS already exists
2025-03-12 11:39:41,476 [INFO] USER:sanne_sanjana lambda_function.py:346:_generate_java_lambdas LOG: Creating of sqs_handler has been canceled.
2025-03-12 11:39:41,487 [INFO] USER:sanne_sanjana helper.py:330:timed LOG: Stage lambda_function, elapsed time: 0:00:18.374551
2025-03-12 11:39:52,632 [INFO] USER:sanne_sanjana handlers.py:106:syndicate LOG: Configuration used: C:\Users\sanne_sanjana\Desktop\AWS\.syndicate-config-dev
2025-03-12 11:39:54,876 [INFO] USER:sanne_sanjana processor.py:143:_prepare_bucket_view LOG: Viewing complement, URIBucketView, has been found, setting up the raw data.
2025-03-12 11:39:56,486 [INFO] USER:sanne_sanjana project_state.py:122:get_remote LOG: Unsafely loaded project state file from S3 bucket. The retrieved object has type: dict
2025-03-12 11:39:56,486 [INFO] USER:sanne_sanjana project_state.py:127:get_remote LOG: Made ProjectState object from the dict loaded from S3 bucket
2025-03-12 11:39:56,873 [INFO] USER:sanne_sanjana sync_processor.py:53:sync_project_state LOG: Project state file has been successfully synced
2025-03-12 11:39:56,874 [INFO] USER:sanne_sanjana helper.py:658:check_lambda_name LOG: Validating lambda name: 'sqs_handler'
2025-03-12 11:39:56,874 [INFO] USER:sanne_sanjana helper.py:673:check_lambda_name LOG: Lambda name: 'sqs_handler' passed the validation
2025-03-12 11:39:56,875 [INFO] USER:sanne_sanjana helper.py:647:resolve_project_path LOG: Parameter: 'project_path' wasn't specified. Getting automatically
2025-03-12 11:39:56,875 [INFO] USER:sanne_sanjana helper.py:651:resolve_project_path LOG: Path: 'C:/Users/sanne_sanjana/Desktop/AWS' was assigned to the parameter: 'project_path'
2025-03-12 11:39:56,876 [INFO] USER:sanne_sanjana generate.py:116:lambda_function LOG: Lambda names: ('sqs_handler',)
2025-03-12 11:39:56,876 [INFO] USER:sanne_sanjana generate.py:117:lambda_function LOG: Runtime: java
2025-03-12 11:39:56,877 [INFO] USER:sanne_sanjana generate.py:118:lambda_function LOG: Project path: C:/Users/sanne_sanjana/Desktop/AWS
2025-03-12 11:39:56,893 [INFO] USER:sanne_sanjana project.py:97:_generate_java_project_hierarchy LOG: Pom file inside C:/Users/sanne_sanjana/Desktop/AWS already exists
2025-03-12 11:40:48,877 [INFO] USER:sanne_sanjana handlers.py:106:syndicate LOG: Configuration used: C:\Users\sanne_sanjana\Desktop\AWS\.syndicate-config-dev
2025-03-12 11:40:51,095 [INFO] USER:sanne_sanjana processor.py:143:_prepare_bucket_view LOG: Viewing complement, URIBucketView, has been found, setting up the raw data.
2025-03-12 11:40:52,408 [INFO] USER:sanne_sanjana project_state.py:122:get_remote LOG: Unsafely loaded project state file from S3 bucket. The retrieved object has type: dict
2025-03-12 11:40:52,408 [INFO] USER:sanne_sanjana project_state.py:127:get_remote LOG: Made ProjectState object from the dict loaded from S3 bucket
2025-03-12 11:40:52,798 [INFO] USER:sanne_sanjana sync_processor.py:53:sync_project_state LOG: Project state file has been successfully synced
2025-03-12 11:41:03,998 [INFO] USER:sanne_sanjana handlers.py:106:syndicate LOG: Configuration used: C:\Users\sanne_sanjana\Desktop\AWS\.syndicate-config-dev
2025-03-12 11:41:06,221 [INFO] USER:sanne_sanjana processor.py:143:_prepare_bucket_view LOG: Viewing complement, URIBucketView, has been found, setting up the raw data.
2025-03-12 11:41:07,668 [INFO] USER:sanne_sanjana project_state.py:122:get_remote LOG: Unsafely loaded project state file from S3 bucket. The retrieved object has type: dict
2025-03-12 11:41:07,669 [INFO] USER:sanne_sanjana project_state.py:127:get_remote LOG: Made ProjectState object from the dict loaded from S3 bucket
2025-03-12 11:41:08,029 [INFO] USER:sanne_sanjana sync_processor.py:53:sync_project_state LOG: Project state file has been successfully synced
2025-03-12 11:41:08,030 [INFO] USER:sanne_sanjana helper.py:658:check_lambda_name LOG: Validating lambda name: 'sqs_handler'
2025-03-12 11:41:08,030 [INFO] USER:sanne_sanjana helper.py:673:check_lambda_name LOG: Lambda name: 'sqs_handler' passed the validation
2025-03-12 11:41:08,030 [INFO] USER:sanne_sanjana helper.py:647:resolve_project_path LOG: Parameter: 'project_path' wasn't specified. Getting automatically
2025-03-12 11:41:08,031 [INFO] USER:sanne_sanjana helper.py:651:resolve_project_path LOG: Path: 'C:/Users/sanne_sanjana/Desktop/AWS' was assigned to the parameter: 'project_path'
2025-03-12 11:41:08,032 [INFO] USER:sanne_sanjana generate.py:116:lambda_function LOG: Lambda names: ('sqs_handler',)
2025-03-12 11:41:08,032 [INFO] USER:sanne_sanjana generate.py:117:lambda_function LOG: Runtime: java
2025-03-12 11:41:08,032 [INFO] USER:sanne_sanjana generate.py:118:lambda_function LOG: Project path: C:/Users/sanne_sanjana/Desktop/AWS
2025-03-12 11:41:08,046 [INFO] USER:sanne_sanjana project.py:97:_generate_java_project_hierarchy LOG: Pom file inside C:/Users/sanne_sanjana/Desktop/AWS already exists
2025-03-12 11:42:51,210 [INFO] USER:sanne_sanjana lambda_function.py:346:_generate_java_lambdas LOG: Creating of sqs_handler has been canceled.
2025-03-12 11:42:51,223 [INFO] USER:sanne_sanjana helper.py:330:timed LOG: Stage lambda_function, elapsed time: 0:01:43.191817
